EDA Netlist Writer report for Counter_using_PLL
Sun Apr 27 18:13:13 2014
Quartus II 32-bit Version 12.1 Build 177 11/07/2012 SJ Web Edition


---------------------
; Table of Contents ;
---------------------
  1. Legal Notice
  2. EDA Netlist Writer Summary
  3. Simulation Settings
  4. Simulation Generated Files
  5. EDA Netlist Writer Messages



----------------
; Legal Notice ;
----------------
Copyright (C) 1991-2012 Altera Corporation
Your use of Altera Corporation's design tools, logic functions 
and other software and tools, and its AMPP partner logic 
functions, and any output files from any of the foregoing 
(including device programming or simulation files), and any 
associated documentation or information are expressly subject 
to the terms and conditions of the Altera Program License 
Subscription Agreement, Altera MegaCore Function License 
Agreement, or other applicable license agreement, including, 
without limitation, that your use is for the sole purpose of 
programming logic devices manufactured by Altera and sold by 
Altera or its authorized distributors.  Please refer to the 
applicable agreement for further details.



+-------------------------------------------------------------------+
; EDA Netlist Writer Summary                                        ;
+---------------------------+---------------------------------------+
; EDA Netlist Writer Status ; Successful - Sun Apr 27 18:13:13 2014 ;
; Revision Name             ; Counter_using_PLL                     ;
; Top-level Entity Name     ; CounterEnvelope                       ;
; Family                    ; Cyclone II                            ;
; Simulation Files Creation ; Successful                            ;
+---------------------------+---------------------------------------+


+----------------------------------------------------------------------------------------------------------------------------+
; Simulation Settings                                                                                                        ;
+---------------------------------------------------------------------------------------------------+------------------------+
; Option                                                                                            ; Setting                ;
+---------------------------------------------------------------------------------------------------+------------------------+
; Tool Name                                                                                         ; ModelSim-Altera (VHDL) ;
; Generate netlist for functional simulation only                                                   ; Off                    ;
; Time scale                                                                                        ; 1 ps                   ;
; Truncate long hierarchy paths                                                                     ; Off                    ;
; Map illegal HDL characters                                                                        ; Off                    ;
; Flatten buses into individual nodes                                                               ; Off                    ;
; Maintain hierarchy                                                                                ; Off                    ;
; Bring out device-wide set/reset signals as ports                                                  ; Off                    ;
; Enable glitch filtering                                                                           ; Off                    ;
; Do not write top level VHDL entity                                                                ; Off                    ;
; Disable detection of setup and hold time violations in the input registers of bi-directional pins ; Off                    ;
; Architecture name in VHDL output netlist                                                          ; structure              ;
; Generate third-party EDA tool command script for RTL functional simulation                        ; Off                    ;
; Generate third-party EDA tool command script for gate-level simulation                            ; Off                    ;
+---------------------------------------------------------------------------------------------------+------------------------+


+-----------------------------------------------------------------------------------------------------------------------------------------------------+
; Simulation Generated Files                                                                                                                          ;
+-----------------------------------------------------------------------------------------------------------------------------------------------------+
; Generated Files                                                                                                                                     ;
+-----------------------------------------------------------------------------------------------------------------------------------------------------+
; D:/8) Altera/CPU CE MARCH 2013/LABs/LAB2 - FPGA,Quartus/LAB2 Exercise/Part 2 - Counter using PLL/simulation/modelsim/Counter_using_PLL.vho          ;
; D:/8) Altera/CPU CE MARCH 2013/LABs/LAB2 - FPGA,Quartus/LAB2 Exercise/Part 2 - Counter using PLL/simulation/modelsim/Counter_using_PLL_fast.vho     ;
; D:/8) Altera/CPU CE MARCH 2013/LABs/LAB2 - FPGA,Quartus/LAB2 Exercise/Part 2 - Counter using PLL/simulation/modelsim/Counter_using_PLL_vhd.sdo      ;
; D:/8) Altera/CPU CE MARCH 2013/LABs/LAB2 - FPGA,Quartus/LAB2 Exercise/Part 2 - Counter using PLL/simulation/modelsim/Counter_using_PLL_vhd_fast.sdo ;
+-----------------------------------------------------------------------------------------------------------------------------------------------------+


+-----------------------------+
; EDA Netlist Writer Messages ;
+-----------------------------+
Info: *******************************************************************
Info: Running Quartus II 32-bit EDA Netlist Writer
    Info: Version 12.1 Build 177 11/07/2012 SJ Web Edition
    Info: Processing started: Sun Apr 27 18:13:12 2014
Info: Command: quartus_eda --read_settings_files=off --write_settings_files=off Counter_using_PLL -c Counter_using_PLL
Info (204026): Generated files "Counter_using_PLL.vho", "Counter_using_PLL_fast.vho", "Counter_using_PLL_vhd.sdo" and "Counter_using_PLL_vhd_fast.sdo" in directory "D:/8) Altera/CPU CE MARCH 2013/LABs/LAB2 - FPGA,Quartus/LAB2 Exercise/Part 2 - Counter using PLL/simulation/modelsim/" for EDA simulation tool
Info: Quartus II 32-bit EDA Netlist Writer was successful. 0 errors, 0 warnings
    Info: Peak virtual memory: 310 megabytes
    Info: Processing ended: Sun Apr 27 18:13:13 2014
    Info: Elapsed time: 00:00:01
    Info: Total CPU time (on all processors): 00:00:01


