Flow report for Counter_using_PLL
Sun Apr 27 18:13:13 2014
Quartus II 32-bit Version 12.1 Build 177 11/07/2012 SJ Web Edition


---------------------
; Table of Contents ;
---------------------
  1. Legal Notice
  2. Flow Summary
  3. Flow Settings
  4. Flow Non-Default Global Settings
  5. Flow Elapsed Time
  6. Flow OS Summary
  7. Flow Log



----------------
; Legal Notice ;
----------------
Copyright (C) 1991-2012 Altera Corporation
Your use of Altera Corporation's design tools, logic functions 
and other software and tools, and its AMPP partner logic 
functions, and any output files from any of the foregoing 
(including device programming or simulation files), and any 
associated documentation or information are expressly subject 
to the terms and conditions of the Altera Program License 
Subscription Agreement, Altera MegaCore Function License 
Agreement, or other applicable license agreement, including, 
without limitation, that your use is for the sole purpose of 
programming logic devices manufactured by Altera and sold by 
Altera or its authorized distributors.  Please refer to the 
applicable agreement for further details.



+-------------------------------------------------------------------------------+
; Flow Summary                                                                  ;
+------------------------------------+------------------------------------------+
; Flow Status                        ; Successful - Sun Apr 27 18:13:13 2014    ;
; Quartus II 32-bit Version          ; 12.1 Build 177 11/07/2012 SJ Web Edition ;
; Revision Name                      ; Counter_using_PLL                        ;
; Top-level Entity Name              ; CounterEnvelope                          ;
; Family                             ; Cyclone II                               ;
; Device                             ; EP2C20F484C7                             ;
; Timing Models                      ; Final                                    ;
; Total logic elements               ; 32 / 18,752 ( < 1 % )                    ;
;     Total combinational functions  ; 32 / 18,752 ( < 1 % )                    ;
;     Dedicated logic registers      ; 32 / 18,752 ( < 1 % )                    ;
; Total registers                    ; 32                                       ;
; Total pins                         ; 10 / 315 ( 3 % )                         ;
; Total virtual pins                 ; 0                                        ;
; Total memory bits                  ; 0 / 239,616 ( 0 % )                      ;
; Embedded Multiplier 9-bit elements ; 0 / 52 ( 0 % )                           ;
; Total PLLs                         ; 1 / 4 ( 25 % )                           ;
+------------------------------------+------------------------------------------+


+-----------------------------------------+
; Flow Settings                           ;
+-------------------+---------------------+
; Option            ; Setting             ;
+-------------------+---------------------+
; Start date & time ; 04/27/2014 18:12:58 ;
; Main task         ; Compilation         ;
; Revision Name     ; Counter_using_PLL   ;
+-------------------+---------------------+


+------------------------------------------------------------------------------------------------------------------------------+
; Flow Non-Default Global Settings                                                                                             ;
+-------------------------------------+---------------------------------+-------------------+-----------------+----------------+
; Assignment Name                     ; Value                           ; Default Value     ; Entity Name     ; Section Id     ;
+-------------------------------------+---------------------------------+-------------------+-----------------+----------------+
; COMPILER_SIGNATURE_ID               ; 247087951605961.139861157806444 ; --                ; --              ; --             ;
; EDA_OUTPUT_DATA_FORMAT              ; Vhdl                            ; --                ; --              ; eda_simulation ;
; EDA_SIMULATION_TOOL                 ; ModelSim-Altera (VHDL)          ; <None>            ; --              ; --             ;
; IP_TOOL_NAME                        ; ALTPLL                          ; --                ; --              ; --             ;
; IP_TOOL_VERSION                     ; 12.1                            ; --                ; --              ; --             ;
; MAX_CORE_JUNCTION_TEMP              ; 85                              ; --                ; --              ; --             ;
; MIN_CORE_JUNCTION_TEMP              ; 0                               ; --                ; --              ; --             ;
; MISC_FILE                           ; PLL.cmp                         ; --                ; --              ; --             ;
; MISC_FILE                           ; PLL.ppf                         ; --                ; --              ; --             ;
; PARTITION_COLOR                     ; 16764057                        ; --                ; CounterEnvelope ; Top            ;
; PARTITION_FITTER_PRESERVATION_LEVEL ; PLACEMENT_AND_ROUTING           ; --                ; CounterEnvelope ; Top            ;
; PARTITION_NETLIST_TYPE              ; SOURCE                          ; --                ; CounterEnvelope ; Top            ;
; PROJECT_OUTPUT_DIRECTORY            ; output_files                    ; --                ; --              ; --             ;
; TOP_LEVEL_ENTITY                    ; CounterEnvelope                 ; Counter_using_PLL ; --              ; --             ;
+-------------------------------------+---------------------------------+-------------------+-----------------+----------------+


+-------------------------------------------------------------------------------------------------------------------------------+
; Flow Elapsed Time                                                                                                             ;
+---------------------------+--------------+-------------------------+---------------------+------------------------------------+
; Module Name               ; Elapsed Time ; Average Processors Used ; Peak Virtual Memory ; Total CPU Time (on all processors) ;
+---------------------------+--------------+-------------------------+---------------------+------------------------------------+
; Analysis & Synthesis      ; 00:00:02     ; 1.0                     ; 368 MB              ; 00:00:02                           ;
; Fitter                    ; 00:00:03     ; 1.0                     ; 457 MB              ; 00:00:04                           ;
; Assembler                 ; 00:00:02     ; 1.0                     ; 343 MB              ; 00:00:02                           ;
; TimeQuest Timing Analyzer ; 00:00:02     ; 1.0                     ; 339 MB              ; 00:00:02                           ;
; EDA Netlist Writer        ; 00:00:01     ; 1.0                     ; 298 MB              ; 00:00:01                           ;
; Total                     ; 00:00:10     ; --                      ; --                  ; 00:00:11                           ;
+---------------------------+--------------+-------------------------+---------------------+------------------------------------+


+----------------------------------------------------------------------------------------+
; Flow OS Summary                                                                        ;
+---------------------------+------------------+-----------+------------+----------------+
; Module Name               ; Machine Hostname ; OS Name   ; OS Version ; Processor type ;
+---------------------------+------------------+-----------+------------+----------------+
; Analysis & Synthesis      ; Han-PC           ; Windows 7 ; 6.1        ; i686           ;
; Fitter                    ; Han-PC           ; Windows 7 ; 6.1        ; i686           ;
; Assembler                 ; Han-PC           ; Windows 7 ; 6.1        ; i686           ;
; TimeQuest Timing Analyzer ; Han-PC           ; Windows 7 ; 6.1        ; i686           ;
; EDA Netlist Writer        ; Han-PC           ; Windows 7 ; 6.1        ; i686           ;
+---------------------------+------------------+-----------+------------+----------------+


------------
; Flow Log ;
------------
quartus_map --read_settings_files=on --write_settings_files=off Counter_using_PLL -c Counter_using_PLL
quartus_fit --read_settings_files=off --write_settings_files=off Counter_using_PLL -c Counter_using_PLL
quartus_asm --read_settings_files=off --write_settings_files=off Counter_using_PLL -c Counter_using_PLL
quartus_sta Counter_using_PLL -c Counter_using_PLL
quartus_eda --read_settings_files=off --write_settings_files=off Counter_using_PLL -c Counter_using_PLL



