IP Upgrade report for pre_accelerators
Sun Sep  1 15:00:28 2024
Quartus Prime Version 21.1.0 Build 842 10/21/2021 SJ Lite Edition


---------------------
; Table of Contents ;
---------------------
  1. Legal Notice
  2. IP Upgrade Summary
  3. Failed Upgrade IP Components
  4. IP Upgrade Messages



----------------
; Legal Notice ;
----------------
Copyright (C) 2021  Intel Corporation. All rights reserved.
Your use of Intel Corporation's design tools, logic functions 
and other software and tools, and any partner logic 
functions, and any output files from any of the foregoing 
(including device programming or simulation files), and any 
associated documentation or information are expressly subject 
to the terms and conditions of the Intel Program License 
Subscription Agreement, the Intel Quartus Prime License Agreement,
the Intel FPGA IP License Agreement, or other applicable license
agreement, including, without limitation, that your use is for
the sole purpose of programming logic devices manufactured by
Intel and sold by Intel or its authorized distributors.  Please
refer to the applicable agreement for further details, at
https://fpgasoftware.intel.com/eula.



+----------------------------------------------------------------------------+
; IP Upgrade Summary                                                         ;
+------------------------------+---------------------------------------------+
; IP Components Upgrade Status ; Failed - Sun Sep  1 15:00:28 2024           ;
; Quartus Prime Version        ; 21.1.0 Build 842 10/21/2021 SJ Lite Edition ;
; Revision Name                ; pre_accelerators                            ;
; Top-level Entity Name        ; MCU                                         ;
; Family                       ; Cyclone V                                   ;
+------------------------------+---------------------------------------------+


+------------------------------------------------------------------------------------------------------------------------------------------------------------------+
; Failed Upgrade IP Components                                                                                                                                     ;
+-------------+----------------+---------+-----------------------+-----------------------+-----------------+-------------------------------------------------------+
; Entity Name ; Component Name ; Version ; Original Source File  ; Generation File Path  ; New Source File ; Message                                               ;
+-------------+----------------+---------+-----------------------+-----------------------+-----------------+-------------------------------------------------------+
; PLL         ; ALTPLL         ; 12.1    ; ../hanans pll/PLL.qip ; ../hanans pll/PLL.vhd ;                 ; Error upgrading IP component "../hanans pll/PLL.vhd". ;
+-------------+----------------+---------+-----------------------+-----------------------+-----------------+-------------------------------------------------------+


+---------------------+
; IP Upgrade Messages ;
+---------------------+
Info (11902): Backing up file "../hanans pll/PLL.vhd" to "../hanans pll/PLL.BAK.vhd"
Info (11837): Started upgrading IP component ALTPLL with file "../hanans pll/PLL.vhd"
Info (11904): Restoring file "../hanans pll/PLL.BAK.vhd" to "../hanans pll/PLL.vhd"
Error (14921): Error upgrading IP component "../hanans pll/PLL.vhd".
Error (11133): IP component ALTPLL with file "../hanans pll/PLL.vhd" upgrade failed
Error (11889): IP component upgrade failed
Error (23031): Evaluation of Tcl script c:/intelfpga_lite/21.1/quartus/common/tcl/internal/ip_regen/ip_regen.tcl unsuccessful
Error: Quartus Prime Shell was unsuccessful. 4 errors, 0 warnings
    Error: Peak virtual memory: 4890 megabytes
    Error: Processing ended: Sun Sep  1 15:00:28 2024
    Error: Elapsed time: 00:00:10
    Error: Total CPU time (on all processors): 00:00:15


