Analysis & Synthesis report for lab4
Sat Jul 06 14:06:17 2024
Quartus II 64-Bit Version 13.1.0 Build 162 10/23/2013 SJ Web Edition


---------------------
; Table of Contents ;
---------------------
  1. Legal Notice
  2. Analysis & Synthesis Summary
  3. Analysis & Synthesis Settings
  4. Parallel Compilation
  5. Analysis & Synthesis Source Files Read
  6. Analysis & Synthesis Resource Usage Summary
  7. Analysis & Synthesis Resource Utilization by Entity
  8. User-Specified and Inferred Latches
  9. General Register Statistics
 10. Multiplexer Restructuring Statistics (Restructuring Performed)
 11. Parameter Settings for User Entity Instance: Top-level Entity: |TopIO_Interface
 12. Parameter Settings for User Entity Instance: top:TOPModule
 13. Parameter Settings for User Entity Instance: top:TOPModule|AdderSub:AdderSub_inst
 14. Parameter Settings for User Entity Instance: top:TOPModule|Shifter:Shifter_inst
 15. Parameter Settings for User Entity Instance: top:TOPModule|Logic:Logic_inst
 16. Parameter Settings for User Entity Instance: top:TOPModule|PWM:PWM_inst
 17. Port Connectivity Checks: "top:TOPModule"
 18. Elapsed Time Per Partition
 19. Analysis & Synthesis Messages



----------------
; Legal Notice ;
----------------
Copyright (C) 1991-2013 Altera Corporation
Your use of Altera Corporation's design tools, logic functions 
and other software and tools, and its AMPP partner logic 
functions, and any output files from any of the foregoing 
(including device programming or simulation files), and any 
associated documentation or information are expressly subject 
to the terms and conditions of the Altera Program License 
Subscription Agreement, Altera MegaCore Function License 
Agreement, or other applicable license agreement, including, 
without limitation, that your use is for the sole purpose of 
programming logic devices manufactured by Altera and sold by 
Altera or its authorized distributors.  Please refer to the 
applicable agreement for further details.



+------------------------------------------------------------------------------+
; Analysis & Synthesis Summary                                                 ;
+---------------------------------+--------------------------------------------+
; Analysis & Synthesis Status     ; Successful - Sat Jul 06 14:06:17 2024      ;
; Quartus II 64-Bit Version       ; 13.1.0 Build 162 10/23/2013 SJ Web Edition ;
; Revision Name                   ; lab4                                       ;
; Top-level Entity Name           ; TopIO_Interface                            ;
; Family                          ; Cyclone V                                  ;
; Logic utilization (in ALMs)     ; N/A                                        ;
; Total registers                 ; 11                                         ;
; Total pins                      ; 67                                         ;
; Total virtual pins              ; 0                                          ;
; Total block memory bits         ; 0                                          ;
; Total DSP Blocks                ; 0                                          ;
; Total HSSI RX PCSs              ; 0                                          ;
; Total HSSI PMA RX Deserializers ; 0                                          ;
; Total HSSI TX PCSs              ; 0                                          ;
; Total HSSI TX Channels          ; 0                                          ;
; Total PLLs                      ; 0                                          ;
; Total DLLs                      ; 0                                          ;
+---------------------------------+--------------------------------------------+


+---------------------------------------------------------------------------------------------------------------------------+
; Analysis & Synthesis Settings                                                                                             ;
+---------------------------------------------------------------------------------+--------------------+--------------------+
; Option                                                                          ; Setting            ; Default Value      ;
+---------------------------------------------------------------------------------+--------------------+--------------------+
; Device                                                                          ; 5CSXFC6D6F31C6     ;                    ;
; Top-level entity name                                                           ; TopIO_Interface    ; lab4               ;
; Family name                                                                     ; Cyclone V          ; Cyclone IV GX      ;
; Use smart compilation                                                           ; Off                ; Off                ;
; Enable parallel Assembler and TimeQuest Timing Analyzer during compilation      ; On                 ; On                 ;
; Enable compact report table                                                     ; Off                ; Off                ;
; Restructure Multiplexers                                                        ; Auto               ; Auto               ;
; MLAB Add Timing Constraints For Mixed-Port Feed-Through Mode Setting Don't Care ; Off                ; Off                ;
; Create Debugging Nodes for IP Cores                                             ; Off                ; Off                ;
; Preserve fewer node names                                                       ; On                 ; On                 ;
; Disable OpenCore Plus hardware evaluation                                       ; Off                ; Off                ;
; Verilog Version                                                                 ; Verilog_2001       ; Verilog_2001       ;
; VHDL Version                                                                    ; VHDL_1993          ; VHDL_1993          ;
; State Machine Processing                                                        ; Auto               ; Auto               ;
; Safe State Machine                                                              ; Off                ; Off                ;
; Extract Verilog State Machines                                                  ; On                 ; On                 ;
; Extract VHDL State Machines                                                     ; On                 ; On                 ;
; Ignore Verilog initial constructs                                               ; Off                ; Off                ;
; Iteration limit for constant Verilog loops                                      ; 5000               ; 5000               ;
; Iteration limit for non-constant Verilog loops                                  ; 250                ; 250                ;
; Add Pass-Through Logic to Inferred RAMs                                         ; On                 ; On                 ;
; Infer RAMs from Raw Logic                                                       ; On                 ; On                 ;
; Parallel Synthesis                                                              ; On                 ; On                 ;
; DSP Block Balancing                                                             ; Auto               ; Auto               ;
; NOT Gate Push-Back                                                              ; On                 ; On                 ;
; Power-Up Don't Care                                                             ; On                 ; On                 ;
; Remove Redundant Logic Cells                                                    ; Off                ; Off                ;
; Remove Duplicate Registers                                                      ; On                 ; On                 ;
; Ignore CARRY Buffers                                                            ; Off                ; Off                ;
; Ignore CASCADE Buffers                                                          ; Off                ; Off                ;
; Ignore GLOBAL Buffers                                                           ; Off                ; Off                ;
; Ignore ROW GLOBAL Buffers                                                       ; Off                ; Off                ;
; Ignore LCELL Buffers                                                            ; Off                ; Off                ;
; Ignore SOFT Buffers                                                             ; On                 ; On                 ;
; Limit AHDL Integers to 32 Bits                                                  ; Off                ; Off                ;
; Optimization Technique                                                          ; Balanced           ; Balanced           ;
; Carry Chain Length                                                              ; 70                 ; 70                 ;
; Auto Carry Chains                                                               ; On                 ; On                 ;
; Auto Open-Drain Pins                                                            ; On                 ; On                 ;
; Perform WYSIWYG Primitive Resynthesis                                           ; Off                ; Off                ;
; Auto ROM Replacement                                                            ; On                 ; On                 ;
; Auto RAM Replacement                                                            ; On                 ; On                 ;
; Auto DSP Block Replacement                                                      ; On                 ; On                 ;
; Auto Shift Register Replacement                                                 ; Auto               ; Auto               ;
; Allow Shift Register Merging across Hierarchies                                 ; Auto               ; Auto               ;
; Auto Clock Enable Replacement                                                   ; On                 ; On                 ;
; Strict RAM Replacement                                                          ; Off                ; Off                ;
; Allow Synchronous Control Signals                                               ; On                 ; On                 ;
; Force Use of Synchronous Clear Signals                                          ; Off                ; Off                ;
; Auto Resource Sharing                                                           ; Off                ; Off                ;
; Allow Any RAM Size For Recognition                                              ; Off                ; Off                ;
; Allow Any ROM Size For Recognition                                              ; Off                ; Off                ;
; Allow Any Shift Register Size For Recognition                                   ; Off                ; Off                ;
; Use LogicLock Constraints during Resource Balancing                             ; On                 ; On                 ;
; Ignore translate_off and synthesis_off directives                               ; Off                ; Off                ;
; Timing-Driven Synthesis                                                         ; On                 ; On                 ;
; Report Parameter Settings                                                       ; On                 ; On                 ;
; Report Source Assignments                                                       ; On                 ; On                 ;
; Report Connectivity Checks                                                      ; On                 ; On                 ;
; Ignore Maximum Fan-Out Assignments                                              ; Off                ; Off                ;
; Synchronization Register Chain Length                                           ; 3                  ; 3                  ;
; PowerPlay Power Optimization                                                    ; Normal compilation ; Normal compilation ;
; HDL message level                                                               ; Level2             ; Level2             ;
; Suppress Register Optimization Related Messages                                 ; Off                ; Off                ;
; Number of Removed Registers Reported in Synthesis Report                        ; 5000               ; 5000               ;
; Number of Swept Nodes Reported in Synthesis Report                              ; 5000               ; 5000               ;
; Number of Inverted Registers Reported in Synthesis Report                       ; 100                ; 100                ;
; Clock MUX Protection                                                            ; On                 ; On                 ;
; Auto Gated Clock Conversion                                                     ; Off                ; Off                ;
; Block Design Naming                                                             ; Auto               ; Auto               ;
; SDC constraint protection                                                       ; Off                ; Off                ;
; Synthesis Effort                                                                ; Auto               ; Auto               ;
; Shift Register Replacement - Allow Asynchronous Clear Signal                    ; On                 ; On                 ;
; Pre-Mapping Resynthesis Optimization                                            ; Off                ; Off                ;
; Analysis & Synthesis Message Level                                              ; Medium             ; Medium             ;
; Disable Register Merging Across Hierarchies                                     ; Auto               ; Auto               ;
; Resource Aware Inference For Block RAM                                          ; On                 ; On                 ;
; Synthesis Seed                                                                  ; 1                  ; 1                  ;
; Automatic Parallel Synthesis                                                    ; On                 ; On                 ;
+---------------------------------------------------------------------------------+--------------------+--------------------+


Parallel compilation was disabled, but you have multiple processors available. Enable parallel compilation to reduce compilation time.
+-------------------------------------+
; Parallel Compilation                ;
+----------------------------+--------+
; Processors                 ; Number ;
+----------------------------+--------+
; Number detected on machine ; 12     ;
; Maximum allowed            ; 1      ;
+----------------------------+--------+


+--------------------------------------------------------------------------------------------------------------------------------------------------------------------------------------------------------+
; Analysis & Synthesis Source Files Read                                                                                                                                                                 ;
+---------------------------------------------------------------------------------+-----------------+-----------------+------------------------------------------------------------------------+---------+
; File Name with User-Entered Path                                                ; Used in Netlist ; File Type       ; File Name with Absolute Path                                           ; Library ;
+---------------------------------------------------------------------------------+-----------------+-----------------+------------------------------------------------------------------------+---------+
; ../../../../Users/user/Documents/GitHub/Arch-Lab-/lab 4/DUT/TopIO_Interface.vhd ; yes             ; User VHDL File  ; C:/Users/user/Documents/GitHub/Arch-Lab-/lab 4/DUT/TopIO_Interface.vhd ;         ;
; ../../../../Users/user/Documents/GitHub/Arch-Lab-/lab 4/DUT/top.vhd             ; yes             ; User VHDL File  ; C:/Users/user/Documents/GitHub/Arch-Lab-/lab 4/DUT/top.vhd             ;         ;
; ../../../../Users/user/Documents/GitHub/Arch-Lab-/lab 4/DUT/Shifter.vhd         ; yes             ; User VHDL File  ; C:/Users/user/Documents/GitHub/Arch-Lab-/lab 4/DUT/Shifter.vhd         ;         ;
; ../../../../Users/user/Documents/GitHub/Arch-Lab-/lab 4/DUT/Logic.vhd           ; yes             ; User VHDL File  ; C:/Users/user/Documents/GitHub/Arch-Lab-/lab 4/DUT/Logic.vhd           ;         ;
; ../../../../Users/user/Documents/GitHub/Arch-Lab-/lab 4/DUT/FA.vhd              ; yes             ; User VHDL File  ; C:/Users/user/Documents/GitHub/Arch-Lab-/lab 4/DUT/FA.vhd              ;         ;
; ../../../../Users/user/Documents/GitHub/Arch-Lab-/lab 4/DUT/aux_package.vhd     ; yes             ; User VHDL File  ; C:/Users/user/Documents/GitHub/Arch-Lab-/lab 4/DUT/aux_package.vhd     ;         ;
; ../../../../Users/user/Documents/GitHub/Arch-Lab-/lab 4/DUT/AdderSub.vhd        ; yes             ; User VHDL File  ; C:/Users/user/Documents/GitHub/Arch-Lab-/lab 4/DUT/AdderSub.vhd        ;         ;
; ../../../../Users/user/Documents/GitHub/Arch-Lab-/lab 4/DUT/PWM.vhd             ; yes             ; User VHDL File  ; C:/Users/user/Documents/GitHub/Arch-Lab-/lab 4/DUT/PWM.vhd             ;         ;
+---------------------------------------------------------------------------------+-----------------+-----------------+------------------------------------------------------------------------+---------+


+--------------------------------------------------------+
; Analysis & Synthesis Resource Usage Summary            ;
+---------------------------------------------+----------+
; Resource                                    ; Usage    ;
+---------------------------------------------+----------+
; Estimate of Logic utilization (ALMs needed) ; 127      ;
;                                             ;          ;
; Combinational ALUT usage for logic          ; 173      ;
;     -- 7 input functions                    ; 4        ;
;     -- 6 input functions                    ; 76       ;
;     -- 5 input functions                    ; 24       ;
;     -- 4 input functions                    ; 8        ;
;     -- <=3 input functions                  ; 61       ;
;                                             ;          ;
; Dedicated logic registers                   ; 11       ;
;                                             ;          ;
; I/O pins                                    ; 67       ;
; Total DSP Blocks                            ; 0        ;
; Maximum fan-out node                        ; ALUFN[3] ;
; Maximum fan-out                             ; 74       ;
; Total fan-out                               ; 935      ;
; Average fan-out                             ; 2.94     ;
+---------------------------------------------+----------+


+------------------------------------------------------------------------------------------------------------------------------------------------------------------------------------------------------------------+
; Analysis & Synthesis Resource Utilization by Entity                                                                                                                                                              ;
+--------------------------------+-------------------+--------------+-------------------+------------+------+--------------+------------------------------------------------------------------------+--------------+
; Compilation Hierarchy Node     ; LC Combinationals ; LC Registers ; Block Memory Bits ; DSP Blocks ; Pins ; Virtual Pins ; Full Hierarchy Name                                                    ; Library Name ;
+--------------------------------+-------------------+--------------+-------------------+------------+------+--------------+------------------------------------------------------------------------+--------------+
; |TopIO_Interface               ; 173 (21)          ; 11 (0)       ; 0                 ; 0          ; 67   ; 0            ; |TopIO_Interface                                                       ; work         ;
;    |top:TOPModule|             ; 152 (35)          ; 11 (0)       ; 0                 ; 0          ; 0    ; 0            ; |TopIO_Interface|top:TOPModule                                         ; work         ;
;       |AdderSub:AdderSub_inst| ; 31 (18)           ; 0 (0)        ; 0                 ; 0          ; 0    ; 0            ; |TopIO_Interface|top:TOPModule|AdderSub:AdderSub_inst                  ; work         ;
;          |FA:\rest:1:chain|    ; 1 (1)             ; 0 (0)        ; 0                 ; 0          ; 0    ; 0            ; |TopIO_Interface|top:TOPModule|AdderSub:AdderSub_inst|FA:\rest:1:chain ; work         ;
;          |FA:\rest:2:chain|    ; 1 (1)             ; 0 (0)        ; 0                 ; 0          ; 0    ; 0            ; |TopIO_Interface|top:TOPModule|AdderSub:AdderSub_inst|FA:\rest:2:chain ; work         ;
;          |FA:\rest:3:chain|    ; 2 (2)             ; 0 (0)        ; 0                 ; 0          ; 0    ; 0            ; |TopIO_Interface|top:TOPModule|AdderSub:AdderSub_inst|FA:\rest:3:chain ; work         ;
;          |FA:\rest:4:chain|    ; 3 (3)             ; 0 (0)        ; 0                 ; 0          ; 0    ; 0            ; |TopIO_Interface|top:TOPModule|AdderSub:AdderSub_inst|FA:\rest:4:chain ; work         ;
;          |FA:\rest:5:chain|    ; 1 (1)             ; 0 (0)        ; 0                 ; 0          ; 0    ; 0            ; |TopIO_Interface|top:TOPModule|AdderSub:AdderSub_inst|FA:\rest:5:chain ; work         ;
;          |FA:\rest:6:chain|    ; 2 (2)             ; 0 (0)        ; 0                 ; 0          ; 0    ; 0            ; |TopIO_Interface|top:TOPModule|AdderSub:AdderSub_inst|FA:\rest:6:chain ; work         ;
;          |FA:\rest:7:chain|    ; 1 (1)             ; 0 (0)        ; 0                 ; 0          ; 0    ; 0            ; |TopIO_Interface|top:TOPModule|AdderSub:AdderSub_inst|FA:\rest:7:chain ; work         ;
;          |FA:first|            ; 2 (2)             ; 0 (0)        ; 0                 ; 0          ; 0    ; 0            ; |TopIO_Interface|top:TOPModule|AdderSub:AdderSub_inst|FA:first         ; work         ;
;       |Logic:Logic_inst|       ; 8 (8)             ; 0 (0)        ; 0                 ; 0          ; 0    ; 0            ; |TopIO_Interface|top:TOPModule|Logic:Logic_inst                        ; work         ;
;       |PWM:PWM_inst|           ; 25 (25)           ; 11 (11)      ; 0                 ; 0          ; 0    ; 0            ; |TopIO_Interface|top:TOPModule|PWM:PWM_inst                            ; work         ;
;       |Shifter:Shifter_inst|   ; 53 (53)           ; 0 (0)        ; 0                 ; 0          ; 0    ; 0            ; |TopIO_Interface|top:TOPModule|Shifter:Shifter_inst                    ; work         ;
+--------------------------------+-------------------+--------------+-------------------+------------+------+--------------+------------------------------------------------------------------------+--------------+
Note: For table entries with two numbers listed, the numbers in parentheses indicate the number of resources of the given type used by the specific entity alone. The numbers listed outside of parentheses indicate the total resources of the given type used by the specific entity and all of its sub-entities in the hierarchy.


+----------------------------------------------------------------------------------------------------+
; User-Specified and Inferred Latches                                                                ;
+-----------------------------------------------------+---------------------+------------------------+
; Latch Name                                          ; Latch Enable Signal ; Free of Timing Hazards ;
+-----------------------------------------------------+---------------------+------------------------+
; X[0]                                                ; KEY2                ; yes                    ;
; X[1]                                                ; KEY2                ; yes                    ;
; X[2]                                                ; KEY2                ; yes                    ;
; X[3]                                                ; KEY2                ; yes                    ;
; X[4]                                                ; KEY2                ; yes                    ;
; X[5]                                                ; KEY2                ; yes                    ;
; X[6]                                                ; KEY2                ; yes                    ;
; X[7]                                                ; KEY2                ; yes                    ;
; Y[0]                                                ; KEY0                ; yes                    ;
; Y[1]                                                ; KEY0                ; yes                    ;
; Y[2]                                                ; KEY0                ; yes                    ;
; Y[3]                                                ; KEY0                ; yes                    ;
; Y[4]                                                ; KEY0                ; yes                    ;
; Y[5]                                                ; KEY0                ; yes                    ;
; Y[6]                                                ; KEY0                ; yes                    ;
; Y[7]                                                ; KEY0                ; yes                    ;
; ALUFN[3]                                            ; KEY1                ; yes                    ;
; ALUFN[4]                                            ; KEY1                ; yes                    ;
; ALUFN[1]                                            ; KEY1                ; yes                    ;
; ALUFN[2]                                            ; KEY1                ; yes                    ;
; ALUFN[0]                                            ; KEY1                ; yes                    ;
; Number of user-specified and inferred latches = 21  ;                     ;                        ;
+-----------------------------------------------------+---------------------+------------------------+
Note: All latches listed above may not be present at the end of synthesis due to various synthesis optimizations.


+------------------------------------------------------+
; General Register Statistics                          ;
+----------------------------------------------+-------+
; Statistic                                    ; Value ;
+----------------------------------------------+-------+
; Total registers                              ; 11    ;
; Number of registers using Synchronous Clear  ; 0     ;
; Number of registers using Synchronous Load   ; 0     ;
; Number of registers using Asynchronous Clear ; 8     ;
; Number of registers using Asynchronous Load  ; 0     ;
; Number of registers using Clock Enable       ; 10    ;
; Number of registers using Preset             ; 0     ;
+----------------------------------------------+-------+


+-----------------------------------------------------------------------------------------------------------------------------------------------------------------------------------------+
; Multiplexer Restructuring Statistics (Restructuring Performed)                                                                                                                          ;
+--------------------+-----------+---------------+----------------------+------------------------+------------+---------------------------------------------------------------------------+
; Multiplexer Inputs ; Bus Width ; Baseline Area ; Area if Restructured ; Saving if Restructured ; Registered ; Example Multiplexer Output                                                ;
+--------------------+-----------+---------------+----------------------+------------------------+------------+---------------------------------------------------------------------------+
; 4:1                ; 8 bits    ; 16 LEs        ; 16 LEs               ; 0 LEs                  ; No         ; |TopIO_Interface|top:TOPModule|ALUout_o[6]                                ;
; 3:1                ; 8 bits    ; 16 LEs        ; 16 LEs               ; 0 LEs                  ; No         ; |TopIO_Interface|top:TOPModule|AdderSub:AdderSub_inst|y_adderSub_gated[7] ;
; 3:1                ; 2 bits    ; 4 LEs         ; 4 LEs                ; 0 LEs                  ; No         ; |TopIO_Interface|top:TOPModule|Shifter:Shifter_inst|Mux9                  ;
; 8:1                ; 8 bits    ; 40 LEs        ; 40 LEs               ; 0 LEs                  ; No         ; |TopIO_Interface|top:TOPModule|Logic:Logic_inst|Logic_out[0]              ;
; 5:1                ; 2 bits    ; 6 LEs         ; 6 LEs                ; 0 LEs                  ; No         ; |TopIO_Interface|top:TOPModule|Shifter:Shifter_inst|Shifter_out[4]        ;
; 5:1                ; 2 bits    ; 6 LEs         ; 6 LEs                ; 0 LEs                  ; No         ; |TopIO_Interface|top:TOPModule|Shifter:Shifter_inst|Shifter_out[1]        ;
+--------------------+-----------+---------------+----------------------+------------------------+------------+---------------------------------------------------------------------------+


+---------------------------------------------------------------------------------+
; Parameter Settings for User Entity Instance: Top-level Entity: |TopIO_Interface ;
+----------------+-------+--------------------------------------------------------+
; Parameter Name ; Value ; Type                                                   ;
+----------------+-------+--------------------------------------------------------+
; HEX_num        ; 7     ; Signed Integer                                         ;
; n              ; 8     ; Signed Integer                                         ;
+----------------+-------+--------------------------------------------------------+
Note: In order to hide this table in the UI and the text report file, please set the "Show Parameter Settings in Synthesis Report" option in "Analysis and Synthesis Settings -> More Settings" to "Off".


+------------------------------------------------------------+
; Parameter Settings for User Entity Instance: top:TOPModule ;
+----------------+-------+-----------------------------------+
; Parameter Name ; Value ; Type                              ;
+----------------+-------+-----------------------------------+
; n              ; 8     ; Signed Integer                    ;
; k              ; 3     ; Signed Integer                    ;
; m              ; 4     ; Signed Integer                    ;
+----------------+-------+-----------------------------------+
Note: In order to hide this table in the UI and the text report file, please set the "Show Parameter Settings in Synthesis Report" option in "Analysis and Synthesis Settings -> More Settings" to "Off".


+-----------------------------------------------------------------------------------+
; Parameter Settings for User Entity Instance: top:TOPModule|AdderSub:AdderSub_inst ;
+----------------+-------+----------------------------------------------------------+
; Parameter Name ; Value ; Type                                                     ;
+----------------+-------+----------------------------------------------------------+
; n              ; 8     ; Signed Integer                                           ;
+----------------+-------+----------------------------------------------------------+
Note: In order to hide this table in the UI and the text report file, please set the "Show Parameter Settings in Synthesis Report" option in "Analysis and Synthesis Settings -> More Settings" to "Off".


+---------------------------------------------------------------------------------+
; Parameter Settings for User Entity Instance: top:TOPModule|Shifter:Shifter_inst ;
+----------------+-------+--------------------------------------------------------+
; Parameter Name ; Value ; Type                                                   ;
+----------------+-------+--------------------------------------------------------+
; n              ; 8     ; Signed Integer                                         ;
; k              ; 3     ; Signed Integer                                         ;
+----------------+-------+--------------------------------------------------------+
Note: In order to hide this table in the UI and the text report file, please set the "Show Parameter Settings in Synthesis Report" option in "Analysis and Synthesis Settings -> More Settings" to "Off".


+-----------------------------------------------------------------------------+
; Parameter Settings for User Entity Instance: top:TOPModule|Logic:Logic_inst ;
+----------------+-------+----------------------------------------------------+
; Parameter Name ; Value ; Type                                               ;
+----------------+-------+----------------------------------------------------+
; n              ; 8     ; Signed Integer                                     ;
; op             ; 8     ; Signed Integer                                     ;
+----------------+-------+----------------------------------------------------+
Note: In order to hide this table in the UI and the text report file, please set the "Show Parameter Settings in Synthesis Report" option in "Analysis and Synthesis Settings -> More Settings" to "Off".


+-------------------------------------------------------------------------+
; Parameter Settings for User Entity Instance: top:TOPModule|PWM:PWM_inst ;
+----------------+-------+------------------------------------------------+
; Parameter Name ; Value ; Type                                           ;
+----------------+-------+------------------------------------------------+
; n              ; 8     ; Signed Integer                                 ;
; k              ; 3     ; Signed Integer                                 ;
; m              ; 4     ; Signed Integer                                 ;
+----------------+-------+------------------------------------------------+
Note: In order to hide this table in the UI and the text report file, please set the "Show Parameter Settings in Synthesis Report" option in "Analysis and Synthesis Settings -> More Settings" to "Off".


+-------------------------------------------------------------------------------------------------------------------+
; Port Connectivity Checks: "top:TOPModule"                                                                         ;
+---------+--------+----------+-------------------------------------------------------------------------------------+
; Port    ; Type   ; Severity ; Details                                                                             ;
+---------+--------+----------+-------------------------------------------------------------------------------------+
; vflag_o ; Output ; Info     ; Connected to dangling logic. Logic that only feeds a dangling port will be removed. ;
+---------+--------+----------+-------------------------------------------------------------------------------------+


+-------------------------------+
; Elapsed Time Per Partition    ;
+----------------+--------------+
; Partition Name ; Elapsed Time ;
+----------------+--------------+
; Top            ; 00:00:00     ;
+----------------+--------------+


+-------------------------------+
; Analysis & Synthesis Messages ;
+-------------------------------+
Info: *******************************************************************
Info: Running Quartus II 64-Bit Analysis & Synthesis
    Info: Version 13.1.0 Build 162 10/23/2013 SJ Web Edition
    Info: Processing started: Sat Jul 06 14:06:15 2024
Info: Command: quartus_map --read_settings_files=on --write_settings_files=off lab4 -c lab4
Warning (20028): Parallel compilation is not licensed and has been disabled
Info (12021): Found 2 design units, including 1 entities, in source file /users/user/documents/github/arch-lab-/lab 4/dut/topio_interface.vhd
    Info (12022): Found design unit 1: TopIO_Interface-struct
    Info (12023): Found entity 1: TopIO_Interface
Info (12021): Found 2 design units, including 1 entities, in source file /users/user/documents/github/arch-lab-/lab 4/dut/top.vhd
    Info (12022): Found design unit 1: top-struct
    Info (12023): Found entity 1: top
Info (12021): Found 2 design units, including 1 entities, in source file /users/user/documents/github/arch-lab-/lab 4/dut/shifter.vhd
    Info (12022): Found design unit 1: Shifter-dataflow
    Info (12023): Found entity 1: Shifter
Info (12021): Found 2 design units, including 1 entities, in source file /users/user/documents/github/arch-lab-/lab 4/dut/logic.vhd
    Info (12022): Found design unit 1: Logic-Logic_arch
    Info (12023): Found entity 1: Logic
Info (12021): Found 2 design units, including 1 entities, in source file /users/user/documents/github/arch-lab-/lab 4/dut/fa.vhd
    Info (12022): Found design unit 1: FA-dataflow
    Info (12023): Found entity 1: FA
Info (12021): Found 2 design units, including 1 entities, in source file /users/user/documents/github/arch-lab-/lab 4/dut/counter.vhd
    Info (12022): Found design unit 1: counter-rtl
    Info (12023): Found entity 1: counter
Info (12021): Found 1 design units, including 0 entities, in source file /users/user/documents/github/arch-lab-/lab 4/dut/aux_package.vhd
    Info (12022): Found design unit 1: aux_package
Info (12021): Found 2 design units, including 1 entities, in source file /users/user/documents/github/arch-lab-/lab 4/dut/addersub.vhd
    Info (12022): Found design unit 1: AdderSub-AS_arch
    Info (12023): Found entity 1: AdderSub
Info (12021): Found 2 design units, including 1 entities, in source file /users/user/documents/github/arch-lab-/lab 4/dut/pwm.vhd
    Info (12022): Found design unit 1: PWM-PWM_MOUDLE
    Info (12023): Found entity 1: PWM
Info (12127): Elaborating entity "TopIO_Interface" for the top level hierarchy
Warning (10036): Verilog HDL or VHDL warning at TopIO_Interface.vhd(23): object "Vflag" assigned a value but never read
Warning (10492): VHDL Process Statement warning at TopIO_Interface.vhd(44): signal "SW_i" is read inside the Process Statement but isn't in the Process Statement's sensitivity list
Warning (10492): VHDL Process Statement warning at TopIO_Interface.vhd(48): signal "SW_i" is read inside the Process Statement but isn't in the Process Statement's sensitivity list
Warning (10492): VHDL Process Statement warning at TopIO_Interface.vhd(52): signal "SW_i" is read inside the Process Statement but isn't in the Process Statement's sensitivity list
Warning (10631): VHDL Process Statement warning at TopIO_Interface.vhd(40): inferring latch(es) for signal or variable "Y", which holds its previous value in one or more paths through the process
Warning (10631): VHDL Process Statement warning at TopIO_Interface.vhd(40): inferring latch(es) for signal or variable "ALUFN", which holds its previous value in one or more paths through the process
Warning (10631): VHDL Process Statement warning at TopIO_Interface.vhd(40): inferring latch(es) for signal or variable "X", which holds its previous value in one or more paths through the process
Warning (10873): Using initial value X (don't care) for net "HEX0[6..4]" at TopIO_Interface.vhd(15)
Warning (10873): Using initial value X (don't care) for net "HEX1[6..4]" at TopIO_Interface.vhd(15)
Warning (10873): Using initial value X (don't care) for net "HEX2[6..4]" at TopIO_Interface.vhd(15)
Warning (10873): Using initial value X (don't care) for net "HEX3[6..4]" at TopIO_Interface.vhd(15)
Warning (10873): Using initial value X (don't care) for net "HEX4[6..4]" at TopIO_Interface.vhd(15)
Warning (10873): Using initial value X (don't care) for net "HEX5[6..4]" at TopIO_Interface.vhd(15)
Warning (10873): Using initial value X (don't care) for net "LEDs[4..3]" at TopIO_Interface.vhd(16)
Info (10041): Inferred latch for "X[0]" at TopIO_Interface.vhd(40)
Info (10041): Inferred latch for "X[1]" at TopIO_Interface.vhd(40)
Info (10041): Inferred latch for "X[2]" at TopIO_Interface.vhd(40)
Info (10041): Inferred latch for "X[3]" at TopIO_Interface.vhd(40)
Info (10041): Inferred latch for "X[4]" at TopIO_Interface.vhd(40)
Info (10041): Inferred latch for "X[5]" at TopIO_Interface.vhd(40)
Info (10041): Inferred latch for "X[6]" at TopIO_Interface.vhd(40)
Info (10041): Inferred latch for "X[7]" at TopIO_Interface.vhd(40)
Info (10041): Inferred latch for "ALUFN[0]" at TopIO_Interface.vhd(40)
Info (10041): Inferred latch for "ALUFN[1]" at TopIO_Interface.vhd(40)
Info (10041): Inferred latch for "ALUFN[2]" at TopIO_Interface.vhd(40)
Info (10041): Inferred latch for "ALUFN[3]" at TopIO_Interface.vhd(40)
Info (10041): Inferred latch for "ALUFN[4]" at TopIO_Interface.vhd(40)
Info (10041): Inferred latch for "Y[0]" at TopIO_Interface.vhd(40)
Info (10041): Inferred latch for "Y[1]" at TopIO_Interface.vhd(40)
Info (10041): Inferred latch for "Y[2]" at TopIO_Interface.vhd(40)
Info (10041): Inferred latch for "Y[3]" at TopIO_Interface.vhd(40)
Info (10041): Inferred latch for "Y[4]" at TopIO_Interface.vhd(40)
Info (10041): Inferred latch for "Y[5]" at TopIO_Interface.vhd(40)
Info (10041): Inferred latch for "Y[6]" at TopIO_Interface.vhd(40)
Info (10041): Inferred latch for "Y[7]" at TopIO_Interface.vhd(40)
Info (12128): Elaborating entity "top" for hierarchy "top:TOPModule"
Info (12128): Elaborating entity "AdderSub" for hierarchy "top:TOPModule|AdderSub:AdderSub_inst"
Info (12128): Elaborating entity "FA" for hierarchy "top:TOPModule|AdderSub:AdderSub_inst|FA:first"
Info (12128): Elaborating entity "Shifter" for hierarchy "top:TOPModule|Shifter:Shifter_inst"
Info (12128): Elaborating entity "Logic" for hierarchy "top:TOPModule|Logic:Logic_inst"
Info (12128): Elaborating entity "PWM" for hierarchy "top:TOPModule|PWM:PWM_inst"
Warning (13024): Output pins are stuck at VCC or GND
    Warning (13410): Pin "HEX0[4]" is stuck at GND
    Warning (13410): Pin "HEX0[5]" is stuck at GND
    Warning (13410): Pin "HEX0[6]" is stuck at GND
    Warning (13410): Pin "HEX1[4]" is stuck at GND
    Warning (13410): Pin "HEX1[5]" is stuck at GND
    Warning (13410): Pin "HEX1[6]" is stuck at GND
    Warning (13410): Pin "HEX2[4]" is stuck at GND
    Warning (13410): Pin "HEX2[5]" is stuck at GND
    Warning (13410): Pin "HEX2[6]" is stuck at GND
    Warning (13410): Pin "HEX3[4]" is stuck at GND
    Warning (13410): Pin "HEX3[5]" is stuck at GND
    Warning (13410): Pin "HEX3[6]" is stuck at GND
    Warning (13410): Pin "HEX4[4]" is stuck at GND
    Warning (13410): Pin "HEX4[5]" is stuck at GND
    Warning (13410): Pin "HEX4[6]" is stuck at GND
    Warning (13410): Pin "HEX5[4]" is stuck at GND
    Warning (13410): Pin "HEX5[5]" is stuck at GND
    Warning (13410): Pin "HEX5[6]" is stuck at GND
    Warning (13410): Pin "LEDs[3]" is stuck at GND
    Warning (13410): Pin "LEDs[4]" is stuck at GND
Info (286030): Timing-Driven Synthesis is running
Info (16010): Generating hard_block partition "hard_block:auto_generated_inst"
    Info (16011): Adding 0 node(s), including 0 DDIO, 0 PLL, 0 transceiver and 0 LCELL
Info (21057): Implemented 240 device resources after synthesis - the final resource count might be different
    Info (21058): Implemented 14 input pins
    Info (21059): Implemented 53 output pins
    Info (21061): Implemented 173 logic cells
Info: Quartus II 64-Bit Analysis & Synthesis was successful. 0 errors, 36 warnings
    Info: Peak virtual memory: 4712 megabytes
    Info: Processing ended: Sat Jul 06 14:06:17 2024
    Info: Elapsed time: 00:00:02
    Info: Total CPU time (on all processors): 00:00:02


