Flow report for lab4
Wed Jul 10 13:15:19 2024
Quartus Prime Version 21.1.0 Build 842 10/21/2021 SJ Lite Edition


---------------------
; Table of Contents ;
---------------------
  1. Legal Notice
  2. Flow Summary
  3. Flow Settings
  4. Flow Non-Default Global Settings
  5. Flow Elapsed Time
  6. Flow OS Summary
  7. Flow Log
  8. Flow Messages
  9. Flow Suppressed Messages



----------------
; Legal Notice ;
----------------
Copyright (C) 2021  Intel Corporation. All rights reserved.
Your use of Intel Corporation's design tools, logic functions 
and other software and tools, and any partner logic 
functions, and any output files from any of the foregoing 
(including device programming or simulation files), and any 
associated documentation or information are expressly subject 
to the terms and conditions of the Intel Program License 
Subscription Agreement, the Intel Quartus Prime License Agreement,
the Intel FPGA IP License Agreement, or other applicable license
agreement, including, without limitation, that your use is for
the sole purpose of programming logic devices manufactured by
Intel and sold by Intel or its authorized distributors.  Please
refer to the applicable agreement for further details, at
https://fpgasoftware.intel.com/eula.



+-------------------------------------------------------------------------------+
; Flow Summary                                                                  ;
+---------------------------------+---------------------------------------------+
; Flow Status                     ; Successful - Wed Jul 10 13:15:00 2024       ;
; Quartus Prime Version           ; 21.1.0 Build 842 10/21/2021 SJ Lite Edition ;
; Revision Name                   ; lab4                                        ;
; Top-level Entity Name           ; TopIO_Interface                             ;
; Family                          ; Cyclone V                                   ;
; Device                          ; 5CSXFC6D6F31C6                              ;
; Timing Models                   ; Final                                       ;
; Logic utilization (in ALMs)     ; 481 / 41,910 ( 1 % )                        ;
; Total registers                 ; 720                                         ;
; Total pins                      ; 68 / 499 ( 14 % )                           ;
; Total virtual pins              ; 0                                           ;
; Total block memory bits         ; 1,179,648 / 5,662,720 ( 21 % )              ;
; Total DSP Blocks                ; 0 / 112 ( 0 % )                             ;
; Total HSSI RX PCSs              ; 0 / 9 ( 0 % )                               ;
; Total HSSI PMA RX Deserializers ; 0 / 9 ( 0 % )                               ;
; Total HSSI TX PCSs              ; 0 / 9 ( 0 % )                               ;
; Total HSSI PMA TX Serializers   ; 0 / 9 ( 0 % )                               ;
; Total PLLs                      ; 1 / 15 ( 7 % )                              ;
; Total DLLs                      ; 0 / 4 ( 0 % )                               ;
+---------------------------------+---------------------------------------------+


+-----------------------------------------+
; Flow Settings                           ;
+-------------------+---------------------+
; Option            ; Setting             ;
+-------------------+---------------------+
; Start date & time ; 07/10/2024 13:10:44 ;
; Main task         ; Compilation         ;
; Revision Name     ; lab4                ;
+-------------------+---------------------+


+--------------------------------------------------------------------------------------------------------------------------------------------------------------------------+
; Flow Non-Default Global Settings                                                                                                                                         ;
+-------------------------------------+-------------------------------------------------------------------------------+---------------+-----------------+------------------+
; Assignment Name                     ; Value                                                                         ; Default Value ; Entity Name     ; Section Id       ;
+-------------------------------------+-------------------------------------------------------------------------------+---------------+-----------------+------------------+
; COMPILER_SIGNATURE_ID               ; 202972271562101.172060624318612                                               ; --            ; --              ; --               ;
; ENABLE_SIGNALTAP                    ; On                                                                            ; --            ; --              ; --               ;
; MAX_CORE_JUNCTION_TEMP              ; 85                                                                            ; --            ; --              ; --               ;
; MIN_CORE_JUNCTION_TEMP              ; 0                                                                             ; --            ; --              ; --               ;
; MISC_FILE                           ; ../DUT/pll/synthesis/../pll.cmp                                               ; --            ; --              ; --               ;
; MISC_FILE                           ; ../DUT/pll/synthesis/../../pll.qsys                                           ; --            ; --              ; --               ;
; PARTITION_COLOR                     ; -- (Not supported for targeted family)                                        ; --            ; topIO_Interface ; Top              ;
; PARTITION_FITTER_PRESERVATION_LEVEL ; -- (Not supported for targeted family)                                        ; --            ; topIO_Interface ; Top              ;
; PARTITION_NETLIST_TYPE              ; -- (Not supported for targeted family)                                        ; --            ; topIO_Interface ; Top              ;
; POWER_BOARD_THERMAL_MODEL           ; None (CONSERVATIVE)                                                           ; --            ; --              ; --               ;
; POWER_PRESET_COOLING_SOLUTION       ; 23 MM HEAT SINK WITH 200 LFPM AIRFLOW                                         ; --            ; --              ; --               ;
; SLD_FILE                            ; ../DUT/pll/synthesis/pll.debuginfo                                            ; --            ; --              ; --               ;
; SLD_FILE                            ; db/stp1_auto_stripped.stp                                                     ; --            ; --              ; --               ;
; SLD_INFO                            ; QSYS_NAME pll HAS_SOPCINFO 1 GENERATION_ID 1720288215                         ; --            ; pll             ; --               ;
; SLD_NODE_CREATOR_ID                 ; 110                                                                           ; --            ; --              ; auto_signaltap_0 ;
; SLD_NODE_ENTITY_NAME                ; sld_signaltap                                                                 ; --            ; --              ; auto_signaltap_0 ;
; SLD_NODE_PARAMETER_ASSIGNMENT       ; SLD_RAM_BLOCK_TYPE=AUTO                                                       ; --            ; --              ; auto_signaltap_0 ;
; SLD_NODE_PARAMETER_ASSIGNMENT       ; SLD_DATA_BITS=9                                                               ; --            ; --              ; auto_signaltap_0 ;
; SLD_NODE_PARAMETER_ASSIGNMENT       ; SLD_TRIGGER_BITS=9                                                            ; --            ; --              ; auto_signaltap_0 ;
; SLD_NODE_PARAMETER_ASSIGNMENT       ; SLD_STORAGE_QUALIFIER_BITS=9                                                  ; --            ; --              ; auto_signaltap_0 ;
; SLD_NODE_PARAMETER_ASSIGNMENT       ; SLD_NODE_INFO=805334528                                                       ; --            ; --              ; auto_signaltap_0 ;
; SLD_NODE_PARAMETER_ASSIGNMENT       ; SLD_POWER_UP_TRIGGER=0                                                        ; --            ; --              ; auto_signaltap_0 ;
; SLD_NODE_PARAMETER_ASSIGNMENT       ; SLD_INVERSION_MASK=0000000000000000000000000000000000000000000000000000000000 ; --            ; --              ; auto_signaltap_0 ;
; SLD_NODE_PARAMETER_ASSIGNMENT       ; SLD_INVERSION_MASK_LENGTH=58                                                  ; --            ; --              ; auto_signaltap_0 ;
; SLD_NODE_PARAMETER_ASSIGNMENT       ; SLD_STORAGE_QUALIFIER_INVERSION_MASK_LENGTH=0                                 ; --            ; --              ; auto_signaltap_0 ;
; SLD_NODE_PARAMETER_ASSIGNMENT       ; SLD_SEGMENT_SIZE=131072                                                       ; --            ; --              ; auto_signaltap_0 ;
; SLD_NODE_PARAMETER_ASSIGNMENT       ; SLD_ATTRIBUTE_MEM_MODE=OFF                                                    ; --            ; --              ; auto_signaltap_0 ;
; SLD_NODE_PARAMETER_ASSIGNMENT       ; SLD_STATE_FLOW_USE_GENERATED=0                                                ; --            ; --              ; auto_signaltap_0 ;
; SLD_NODE_PARAMETER_ASSIGNMENT       ; SLD_STATE_BITS=11                                                             ; --            ; --              ; auto_signaltap_0 ;
; SLD_NODE_PARAMETER_ASSIGNMENT       ; SLD_BUFFER_FULL_STOP=1                                                        ; --            ; --              ; auto_signaltap_0 ;
; SLD_NODE_PARAMETER_ASSIGNMENT       ; SLD_CURRENT_RESOURCE_WIDTH=1                                                  ; --            ; --              ; auto_signaltap_0 ;
; SLD_NODE_PARAMETER_ASSIGNMENT       ; SLD_INCREMENTAL_ROUTING=1                                                     ; --            ; --              ; auto_signaltap_0 ;
; SLD_NODE_PARAMETER_ASSIGNMENT       ; SLD_TRIGGER_LEVEL=1                                                           ; --            ; --              ; auto_signaltap_0 ;
; SLD_NODE_PARAMETER_ASSIGNMENT       ; SLD_SAMPLE_DEPTH=131072                                                       ; --            ; --              ; auto_signaltap_0 ;
; SLD_NODE_PARAMETER_ASSIGNMENT       ; SLD_TRIGGER_IN_ENABLED=1                                                      ; --            ; --              ; auto_signaltap_0 ;
; SLD_NODE_PARAMETER_ASSIGNMENT       ; SLD_TRIGGER_PIPELINE=0                                                        ; --            ; --              ; auto_signaltap_0 ;
; SLD_NODE_PARAMETER_ASSIGNMENT       ; SLD_RAM_PIPELINE=0                                                            ; --            ; --              ; auto_signaltap_0 ;
; SLD_NODE_PARAMETER_ASSIGNMENT       ; SLD_COUNTER_PIPELINE=0                                                        ; --            ; --              ; auto_signaltap_0 ;
; SLD_NODE_PARAMETER_ASSIGNMENT       ; SLD_ADVANCED_TRIGGER_ENTITY=basic,1,                                          ; --            ; --              ; auto_signaltap_0 ;
; SLD_NODE_PARAMETER_ASSIGNMENT       ; SLD_TRIGGER_LEVEL_PIPELINE=1                                                  ; --            ; --              ; auto_signaltap_0 ;
; SLD_NODE_PARAMETER_ASSIGNMENT       ; SLD_ENABLE_ADVANCED_TRIGGER=0                                                 ; --            ; --              ; auto_signaltap_0 ;
; SOPCINFO_FILE                       ; ../DUT/pll/synthesis/../../pll.sopcinfo                                       ; --            ; --              ; --               ;
; SYNTHESIS_ONLY_QIP                  ; On                                                                            ; --            ; --              ; --               ;
; TOP_LEVEL_ENTITY                    ; topIO_Interface                                                               ; lab4          ; --              ; --               ;
; USE_SIGNALTAP_FILE                  ; stp1.stp                                                                      ; --            ; --              ; --               ;
+-------------------------------------+-------------------------------------------------------------------------------+---------------+-----------------+------------------+


+--------------------------------------------------------------------------------------------------------------------------+
; Flow Elapsed Time                                                                                                        ;
+----------------------+--------------+-------------------------+---------------------+------------------------------------+
; Module Name          ; Elapsed Time ; Average Processors Used ; Peak Virtual Memory ; Total CPU Time (on all processors) ;
+----------------------+--------------+-------------------------+---------------------+------------------------------------+
; Analysis & Synthesis ; 00:00:37     ; 1.0                     ; 4955 MB             ; 00:00:44                           ;
; Partition Merge      ; 00:00:02     ; 1.0                     ; 4770 MB             ; 00:00:01                           ;
; Fitter               ; 00:03:20     ; 1.1                     ; 6811 MB             ; 00:05:35                           ;
; Assembler            ; 00:00:11     ; 1.0                     ; 4892 MB             ; 00:00:11                           ;
; Timing Analyzer      ; 00:00:18     ; 1.5                     ; 5269 MB             ; 00:00:24                           ;
; Total                ; 00:04:28     ; --                      ; --                  ; 00:06:55                           ;
+----------------------+--------------+-------------------------+---------------------+------------------------------------+


+------------------------------------------------------------------------------------+
; Flow OS Summary                                                                    ;
+----------------------+------------------+------------+------------+----------------+
; Module Name          ; Machine Hostname ; OS Name    ; OS Version ; Processor type ;
+----------------------+------------------+------------+------------+----------------+
; Analysis & Synthesis ; DESKTOP-ROSF293  ; Windows 10 ; 10.0       ; x86_64         ;
; Partition Merge      ; DESKTOP-ROSF293  ; Windows 10 ; 10.0       ; x86_64         ;
; Fitter               ; DESKTOP-ROSF293  ; Windows 10 ; 10.0       ; x86_64         ;
; Assembler            ; DESKTOP-ROSF293  ; Windows 10 ; 10.0       ; x86_64         ;
; Timing Analyzer      ; DESKTOP-ROSF293  ; Windows 10 ; 10.0       ; x86_64         ;
+----------------------+------------------+------------+------------+----------------+


------------
; Flow Log ;
------------
quartus_map --read_settings_files=on --write_settings_files=off lab4 -c lab4
quartus_cdb --read_settings_files=off --write_settings_files=off lab4 -c lab4 --merge=on
quartus_fit --read_settings_files=off --write_settings_files=off lab4 -c lab4
quartus_asm --read_settings_files=off --write_settings_files=off lab4 -c lab4
quartus_sta lab4 -c lab4



