         ps       /tb/rst        /tb/x             
          delta     /tb/ena   /tb/detector         
                      /tb/clk                      
                       /tb/DetectionCode           
          0  +3         1 0 0        ? 0 0 
      50000  +1         1 0 1        ? 0 0 
     100000  +1         0 0 0        ? 0 0 
     150000  +1         0 0 1        ? 0 0 
     200000  +1         0 1 0        ? 0 0 
     250000  +2         0 1 1        ? 0 0 
     300000  +1         0 1 0        ? 0 0 
     350000  +3         0 1 1        ? 0 0 
     400000  +1         0 1 0        ? 0 0 
     450000  +3         0 1 1        ? 0 0 
     500000  +1         0 1 0        ? 0 0 
     550000  +3         0 1 1        ? 0 0 
     600000  +1         0 1 0        ? 0 0 
     650000  +3         0 1 1        ? 0 0 
     700000  +1         0 1 0        ? 0 0 
     750000  +3         0 1 1        ? 0 0 
     800000  +1         0 1 0        ? 0 0 
     850000  +3         0 1 1        ? 0 0 
     900000  +1         0 1 0        ? 0 0 
     950000  +3         0 1 1        ? 0 0 
    1000000  +1         0 1 0        ? 0 0 
    1050000  +3         0 1 1        ? 0 0 
    1100000  +1         0 1 0        ? 0 0 
    1150000  +3         0 1 1        ? 0 0 
    1200000  +3         0 1 0        ? 1 0 
    1250000  +3         0 1 1        ? 1 0 
    1300000  +1         0 1 0        ? 1 0 
    1350000  +3         0 1 1        ? 1 0 
    1400000  +1         0 1 0        ? 1 0 
    1450000  +3         0 1 1        ? 1 0 
    1500000  +1         0 1 0        ? 1 0 
    1550000  +3         0 1 1        ? 1 0 
    1600000  +1         0 1 0        ? 1 0 
    1650000  +3         0 1 1        ? 1 0 
    1700000  +1         0 1 0        ? 1 0 
    1750000  +3         0 1 1        ? 1 0 
    1800000  +1         0 1 0        ? 1 0 
    1850000  +3         0 1 1        ? 1 0 
    1900000  +1         0 1 0        ? 1 0 
    1950000  +3         0 1 1        ? 1 0 
    2000000  +1         0 1 0        ? 1 0 
    2050000  +3         0 1 1        ? 1 0 
    2100000  +1         0 1 0        ? 1 0 
    2150000  +3         0 1 1        ? 1 0 
    2200000  +1         0 1 0        ? 1 0 
    2250000  +3         0 1 1        ? 1 0 
    2300000  +1         0 1 0        ? 1 0 
    2350000  +3         0 1 1        ? 1 0 
    2400000  +3         0 1 0        ? 2 0 
    2450000  +3         0 1 1        ? 2 0 
    2500000  +1         0 1 0        ? 2 0 
    2550000  +3         0 1 1        ? 2 0 
    2600000  +1         0 1 0        ? 2 0 
    2650000  +3         0 1 1        ? 2 0 
    2700000  +1         0 1 0        ? 2 0 
    2750000  +3         0 1 1        ? 2 0 
    2800000  +1         0 1 0        ? 2 0 
    2850000  +3         0 1 1        ? 2 0 
    2900000  +1         0 1 0        ? 2 0 
    2950000  +3         0 1 1        ? 2 0 
    3000000  +1         0 1 0        ? 2 0 
    3050000  +3         0 1 1        ? 2 0 
    3100000  +1         0 1 0        ? 2 0 
    3150000  +3         0 1 1        ? 2 0 
    3200000  +1         0 1 0        ? 2 0 
    3250000  +3         0 1 1        ? 2 0 
    3300000  +1         0 1 0        ? 2 0 
    3350000  +3         0 1 1        ? 2 0 
    3400000  +1         0 1 0        ? 2 0 
    3450000  +3         0 1 1        ? 2 0 
    3500000  +1         0 1 0        ? 2 0 
    3550000  +3         0 1 1        ? 2 0 
    3600000  +3         0 1 0        ? 3 0 
    3650000  +3         0 1 1        ? 3 0 
    3700000  +1         0 1 0        ? 3 0 
    3750000  +3         0 1 1        ? 3 0 
    3800000  +1         0 1 0        ? 3 0 
    3850000  +3         0 1 1        ? 3 0 
    3900000  +1         0 1 0        ? 3 0 
    3950000  +3         0 1 1        ? 3 0 
    4000000  +1         0 1 0        ? 3 0 
    4050000  +3         0 1 1        ? 3 0 
    4100000  +1         0 1 0        ? 3 0 
    4150000  +3         0 1 1        ? 3 0 
    4200000  +1         0 1 0        ? 3 0 
    4250000  +3         0 1 1        ? 3 0 
    4300000  +1         0 1 0        ? 3 0 
    4350000  +3         0 1 1        ? 3 0 
    4400000  +1         0 1 0        ? 3 0 
    4450000  +3         0 1 1        ? 3 0 
    4500000  +1         0 1 0        ? 3 0 
    4550000  +3         0 1 1        ? 3 0 
    4600000  +1         0 1 0        ? 3 0 
    4650000  +3         0 1 1        ? 3 0 
    4700000  +1         0 1 0        ? 3 0 
    4750000  +3         0 1 1        ? 3 0 
    4800000  +3         0 1 1 00101100 3 0 
