Analysis & Synthesis report for divider
Sun Sep  1 18:14:08 2024
Quartus Prime Version 21.1.0 Build 842 10/21/2021 SJ Lite Edition


---------------------
; Table of Contents ;
---------------------
  1. Legal Notice
  2. Analysis & Synthesis Summary
  3. Analysis & Synthesis Settings
  4. Parallel Compilation
  5. Analysis & Synthesis Source Files Read
  6. Analysis & Synthesis Resource Usage Summary
  7. Analysis & Synthesis Resource Utilization by Entity
  8. General Register Statistics
  9. Multiplexer Restructuring Statistics (Restructuring Performed)
 10. Parameter Settings for User Entity Instance: div_pll:pll_1|div_pll_pll_0:pll_0|altera_pll:altera_pll_i
 11. Port Connectivity Checks: "div_pll:pll_1|div_pll_pll_0:pll_0|altera_pll:altera_pll_i"
 12. Port Connectivity Checks: "div_pll:pll_1"
 13. Port Connectivity Checks: "Divider:div"
 14. Post-Synthesis Netlist Statistics for Top Partition
 15. Elapsed Time Per Partition
 16. Analysis & Synthesis Messages



----------------
; Legal Notice ;
----------------
Copyright (C) 2021  Intel Corporation. All rights reserved.
Your use of Intel Corporation's design tools, logic functions 
and other software and tools, and any partner logic 
functions, and any output files from any of the foregoing 
(including device programming or simulation files), and any 
associated documentation or information are expressly subject 
to the terms and conditions of the Intel Program License 
Subscription Agreement, the Intel Quartus Prime License Agreement,
the Intel FPGA IP License Agreement, or other applicable license
agreement, including, without limitation, that your use is for
the sole purpose of programming logic devices manufactured by
Intel and sold by Intel or its authorized distributors.  Please
refer to the applicable agreement for further details, at
https://fpgasoftware.intel.com/eula.



+-------------------------------------------------------------------------------+
; Analysis & Synthesis Summary                                                  ;
+---------------------------------+---------------------------------------------+
; Analysis & Synthesis Status     ; Successful - Sun Sep  1 18:14:08 2024       ;
; Quartus Prime Version           ; 21.1.0 Build 842 10/21/2021 SJ Lite Edition ;
; Revision Name                   ; divider                                     ;
; Top-level Entity Name           ; divider_wrap                                ;
; Family                          ; Cyclone V                                   ;
; Logic utilization (in ALMs)     ; N/A                                         ;
; Total registers                 ; 35                                          ;
; Total pins                      ; 132                                         ;
; Total virtual pins              ; 0                                           ;
; Total block memory bits         ; 0                                           ;
; Total DSP Blocks                ; 0                                           ;
; Total HSSI RX PCSs              ; 0                                           ;
; Total HSSI PMA RX Deserializers ; 0                                           ;
; Total HSSI TX PCSs              ; 0                                           ;
; Total HSSI PMA TX Serializers   ; 0                                           ;
; Total PLLs                      ; 1                                           ;
; Total DLLs                      ; 0                                           ;
+---------------------------------+---------------------------------------------+


+---------------------------------------------------------------------------------------------------------------------------+
; Analysis & Synthesis Settings                                                                                             ;
+---------------------------------------------------------------------------------+--------------------+--------------------+
; Option                                                                          ; Setting            ; Default Value      ;
+---------------------------------------------------------------------------------+--------------------+--------------------+
; Device                                                                          ; 5CSXFC6D6F31C6     ;                    ;
; Top-level entity name                                                           ; divider_wrap       ; divider            ;
; Family name                                                                     ; Cyclone V          ; Cyclone V          ;
; Use smart compilation                                                           ; Off                ; Off                ;
; Enable parallel Assembler and Timing Analyzer during compilation                ; On                 ; On                 ;
; Enable compact report table                                                     ; Off                ; Off                ;
; Restructure Multiplexers                                                        ; Auto               ; Auto               ;
; MLAB Add Timing Constraints For Mixed-Port Feed-Through Mode Setting Don't Care ; Off                ; Off                ;
; Create Debugging Nodes for IP Cores                                             ; Off                ; Off                ;
; Preserve fewer node names                                                       ; On                 ; On                 ;
; Intel FPGA IP Evaluation Mode                                                   ; Enable             ; Enable             ;
; Verilog Version                                                                 ; Verilog_2001       ; Verilog_2001       ;
; VHDL Version                                                                    ; VHDL_1993          ; VHDL_1993          ;
; State Machine Processing                                                        ; Auto               ; Auto               ;
; Safe State Machine                                                              ; Off                ; Off                ;
; Extract Verilog State Machines                                                  ; On                 ; On                 ;
; Extract VHDL State Machines                                                     ; On                 ; On                 ;
; Ignore Verilog initial constructs                                               ; Off                ; Off                ;
; Iteration limit for constant Verilog loops                                      ; 5000               ; 5000               ;
; Iteration limit for non-constant Verilog loops                                  ; 250                ; 250                ;
; Add Pass-Through Logic to Inferred RAMs                                         ; On                 ; On                 ;
; Infer RAMs from Raw Logic                                                       ; On                 ; On                 ;
; Parallel Synthesis                                                              ; On                 ; On                 ;
; DSP Block Balancing                                                             ; Auto               ; Auto               ;
; NOT Gate Push-Back                                                              ; On                 ; On                 ;
; Power-Up Don't Care                                                             ; On                 ; On                 ;
; Remove Redundant Logic Cells                                                    ; Off                ; Off                ;
; Remove Duplicate Registers                                                      ; On                 ; On                 ;
; Ignore CARRY Buffers                                                            ; Off                ; Off                ;
; Ignore CASCADE Buffers                                                          ; Off                ; Off                ;
; Ignore GLOBAL Buffers                                                           ; Off                ; Off                ;
; Ignore ROW GLOBAL Buffers                                                       ; Off                ; Off                ;
; Ignore LCELL Buffers                                                            ; Off                ; Off                ;
; Ignore SOFT Buffers                                                             ; On                 ; On                 ;
; Limit AHDL Integers to 32 Bits                                                  ; Off                ; Off                ;
; Optimization Technique                                                          ; Balanced           ; Balanced           ;
; Carry Chain Length                                                              ; 70                 ; 70                 ;
; Auto Carry Chains                                                               ; On                 ; On                 ;
; Auto Open-Drain Pins                                                            ; On                 ; On                 ;
; Perform WYSIWYG Primitive Resynthesis                                           ; Off                ; Off                ;
; Auto ROM Replacement                                                            ; On                 ; On                 ;
; Auto RAM Replacement                                                            ; On                 ; On                 ;
; Auto DSP Block Replacement                                                      ; On                 ; On                 ;
; Auto Shift Register Replacement                                                 ; Auto               ; Auto               ;
; Allow Shift Register Merging across Hierarchies                                 ; Auto               ; Auto               ;
; Auto Clock Enable Replacement                                                   ; On                 ; On                 ;
; Strict RAM Replacement                                                          ; Off                ; Off                ;
; Allow Synchronous Control Signals                                               ; On                 ; On                 ;
; Force Use of Synchronous Clear Signals                                          ; Off                ; Off                ;
; Auto Resource Sharing                                                           ; Off                ; Off                ;
; Allow Any RAM Size For Recognition                                              ; Off                ; Off                ;
; Allow Any ROM Size For Recognition                                              ; Off                ; Off                ;
; Allow Any Shift Register Size For Recognition                                   ; Off                ; Off                ;
; Use LogicLock Constraints during Resource Balancing                             ; On                 ; On                 ;
; Ignore translate_off and synthesis_off directives                               ; Off                ; Off                ;
; Timing-Driven Synthesis                                                         ; On                 ; On                 ;
; Report Parameter Settings                                                       ; On                 ; On                 ;
; Report Source Assignments                                                       ; On                 ; On                 ;
; Report Connectivity Checks                                                      ; On                 ; On                 ;
; Ignore Maximum Fan-Out Assignments                                              ; Off                ; Off                ;
; Synchronization Register Chain Length                                           ; 3                  ; 3                  ;
; Power Optimization During Synthesis                                             ; Normal compilation ; Normal compilation ;
; HDL message level                                                               ; Level2             ; Level2             ;
; Suppress Register Optimization Related Messages                                 ; Off                ; Off                ;
; Number of Removed Registers Reported in Synthesis Report                        ; 5000               ; 5000               ;
; Number of Swept Nodes Reported in Synthesis Report                              ; 5000               ; 5000               ;
; Number of Inverted Registers Reported in Synthesis Report                       ; 100                ; 100                ;
; Clock MUX Protection                                                            ; On                 ; On                 ;
; Auto Gated Clock Conversion                                                     ; Off                ; Off                ;
; Block Design Naming                                                             ; Auto               ; Auto               ;
; SDC constraint protection                                                       ; Off                ; Off                ;
; Synthesis Effort                                                                ; Auto               ; Auto               ;
; Shift Register Replacement - Allow Asynchronous Clear Signal                    ; On                 ; On                 ;
; Pre-Mapping Resynthesis Optimization                                            ; Off                ; Off                ;
; Analysis & Synthesis Message Level                                              ; Medium             ; Medium             ;
; Disable Register Merging Across Hierarchies                                     ; Auto               ; Auto               ;
; Resource Aware Inference For Block RAM                                          ; On                 ; On                 ;
; Automatic Parallel Synthesis                                                    ; On                 ; On                 ;
; Partial Reconfiguration Bitstream ID                                            ; Off                ; Off                ;
+---------------------------------------------------------------------------------+--------------------+--------------------+


+------------------------------------------+
; Parallel Compilation                     ;
+----------------------------+-------------+
; Processors                 ; Number      ;
+----------------------------+-------------+
; Number detected on machine ; 8           ;
; Maximum allowed            ; 4           ;
;                            ;             ;
; Average used               ; 1.00        ;
; Maximum used               ; 4           ;
;                            ;             ;
; Usage by Processor         ; % Time Used ;
;     Processor 1            ; 100.0%      ;
;     Processors 2-4         ;   0.0%      ;
+----------------------------+-------------+


+---------------------------------------------------------------------------------------------------------------------------------------------------------------------------------------------------------------------------------------------------------------+
; Analysis & Synthesis Source Files Read                                                                                                                                                                                                                        ;
+-------------------------------------------------+-----------------+------------------------+--------------------------------------------------------------------------------------------------------------------------------------------------------+---------+
; File Name with User-Entered Path                ; Used in Netlist ; File Type              ; File Name with Absolute Path                                                                                                                           ; Library ;
+-------------------------------------------------+-----------------+------------------------+--------------------------------------------------------------------------------------------------------------------------------------------------------+---------+
; ../div_pll/synthesis/div_pll.vhd.v              ; yes             ; User Verilog HDL File  ; C:/Users/barmu/Documents/GitHub/Arch-Lab-/final project/MARS files/MIPS single cycle Architecture/Quartus/div_pll/synthesis/div_pll.vhd.v              ;         ;
; ../div_pll/synthesis/submodules/div_pll_pll_0.v ; yes             ; User Verilog HDL File  ; C:/Users/barmu/Documents/GitHub/Arch-Lab-/final project/MARS files/MIPS single cycle Architecture/Quartus/div_pll/synthesis/submodules/div_pll_pll_0.v ; div_pll ;
; ../../ModelSim/DUT/aux_package.vhd              ; yes             ; User VHDL File         ; C:/Users/barmu/Documents/GitHub/Arch-Lab-/final project/MARS files/MIPS single cycle Architecture/ModelSim/DUT/aux_package.vhd                         ;         ;
; ../../ModelSim/DUT/divider_wrap.vhd             ; yes             ; User VHDL File         ; C:/Users/barmu/Documents/GitHub/Arch-Lab-/final project/MARS files/MIPS single cycle Architecture/ModelSim/DUT/divider_wrap.vhd                        ;         ;
; ../../ModelSim/DUT/divider.VHD                  ; yes             ; User VHDL File         ; C:/Users/barmu/Documents/GitHub/Arch-Lab-/final project/MARS files/MIPS single cycle Architecture/ModelSim/DUT/divider.VHD                             ;         ;
; altera_pll.v                                    ; yes             ; Megafunction           ; d:/intel/fpga_lite/quartus/libraries/megafunctions/altera_pll.v                                                                                        ;         ;
+-------------------------------------------------+-----------------+------------------------+--------------------------------------------------------------------------------------------------------------------------------------------------------+---------+


+------------------------------------------------------------------------------------------------------------------------+
; Analysis & Synthesis Resource Usage Summary                                                                            ;
+---------------------------------------------+--------------------------------------------------------------------------+
; Resource                                    ; Usage                                                                    ;
+---------------------------------------------+--------------------------------------------------------------------------+
; Estimate of Logic utilization (ALMs needed) ; 22                                                                       ;
;                                             ;                                                                          ;
; Combinational ALUT usage for logic          ; 43                                                                       ;
;     -- 7 input functions                    ; 0                                                                        ;
;     -- 6 input functions                    ; 0                                                                        ;
;     -- 5 input functions                    ; 1                                                                        ;
;     -- 4 input functions                    ; 3                                                                        ;
;     -- <=3 input functions                  ; 39                                                                       ;
;                                             ;                                                                          ;
; Dedicated logic registers                   ; 35                                                                       ;
;                                             ;                                                                          ;
; I/O pins                                    ; 132                                                                      ;
;                                             ;                                                                          ;
; Total DSP Blocks                            ; 0                                                                        ;
;                                             ;                                                                          ;
; Total PLLs                                  ; 1                                                                        ;
;     -- PLLs                                 ; 1                                                                        ;
;                                             ;                                                                          ;
; Maximum fan-out node                        ; div_pll:pll_1|div_pll_pll_0:pll_0|altera_pll:altera_pll_i|outclk_wire[0] ;
; Maximum fan-out                             ; 36                                                                       ;
; Total fan-out                               ; 397                                                                      ;
; Average fan-out                             ; 1.16                                                                     ;
+---------------------------------------------+--------------------------------------------------------------------------+


+------------------------------------------------------------------------------------------------------------------------------------------------------------------------------------------------------------------------------------------------------+
; Analysis & Synthesis Resource Utilization by Entity                                                                                                                                                                                                  ;
+------------------------------------+---------------------+---------------------------+-------------------+------------+------+--------------+-------------------------------------------------------------------------+---------------+--------------+
; Compilation Hierarchy Node         ; Combinational ALUTs ; Dedicated Logic Registers ; Block Memory Bits ; DSP Blocks ; Pins ; Virtual Pins ; Full Hierarchy Name                                                     ; Entity Name   ; Library Name ;
+------------------------------------+---------------------+---------------------------+-------------------+------------+------+--------------+-------------------------------------------------------------------------+---------------+--------------+
; |divider_wrap                      ; 43 (0)              ; 35 (0)                    ; 0                 ; 0          ; 132  ; 0            ; |divider_wrap                                                           ; divider_wrap  ; work         ;
;    |Divider:div|                   ; 43 (43)             ; 35 (35)                   ; 0                 ; 0          ; 0    ; 0            ; |divider_wrap|Divider:div                                               ; Divider       ; work         ;
;    |div_pll:pll_1|                 ; 0 (0)               ; 0 (0)                     ; 0                 ; 0          ; 0    ; 0            ; |divider_wrap|div_pll:pll_1                                             ; div_pll       ; work         ;
;       |div_pll_pll_0:pll_0|        ; 0 (0)               ; 0 (0)                     ; 0                 ; 0          ; 0    ; 0            ; |divider_wrap|div_pll:pll_1|div_pll_pll_0:pll_0                         ; div_pll_pll_0 ; div_pll      ;
;          |altera_pll:altera_pll_i| ; 0 (0)               ; 0 (0)                     ; 0                 ; 0          ; 0    ; 0            ; |divider_wrap|div_pll:pll_1|div_pll_pll_0:pll_0|altera_pll:altera_pll_i ; altera_pll    ; work         ;
+------------------------------------+---------------------+---------------------------+-------------------+------------+------+--------------+-------------------------------------------------------------------------+---------------+--------------+
Note: For table entries with two numbers listed, the numbers in parentheses indicate the number of resources of the given type used by the specific entity alone. The numbers listed outside of parentheses indicate the total resources of the given type used by the specific entity and all of its sub-entities in the hierarchy.


+------------------------------------------------------+
; General Register Statistics                          ;
+----------------------------------------------+-------+
; Statistic                                    ; Value ;
+----------------------------------------------+-------+
; Total registers                              ; 35    ;
; Number of registers using Synchronous Clear  ; 26    ;
; Number of registers using Synchronous Load   ; 0     ;
; Number of registers using Asynchronous Clear ; 34    ;
; Number of registers using Asynchronous Load  ; 0     ;
; Number of registers using Clock Enable       ; 32    ;
; Number of registers using Preset             ; 0     ;
+----------------------------------------------+-------+


+---------------------------------------------------------------------------------------------------------------------------------------------------+
; Multiplexer Restructuring Statistics (Restructuring Performed)                                                                                    ;
+--------------------+-----------+---------------+----------------------+------------------------+------------+-------------------------------------+
; Multiplexer Inputs ; Bus Width ; Baseline Area ; Area if Restructured ; Saving if Restructured ; Registered ; Example Multiplexer Output          ;
+--------------------+-----------+---------------+----------------------+------------------------+------------+-------------------------------------+
; 3:1                ; 5 bits    ; 10 LEs        ; 5 LEs                ; 5 LEs                  ; Yes        ; |divider_wrap|Divider:div|count[4]  ;
; 3:1                ; 26 bits   ; 52 LEs        ; 0 LEs                ; 52 LEs                 ; Yes        ; |divider_wrap|Divider:div|count[30] ;
+--------------------+-----------+---------------+----------------------+------------------------+------------+-------------------------------------+


+--------------------------------------------------------------------------------------------------------+
; Parameter Settings for User Entity Instance: div_pll:pll_1|div_pll_pll_0:pll_0|altera_pll:altera_pll_i ;
+--------------------------------------+------------------------+----------------------------------------+
; Parameter Name                       ; Value                  ; Type                                   ;
+--------------------------------------+------------------------+----------------------------------------+
; reference_clock_frequency            ; 50.0 MHz               ; String                                 ;
; fractional_vco_multiplier            ; false                  ; String                                 ;
; pll_type                             ; General                ; String                                 ;
; pll_subtype                          ; General                ; String                                 ;
; number_of_clocks                     ; 1                      ; Signed Integer                         ;
; operation_mode                       ; direct                 ; String                                 ;
; deserialization_factor               ; 4                      ; Signed Integer                         ;
; data_rate                            ; 0                      ; Signed Integer                         ;
; sim_additional_refclk_cycles_to_lock ; 0                      ; Signed Integer                         ;
; output_clock_frequency0              ; 200.000000 MHz         ; String                                 ;
; phase_shift0                         ; 0 ps                   ; String                                 ;
; duty_cycle0                          ; 50                     ; Signed Integer                         ;
; output_clock_frequency1              ; 0 MHz                  ; String                                 ;
; phase_shift1                         ; 0 ps                   ; String                                 ;
; duty_cycle1                          ; 50                     ; Signed Integer                         ;
; output_clock_frequency2              ; 0 MHz                  ; String                                 ;
; phase_shift2                         ; 0 ps                   ; String                                 ;
; duty_cycle2                          ; 50                     ; Signed Integer                         ;
; output_clock_frequency3              ; 0 MHz                  ; String                                 ;
; phase_shift3                         ; 0 ps                   ; String                                 ;
; duty_cycle3                          ; 50                     ; Signed Integer                         ;
; output_clock_frequency4              ; 0 MHz                  ; String                                 ;
; phase_shift4                         ; 0 ps                   ; String                                 ;
; duty_cycle4                          ; 50                     ; Signed Integer                         ;
; output_clock_frequency5              ; 0 MHz                  ; String                                 ;
; phase_shift5                         ; 0 ps                   ; String                                 ;
; duty_cycle5                          ; 50                     ; Signed Integer                         ;
; output_clock_frequency6              ; 0 MHz                  ; String                                 ;
; phase_shift6                         ; 0 ps                   ; String                                 ;
; duty_cycle6                          ; 50                     ; Signed Integer                         ;
; output_clock_frequency7              ; 0 MHz                  ; String                                 ;
; phase_shift7                         ; 0 ps                   ; String                                 ;
; duty_cycle7                          ; 50                     ; Signed Integer                         ;
; output_clock_frequency8              ; 0 MHz                  ; String                                 ;
; phase_shift8                         ; 0 ps                   ; String                                 ;
; duty_cycle8                          ; 50                     ; Signed Integer                         ;
; output_clock_frequency9              ; 0 MHz                  ; String                                 ;
; phase_shift9                         ; 0 ps                   ; String                                 ;
; duty_cycle9                          ; 50                     ; Signed Integer                         ;
; output_clock_frequency10             ; 0 MHz                  ; String                                 ;
; phase_shift10                        ; 0 ps                   ; String                                 ;
; duty_cycle10                         ; 50                     ; Signed Integer                         ;
; output_clock_frequency11             ; 0 MHz                  ; String                                 ;
; phase_shift11                        ; 0 ps                   ; String                                 ;
; duty_cycle11                         ; 50                     ; Signed Integer                         ;
; output_clock_frequency12             ; 0 MHz                  ; String                                 ;
; phase_shift12                        ; 0 ps                   ; String                                 ;
; duty_cycle12                         ; 50                     ; Signed Integer                         ;
; output_clock_frequency13             ; 0 MHz                  ; String                                 ;
; phase_shift13                        ; 0 ps                   ; String                                 ;
; duty_cycle13                         ; 50                     ; Signed Integer                         ;
; output_clock_frequency14             ; 0 MHz                  ; String                                 ;
; phase_shift14                        ; 0 ps                   ; String                                 ;
; duty_cycle14                         ; 50                     ; Signed Integer                         ;
; output_clock_frequency15             ; 0 MHz                  ; String                                 ;
; phase_shift15                        ; 0 ps                   ; String                                 ;
; duty_cycle15                         ; 50                     ; Signed Integer                         ;
; output_clock_frequency16             ; 0 MHz                  ; String                                 ;
; phase_shift16                        ; 0 ps                   ; String                                 ;
; duty_cycle16                         ; 50                     ; Signed Integer                         ;
; output_clock_frequency17             ; 0 MHz                  ; String                                 ;
; phase_shift17                        ; 0 ps                   ; String                                 ;
; duty_cycle17                         ; 50                     ; Signed Integer                         ;
; clock_name_0                         ;                        ; String                                 ;
; clock_name_1                         ;                        ; String                                 ;
; clock_name_2                         ;                        ; String                                 ;
; clock_name_3                         ;                        ; String                                 ;
; clock_name_4                         ;                        ; String                                 ;
; clock_name_5                         ;                        ; String                                 ;
; clock_name_6                         ;                        ; String                                 ;
; clock_name_7                         ;                        ; String                                 ;
; clock_name_8                         ;                        ; String                                 ;
; clock_name_global_0                  ; false                  ; String                                 ;
; clock_name_global_1                  ; false                  ; String                                 ;
; clock_name_global_2                  ; false                  ; String                                 ;
; clock_name_global_3                  ; false                  ; String                                 ;
; clock_name_global_4                  ; false                  ; String                                 ;
; clock_name_global_5                  ; false                  ; String                                 ;
; clock_name_global_6                  ; false                  ; String                                 ;
; clock_name_global_7                  ; false                  ; String                                 ;
; clock_name_global_8                  ; false                  ; String                                 ;
; m_cnt_hi_div                         ; 1                      ; Signed Integer                         ;
; m_cnt_lo_div                         ; 1                      ; Signed Integer                         ;
; m_cnt_bypass_en                      ; false                  ; String                                 ;
; m_cnt_odd_div_duty_en                ; false                  ; String                                 ;
; n_cnt_hi_div                         ; 1                      ; Signed Integer                         ;
; n_cnt_lo_div                         ; 1                      ; Signed Integer                         ;
; n_cnt_bypass_en                      ; false                  ; String                                 ;
; n_cnt_odd_div_duty_en                ; false                  ; String                                 ;
; c_cnt_hi_div0                        ; 1                      ; Signed Integer                         ;
; c_cnt_lo_div0                        ; 1                      ; Signed Integer                         ;
; c_cnt_bypass_en0                     ; false                  ; String                                 ;
; c_cnt_in_src0                        ; ph_mux_clk             ; String                                 ;
; c_cnt_odd_div_duty_en0               ; false                  ; String                                 ;
; c_cnt_prst0                          ; 1                      ; Signed Integer                         ;
; c_cnt_ph_mux_prst0                   ; 0                      ; Signed Integer                         ;
; c_cnt_hi_div1                        ; 1                      ; Signed Integer                         ;
; c_cnt_lo_div1                        ; 1                      ; Signed Integer                         ;
; c_cnt_bypass_en1                     ; false                  ; String                                 ;
; c_cnt_in_src1                        ; ph_mux_clk             ; String                                 ;
; c_cnt_odd_div_duty_en1               ; false                  ; String                                 ;
; c_cnt_prst1                          ; 1                      ; Signed Integer                         ;
; c_cnt_ph_mux_prst1                   ; 0                      ; Signed Integer                         ;
; c_cnt_hi_div2                        ; 1                      ; Signed Integer                         ;
; c_cnt_lo_div2                        ; 1                      ; Signed Integer                         ;
; c_cnt_bypass_en2                     ; false                  ; String                                 ;
; c_cnt_in_src2                        ; ph_mux_clk             ; String                                 ;
; c_cnt_odd_div_duty_en2               ; false                  ; String                                 ;
; c_cnt_prst2                          ; 1                      ; Signed Integer                         ;
; c_cnt_ph_mux_prst2                   ; 0                      ; Signed Integer                         ;
; c_cnt_hi_div3                        ; 1                      ; Signed Integer                         ;
; c_cnt_lo_div3                        ; 1                      ; Signed Integer                         ;
; c_cnt_bypass_en3                     ; false                  ; String                                 ;
; c_cnt_in_src3                        ; ph_mux_clk             ; String                                 ;
; c_cnt_odd_div_duty_en3               ; false                  ; String                                 ;
; c_cnt_prst3                          ; 1                      ; Signed Integer                         ;
; c_cnt_ph_mux_prst3                   ; 0                      ; Signed Integer                         ;
; c_cnt_hi_div4                        ; 1                      ; Signed Integer                         ;
; c_cnt_lo_div4                        ; 1                      ; Signed Integer                         ;
; c_cnt_bypass_en4                     ; false                  ; String                                 ;
; c_cnt_in_src4                        ; ph_mux_clk             ; String                                 ;
; c_cnt_odd_div_duty_en4               ; false                  ; String                                 ;
; c_cnt_prst4                          ; 1                      ; Signed Integer                         ;
; c_cnt_ph_mux_prst4                   ; 0                      ; Signed Integer                         ;
; c_cnt_hi_div5                        ; 1                      ; Signed Integer                         ;
; c_cnt_lo_div5                        ; 1                      ; Signed Integer                         ;
; c_cnt_bypass_en5                     ; false                  ; String                                 ;
; c_cnt_in_src5                        ; ph_mux_clk             ; String                                 ;
; c_cnt_odd_div_duty_en5               ; false                  ; String                                 ;
; c_cnt_prst5                          ; 1                      ; Signed Integer                         ;
; c_cnt_ph_mux_prst5                   ; 0                      ; Signed Integer                         ;
; c_cnt_hi_div6                        ; 1                      ; Signed Integer                         ;
; c_cnt_lo_div6                        ; 1                      ; Signed Integer                         ;
; c_cnt_bypass_en6                     ; false                  ; String                                 ;
; c_cnt_in_src6                        ; ph_mux_clk             ; String                                 ;
; c_cnt_odd_div_duty_en6               ; false                  ; String                                 ;
; c_cnt_prst6                          ; 1                      ; Signed Integer                         ;
; c_cnt_ph_mux_prst6                   ; 0                      ; Signed Integer                         ;
; c_cnt_hi_div7                        ; 1                      ; Signed Integer                         ;
; c_cnt_lo_div7                        ; 1                      ; Signed Integer                         ;
; c_cnt_bypass_en7                     ; false                  ; String                                 ;
; c_cnt_in_src7                        ; ph_mux_clk             ; String                                 ;
; c_cnt_odd_div_duty_en7               ; false                  ; String                                 ;
; c_cnt_prst7                          ; 1                      ; Signed Integer                         ;
; c_cnt_ph_mux_prst7                   ; 0                      ; Signed Integer                         ;
; c_cnt_hi_div8                        ; 1                      ; Signed Integer                         ;
; c_cnt_lo_div8                        ; 1                      ; Signed Integer                         ;
; c_cnt_bypass_en8                     ; false                  ; String                                 ;
; c_cnt_in_src8                        ; ph_mux_clk             ; String                                 ;
; c_cnt_odd_div_duty_en8               ; false                  ; String                                 ;
; c_cnt_prst8                          ; 1                      ; Signed Integer                         ;
; c_cnt_ph_mux_prst8                   ; 0                      ; Signed Integer                         ;
; c_cnt_hi_div9                        ; 1                      ; Signed Integer                         ;
; c_cnt_lo_div9                        ; 1                      ; Signed Integer                         ;
; c_cnt_bypass_en9                     ; false                  ; String                                 ;
; c_cnt_in_src9                        ; ph_mux_clk             ; String                                 ;
; c_cnt_odd_div_duty_en9               ; false                  ; String                                 ;
; c_cnt_prst9                          ; 1                      ; Signed Integer                         ;
; c_cnt_ph_mux_prst9                   ; 0                      ; Signed Integer                         ;
; c_cnt_hi_div10                       ; 1                      ; Signed Integer                         ;
; c_cnt_lo_div10                       ; 1                      ; Signed Integer                         ;
; c_cnt_bypass_en10                    ; false                  ; String                                 ;
; c_cnt_in_src10                       ; ph_mux_clk             ; String                                 ;
; c_cnt_odd_div_duty_en10              ; false                  ; String                                 ;
; c_cnt_prst10                         ; 1                      ; Signed Integer                         ;
; c_cnt_ph_mux_prst10                  ; 0                      ; Signed Integer                         ;
; c_cnt_hi_div11                       ; 1                      ; Signed Integer                         ;
; c_cnt_lo_div11                       ; 1                      ; Signed Integer                         ;
; c_cnt_bypass_en11                    ; false                  ; String                                 ;
; c_cnt_in_src11                       ; ph_mux_clk             ; String                                 ;
; c_cnt_odd_div_duty_en11              ; false                  ; String                                 ;
; c_cnt_prst11                         ; 1                      ; Signed Integer                         ;
; c_cnt_ph_mux_prst11                  ; 0                      ; Signed Integer                         ;
; c_cnt_hi_div12                       ; 1                      ; Signed Integer                         ;
; c_cnt_lo_div12                       ; 1                      ; Signed Integer                         ;
; c_cnt_bypass_en12                    ; false                  ; String                                 ;
; c_cnt_in_src12                       ; ph_mux_clk             ; String                                 ;
; c_cnt_odd_div_duty_en12              ; false                  ; String                                 ;
; c_cnt_prst12                         ; 1                      ; Signed Integer                         ;
; c_cnt_ph_mux_prst12                  ; 0                      ; Signed Integer                         ;
; c_cnt_hi_div13                       ; 1                      ; Signed Integer                         ;
; c_cnt_lo_div13                       ; 1                      ; Signed Integer                         ;
; c_cnt_bypass_en13                    ; false                  ; String                                 ;
; c_cnt_in_src13                       ; ph_mux_clk             ; String                                 ;
; c_cnt_odd_div_duty_en13              ; false                  ; String                                 ;
; c_cnt_prst13                         ; 1                      ; Signed Integer                         ;
; c_cnt_ph_mux_prst13                  ; 0                      ; Signed Integer                         ;
; c_cnt_hi_div14                       ; 1                      ; Signed Integer                         ;
; c_cnt_lo_div14                       ; 1                      ; Signed Integer                         ;
; c_cnt_bypass_en14                    ; false                  ; String                                 ;
; c_cnt_in_src14                       ; ph_mux_clk             ; String                                 ;
; c_cnt_odd_div_duty_en14              ; false                  ; String                                 ;
; c_cnt_prst14                         ; 1                      ; Signed Integer                         ;
; c_cnt_ph_mux_prst14                  ; 0                      ; Signed Integer                         ;
; c_cnt_hi_div15                       ; 1                      ; Signed Integer                         ;
; c_cnt_lo_div15                       ; 1                      ; Signed Integer                         ;
; c_cnt_bypass_en15                    ; false                  ; String                                 ;
; c_cnt_in_src15                       ; ph_mux_clk             ; String                                 ;
; c_cnt_odd_div_duty_en15              ; false                  ; String                                 ;
; c_cnt_prst15                         ; 1                      ; Signed Integer                         ;
; c_cnt_ph_mux_prst15                  ; 0                      ; Signed Integer                         ;
; c_cnt_hi_div16                       ; 1                      ; Signed Integer                         ;
; c_cnt_lo_div16                       ; 1                      ; Signed Integer                         ;
; c_cnt_bypass_en16                    ; false                  ; String                                 ;
; c_cnt_in_src16                       ; ph_mux_clk             ; String                                 ;
; c_cnt_odd_div_duty_en16              ; false                  ; String                                 ;
; c_cnt_prst16                         ; 1                      ; Signed Integer                         ;
; c_cnt_ph_mux_prst16                  ; 0                      ; Signed Integer                         ;
; c_cnt_hi_div17                       ; 1                      ; Signed Integer                         ;
; c_cnt_lo_div17                       ; 1                      ; Signed Integer                         ;
; c_cnt_bypass_en17                    ; false                  ; String                                 ;
; c_cnt_in_src17                       ; ph_mux_clk             ; String                                 ;
; c_cnt_odd_div_duty_en17              ; false                  ; String                                 ;
; c_cnt_prst17                         ; 1                      ; Signed Integer                         ;
; c_cnt_ph_mux_prst17                  ; 0                      ; Signed Integer                         ;
; pll_vco_div                          ; 1                      ; Signed Integer                         ;
; pll_slf_rst                          ; false                  ; String                                 ;
; pll_bw_sel                           ; low                    ; String                                 ;
; pll_output_clk_frequency             ; 0 MHz                  ; String                                 ;
; pll_cp_current                       ; 0                      ; Signed Integer                         ;
; pll_bwctrl                           ; 0                      ; Signed Integer                         ;
; pll_fractional_division              ; 1                      ; Signed Integer                         ;
; pll_fractional_cout                  ; 24                     ; Signed Integer                         ;
; pll_dsm_out_sel                      ; 1st_order              ; String                                 ;
; mimic_fbclk_type                     ; gclk                   ; String                                 ;
; pll_fbclk_mux_1                      ; glb                    ; String                                 ;
; pll_fbclk_mux_2                      ; fb_1                   ; String                                 ;
; pll_m_cnt_in_src                     ; ph_mux_clk             ; String                                 ;
; pll_vcoph_div                        ; 1                      ; Signed Integer                         ;
; refclk1_frequency                    ; 0 MHz                  ; String                                 ;
; pll_clkin_0_src                      ; clk_0                  ; String                                 ;
; pll_clkin_1_src                      ; clk_0                  ; String                                 ;
; pll_clk_loss_sw_en                   ; false                  ; String                                 ;
; pll_auto_clk_sw_en                   ; false                  ; String                                 ;
; pll_manu_clk_sw_en                   ; false                  ; String                                 ;
; pll_clk_sw_dly                       ; 0                      ; Signed Integer                         ;
; pll_extclk_0_cnt_src                 ; pll_extclk_cnt_src_vss ; String                                 ;
; pll_extclk_1_cnt_src                 ; pll_extclk_cnt_src_vss ; String                                 ;
+--------------------------------------+------------------------+----------------------------------------+
Note: In order to hide this table in the UI and the text report file, please set the "Show Parameter Settings in Synthesis Report" option in "Analysis and Synthesis Settings -> More Settings" to "Off".


+--------------------------------------------------------------------------------------------------------------------------------------------------------------------------------------+
; Port Connectivity Checks: "div_pll:pll_1|div_pll_pll_0:pll_0|altera_pll:altera_pll_i"                                                                                                ;
+-------------------+--------+----------+----------------------------------------------------------------------------------------------------------------------------------------------+
; Port              ; Type   ; Severity ; Details                                                                                                                                      ;
+-------------------+--------+----------+----------------------------------------------------------------------------------------------------------------------------------------------+
; fboutclk          ; Output ; Info     ; Explicitly unconnected                                                                                                                       ;
; fbclk             ; Input  ; Info     ; Stuck at GND                                                                                                                                 ;
; refclk1           ; Input  ; Warning  ; Declared by entity but not connected by instance. If a default value exists, it will be used.  Otherwise, the port will be connected to GND. ;
; phase_en          ; Input  ; Warning  ; Declared by entity but not connected by instance. If a default value exists, it will be used.  Otherwise, the port will be connected to GND. ;
; updn              ; Input  ; Warning  ; Declared by entity but not connected by instance. If a default value exists, it will be used.  Otherwise, the port will be connected to GND. ;
; num_phase_shifts  ; Input  ; Warning  ; Declared by entity but not connected by instance. If a default value exists, it will be used.  Otherwise, the port will be connected to GND. ;
; scanclk           ; Input  ; Warning  ; Declared by entity but not connected by instance. If a default value exists, it will be used.  Otherwise, the port will be connected to GND. ;
; cntsel            ; Input  ; Warning  ; Declared by entity but not connected by instance. If a default value exists, it will be used.  Otherwise, the port will be connected to GND. ;
; reconfig_to_pll   ; Input  ; Warning  ; Declared by entity but not connected by instance. If a default value exists, it will be used.  Otherwise, the port will be connected to GND. ;
; extswitch         ; Input  ; Warning  ; Declared by entity but not connected by instance. If a default value exists, it will be used.  Otherwise, the port will be connected to GND. ;
; adjpllin          ; Input  ; Warning  ; Declared by entity but not connected by instance. If a default value exists, it will be used.  Otherwise, the port will be connected to GND. ;
; cclk              ; Input  ; Warning  ; Declared by entity but not connected by instance. If a default value exists, it will be used.  Otherwise, the port will be connected to GND. ;
; phase_done        ; Output ; Warning  ; Declared by entity but not connected by instance. Logic that only feeds a dangling port will be removed.                                     ;
; reconfig_from_pll ; Output ; Warning  ; Declared by entity but not connected by instance. Logic that only feeds a dangling port will be removed.                                     ;
; activeclk         ; Output ; Warning  ; Declared by entity but not connected by instance. Logic that only feeds a dangling port will be removed.                                     ;
; clkbad            ; Output ; Warning  ; Declared by entity but not connected by instance. Logic that only feeds a dangling port will be removed.                                     ;
; phout             ; Output ; Warning  ; Declared by entity but not connected by instance. Logic that only feeds a dangling port will be removed.                                     ;
; lvds_clk          ; Output ; Warning  ; Declared by entity but not connected by instance. Logic that only feeds a dangling port will be removed.                                     ;
; loaden            ; Output ; Warning  ; Declared by entity but not connected by instance. Logic that only feeds a dangling port will be removed.                                     ;
; extclk_out        ; Output ; Warning  ; Declared by entity but not connected by instance. Logic that only feeds a dangling port will be removed.                                     ;
; cascade_out       ; Output ; Warning  ; Declared by entity but not connected by instance. Logic that only feeds a dangling port will be removed.                                     ;
; zdbfbclk          ; Bidir  ; Warning  ; Declared by entity but not connected by instance. Logic that only feeds a dangling port will be removed.                                     ;
+-------------------+--------+----------+----------------------------------------------------------------------------------------------------------------------------------------------+


+------------------------------------------------------------------------------------------------------------------+
; Port Connectivity Checks: "div_pll:pll_1"                                                                        ;
+--------+--------+----------+-------------------------------------------------------------------------------------+
; Port   ; Type   ; Severity ; Details                                                                             ;
+--------+--------+----------+-------------------------------------------------------------------------------------+
; locked ; Output ; Info     ; Connected to dangling logic. Logic that only feeds a dangling port will be removed. ;
+--------+--------+----------+-------------------------------------------------------------------------------------+


+---------------------------------------------------------------------------------------------------------------------+
; Port Connectivity Checks: "Divider:div"                                                                             ;
+-----------+--------+----------+-------------------------------------------------------------------------------------+
; Port      ; Type   ; Severity ; Details                                                                             ;
+-----------+--------+----------+-------------------------------------------------------------------------------------+
; result    ; Output ; Info     ; Connected to dangling logic. Logic that only feeds a dangling port will be removed. ;
; remainder ; Output ; Info     ; Connected to dangling logic. Logic that only feeds a dangling port will be removed. ;
+-----------+--------+----------+-------------------------------------------------------------------------------------+


+-----------------------------------------------------+
; Post-Synthesis Netlist Statistics for Top Partition ;
+-----------------------+-----------------------------+
; Type                  ; Count                       ;
+-----------------------+-----------------------------+
; arriav_ff             ; 35                          ;
;     CLR               ; 3                           ;
;     ENA               ; 1                           ;
;     ENA CLR           ; 5                           ;
;     ENA CLR SCLR      ; 26                          ;
; arriav_lcell_comb     ; 44                          ;
;     arith             ; 32                          ;
;         1 data inputs ; 32                          ;
;     normal            ; 12                          ;
;         0 data inputs ; 1                           ;
;         2 data inputs ; 1                           ;
;         3 data inputs ; 6                           ;
;         4 data inputs ; 3                           ;
;         5 data inputs ; 1                           ;
; boundary_port         ; 132                         ;
; generic_pll           ; 1                           ;
;                       ;                             ;
; Max LUT depth         ; 5.10                        ;
; Average LUT depth     ; 3.34                        ;
+-----------------------+-----------------------------+


+-------------------------------+
; Elapsed Time Per Partition    ;
+----------------+--------------+
; Partition Name ; Elapsed Time ;
+----------------+--------------+
; Top            ; 00:00:00     ;
+----------------+--------------+


+-------------------------------+
; Analysis & Synthesis Messages ;
+-------------------------------+
Info: *******************************************************************
Info: Running Quartus Prime Analysis & Synthesis
    Info: Version 21.1.0 Build 842 10/21/2021 SJ Lite Edition
    Info: Processing started: Sun Sep  1 18:13:55 2024
Info: Command: quartus_map --read_settings_files=on --write_settings_files=off divider -c divider
Warning (18236): Number of processors has not been specified which may cause overloading on shared machines.  Set the global assignment NUM_PARALLEL_PROCESSORS in your QSF to an appropriate value for best performance.
Info (20030): Parallel compilation is enabled and will use 4 of the 4 processors detected
Info (12021): Found 1 design units, including 1 entities, in source file /users/barmu/documents/github/arch-lab-/final project/mars files/mips single cycle architecture/quartus/div_pll/synthesis/div_pll.vhd.v
    Info (12023): Found entity 1: div_pll File: C:/Users/barmu/Documents/GitHub/Arch-Lab-/final project/MARS files/MIPS single cycle Architecture/Quartus/div_pll/synthesis/div_pll.vhd.v Line: 6
Warning (12019): Can't analyze file -- file ../div_pll/synthesis/div_pll.v is missing
Info (12021): Found 1 design units, including 1 entities, in source file /users/barmu/documents/github/arch-lab-/final project/mars files/mips single cycle architecture/quartus/div_pll/synthesis/submodules/div_pll_pll_0.v
    Info (12023): Found entity 1: div_pll_pll_0 File: C:/Users/barmu/Documents/GitHub/Arch-Lab-/final project/MARS files/MIPS single cycle Architecture/Quartus/div_pll/synthesis/submodules/div_pll_pll_0.v Line: 2
Info (12021): Found 1 design units, including 0 entities, in source file /users/barmu/documents/github/arch-lab-/final project/mars files/mips single cycle architecture/modelsim/dut/aux_package.vhd
    Info (12022): Found design unit 1: aux_package File: C:/Users/barmu/Documents/GitHub/Arch-Lab-/final project/MARS files/MIPS single cycle Architecture/ModelSim/DUT/aux_package.vhd Line: 5
Info (12021): Found 2 design units, including 1 entities, in source file /users/barmu/documents/github/arch-lab-/final project/mars files/mips single cycle architecture/modelsim/dut/divider_wrap.vhd
    Info (12022): Found design unit 1: divider_wrap-Behavioral File: C:/Users/barmu/Documents/GitHub/Arch-Lab-/final project/MARS files/MIPS single cycle Architecture/ModelSim/DUT/divider_wrap.vhd Line: 20
    Info (12023): Found entity 1: divider_wrap File: C:/Users/barmu/Documents/GitHub/Arch-Lab-/final project/MARS files/MIPS single cycle Architecture/ModelSim/DUT/divider_wrap.vhd Line: 7
Info (12021): Found 2 design units, including 1 entities, in source file /users/barmu/documents/github/arch-lab-/final project/mars files/mips single cycle architecture/modelsim/dut/divider.vhd
    Info (12022): Found design unit 1: Divider-Behavioral File: C:/Users/barmu/Documents/GitHub/Arch-Lab-/final project/MARS files/MIPS single cycle Architecture/ModelSim/DUT/divider.VHD Line: 18
    Info (12023): Found entity 1: Divider File: C:/Users/barmu/Documents/GitHub/Arch-Lab-/final project/MARS files/MIPS single cycle Architecture/ModelSim/DUT/divider.VHD Line: 5
Info (12127): Elaborating entity "divider_wrap" for the top level hierarchy
Warning (10541): VHDL Signal Declaration warning at divider_wrap.vhd(15): used implicit default value for signal "result" because signal was never assigned a value or an explicit default value. Use of implicit default value may introduce unintended design optimizations. File: C:/Users/barmu/Documents/GitHub/Arch-Lab-/final project/MARS files/MIPS single cycle Architecture/ModelSim/DUT/divider_wrap.vhd Line: 15
Warning (10541): VHDL Signal Declaration warning at divider_wrap.vhd(16): used implicit default value for signal "remainder" because signal was never assigned a value or an explicit default value. Use of implicit default value may introduce unintended design optimizations. File: C:/Users/barmu/Documents/GitHub/Arch-Lab-/final project/MARS files/MIPS single cycle Architecture/ModelSim/DUT/divider_wrap.vhd Line: 16
Warning (10036): Verilog HDL or VHDL warning at divider_wrap.vhd(22): object "temp_result" assigned a value but never read File: C:/Users/barmu/Documents/GitHub/Arch-Lab-/final project/MARS files/MIPS single cycle Architecture/ModelSim/DUT/divider_wrap.vhd Line: 22
Warning (10036): Verilog HDL or VHDL warning at divider_wrap.vhd(23): object "temp_remainder" assigned a value but never read File: C:/Users/barmu/Documents/GitHub/Arch-Lab-/final project/MARS files/MIPS single cycle Architecture/ModelSim/DUT/divider_wrap.vhd Line: 23
Info (12128): Elaborating entity "Divider" for hierarchy "Divider:div" File: C:/Users/barmu/Documents/GitHub/Arch-Lab-/final project/MARS files/MIPS single cycle Architecture/ModelSim/DUT/divider_wrap.vhd Line: 47
Warning (10036): Verilog HDL or VHDL warning at divider.VHD(21): object "temp_remainder" assigned a value but never read File: C:/Users/barmu/Documents/GitHub/Arch-Lab-/final project/MARS files/MIPS single cycle Architecture/ModelSim/DUT/divider.VHD Line: 21
Info (12128): Elaborating entity "div_pll" for hierarchy "div_pll:pll_1" File: C:/Users/barmu/Documents/GitHub/Arch-Lab-/final project/MARS files/MIPS single cycle Architecture/ModelSim/DUT/divider_wrap.vhd Line: 57
Info (12128): Elaborating entity "div_pll_pll_0" for hierarchy "div_pll:pll_1|div_pll_pll_0:pll_0" File: C:/Users/barmu/Documents/GitHub/Arch-Lab-/final project/MARS files/MIPS single cycle Architecture/Quartus/div_pll/synthesis/div_pll.vhd.v Line: 18
Info (12128): Elaborating entity "altera_pll" for hierarchy "div_pll:pll_1|div_pll_pll_0:pll_0|altera_pll:altera_pll_i" File: C:/Users/barmu/Documents/GitHub/Arch-Lab-/final project/MARS files/MIPS single cycle Architecture/Quartus/div_pll/synthesis/submodules/div_pll_pll_0.v Line: 85
Info (10008): Verilog HDL or VHDL information: EDA Netlist Writer cannot regroup multidimensional array "wire_to_nowhere_64" into its bus
Info (12130): Elaborated megafunction instantiation "div_pll:pll_1|div_pll_pll_0:pll_0|altera_pll:altera_pll_i" File: C:/Users/barmu/Documents/GitHub/Arch-Lab-/final project/MARS files/MIPS single cycle Architecture/Quartus/div_pll/synthesis/submodules/div_pll_pll_0.v Line: 85
Info (12133): Instantiated megafunction "div_pll:pll_1|div_pll_pll_0:pll_0|altera_pll:altera_pll_i" with the following parameter: File: C:/Users/barmu/Documents/GitHub/Arch-Lab-/final project/MARS files/MIPS single cycle Architecture/Quartus/div_pll/synthesis/submodules/div_pll_pll_0.v Line: 85
    Info (12134): Parameter "fractional_vco_multiplier" = "false"
    Info (12134): Parameter "reference_clock_frequency" = "50.0 MHz"
    Info (12134): Parameter "operation_mode" = "direct"
    Info (12134): Parameter "number_of_clocks" = "1"
    Info (12134): Parameter "output_clock_frequency0" = "200.000000 MHz"
    Info (12134): Parameter "phase_shift0" = "0 ps"
    Info (12134): Parameter "duty_cycle0" = "50"
    Info (12134): Parameter "output_clock_frequency1" = "0 MHz"
    Info (12134): Parameter "phase_shift1" = "0 ps"
    Info (12134): Parameter "duty_cycle1" = "50"
    Info (12134): Parameter "output_clock_frequency2" = "0 MHz"
    Info (12134): Parameter "phase_shift2" = "0 ps"
    Info (12134): Parameter "duty_cycle2" = "50"
    Info (12134): Parameter "output_clock_frequency3" = "0 MHz"
    Info (12134): Parameter "phase_shift3" = "0 ps"
    Info (12134): Parameter "duty_cycle3" = "50"
    Info (12134): Parameter "output_clock_frequency4" = "0 MHz"
    Info (12134): Parameter "phase_shift4" = "0 ps"
    Info (12134): Parameter "duty_cycle4" = "50"
    Info (12134): Parameter "output_clock_frequency5" = "0 MHz"
    Info (12134): Parameter "phase_shift5" = "0 ps"
    Info (12134): Parameter "duty_cycle5" = "50"
    Info (12134): Parameter "output_clock_frequency6" = "0 MHz"
    Info (12134): Parameter "phase_shift6" = "0 ps"
    Info (12134): Parameter "duty_cycle6" = "50"
    Info (12134): Parameter "output_clock_frequency7" = "0 MHz"
    Info (12134): Parameter "phase_shift7" = "0 ps"
    Info (12134): Parameter "duty_cycle7" = "50"
    Info (12134): Parameter "output_clock_frequency8" = "0 MHz"
    Info (12134): Parameter "phase_shift8" = "0 ps"
    Info (12134): Parameter "duty_cycle8" = "50"
    Info (12134): Parameter "output_clock_frequency9" = "0 MHz"
    Info (12134): Parameter "phase_shift9" = "0 ps"
    Info (12134): Parameter "duty_cycle9" = "50"
    Info (12134): Parameter "output_clock_frequency10" = "0 MHz"
    Info (12134): Parameter "phase_shift10" = "0 ps"
    Info (12134): Parameter "duty_cycle10" = "50"
    Info (12134): Parameter "output_clock_frequency11" = "0 MHz"
    Info (12134): Parameter "phase_shift11" = "0 ps"
    Info (12134): Parameter "duty_cycle11" = "50"
    Info (12134): Parameter "output_clock_frequency12" = "0 MHz"
    Info (12134): Parameter "phase_shift12" = "0 ps"
    Info (12134): Parameter "duty_cycle12" = "50"
    Info (12134): Parameter "output_clock_frequency13" = "0 MHz"
    Info (12134): Parameter "phase_shift13" = "0 ps"
    Info (12134): Parameter "duty_cycle13" = "50"
    Info (12134): Parameter "output_clock_frequency14" = "0 MHz"
    Info (12134): Parameter "phase_shift14" = "0 ps"
    Info (12134): Parameter "duty_cycle14" = "50"
    Info (12134): Parameter "output_clock_frequency15" = "0 MHz"
    Info (12134): Parameter "phase_shift15" = "0 ps"
    Info (12134): Parameter "duty_cycle15" = "50"
    Info (12134): Parameter "output_clock_frequency16" = "0 MHz"
    Info (12134): Parameter "phase_shift16" = "0 ps"
    Info (12134): Parameter "duty_cycle16" = "50"
    Info (12134): Parameter "output_clock_frequency17" = "0 MHz"
    Info (12134): Parameter "phase_shift17" = "0 ps"
    Info (12134): Parameter "duty_cycle17" = "50"
    Info (12134): Parameter "pll_type" = "General"
    Info (12134): Parameter "pll_subtype" = "General"
Warning (12241): 1 hierarchies have connectivity warnings - see the Connectivity Checks report folder
Warning (13024): Output pins are stuck at VCC or GND
    Warning (13410): Pin "result[0]" is stuck at GND File: C:/Users/barmu/Documents/GitHub/Arch-Lab-/final project/MARS files/MIPS single cycle Architecture/ModelSim/DUT/divider_wrap.vhd Line: 15
    Warning (13410): Pin "result[1]" is stuck at GND File: C:/Users/barmu/Documents/GitHub/Arch-Lab-/final project/MARS files/MIPS single cycle Architecture/ModelSim/DUT/divider_wrap.vhd Line: 15
    Warning (13410): Pin "result[2]" is stuck at GND File: C:/Users/barmu/Documents/GitHub/Arch-Lab-/final project/MARS files/MIPS single cycle Architecture/ModelSim/DUT/divider_wrap.vhd Line: 15
    Warning (13410): Pin "result[3]" is stuck at GND File: C:/Users/barmu/Documents/GitHub/Arch-Lab-/final project/MARS files/MIPS single cycle Architecture/ModelSim/DUT/divider_wrap.vhd Line: 15
    Warning (13410): Pin "result[4]" is stuck at GND File: C:/Users/barmu/Documents/GitHub/Arch-Lab-/final project/MARS files/MIPS single cycle Architecture/ModelSim/DUT/divider_wrap.vhd Line: 15
    Warning (13410): Pin "result[5]" is stuck at GND File: C:/Users/barmu/Documents/GitHub/Arch-Lab-/final project/MARS files/MIPS single cycle Architecture/ModelSim/DUT/divider_wrap.vhd Line: 15
    Warning (13410): Pin "result[6]" is stuck at GND File: C:/Users/barmu/Documents/GitHub/Arch-Lab-/final project/MARS files/MIPS single cycle Architecture/ModelSim/DUT/divider_wrap.vhd Line: 15
    Warning (13410): Pin "result[7]" is stuck at GND File: C:/Users/barmu/Documents/GitHub/Arch-Lab-/final project/MARS files/MIPS single cycle Architecture/ModelSim/DUT/divider_wrap.vhd Line: 15
    Warning (13410): Pin "result[8]" is stuck at GND File: C:/Users/barmu/Documents/GitHub/Arch-Lab-/final project/MARS files/MIPS single cycle Architecture/ModelSim/DUT/divider_wrap.vhd Line: 15
    Warning (13410): Pin "result[9]" is stuck at GND File: C:/Users/barmu/Documents/GitHub/Arch-Lab-/final project/MARS files/MIPS single cycle Architecture/ModelSim/DUT/divider_wrap.vhd Line: 15
    Warning (13410): Pin "result[10]" is stuck at GND File: C:/Users/barmu/Documents/GitHub/Arch-Lab-/final project/MARS files/MIPS single cycle Architecture/ModelSim/DUT/divider_wrap.vhd Line: 15
    Warning (13410): Pin "result[11]" is stuck at GND File: C:/Users/barmu/Documents/GitHub/Arch-Lab-/final project/MARS files/MIPS single cycle Architecture/ModelSim/DUT/divider_wrap.vhd Line: 15
    Warning (13410): Pin "result[12]" is stuck at GND File: C:/Users/barmu/Documents/GitHub/Arch-Lab-/final project/MARS files/MIPS single cycle Architecture/ModelSim/DUT/divider_wrap.vhd Line: 15
    Warning (13410): Pin "result[13]" is stuck at GND File: C:/Users/barmu/Documents/GitHub/Arch-Lab-/final project/MARS files/MIPS single cycle Architecture/ModelSim/DUT/divider_wrap.vhd Line: 15
    Warning (13410): Pin "result[14]" is stuck at GND File: C:/Users/barmu/Documents/GitHub/Arch-Lab-/final project/MARS files/MIPS single cycle Architecture/ModelSim/DUT/divider_wrap.vhd Line: 15
    Warning (13410): Pin "result[15]" is stuck at GND File: C:/Users/barmu/Documents/GitHub/Arch-Lab-/final project/MARS files/MIPS single cycle Architecture/ModelSim/DUT/divider_wrap.vhd Line: 15
    Warning (13410): Pin "result[16]" is stuck at GND File: C:/Users/barmu/Documents/GitHub/Arch-Lab-/final project/MARS files/MIPS single cycle Architecture/ModelSim/DUT/divider_wrap.vhd Line: 15
    Warning (13410): Pin "result[17]" is stuck at GND File: C:/Users/barmu/Documents/GitHub/Arch-Lab-/final project/MARS files/MIPS single cycle Architecture/ModelSim/DUT/divider_wrap.vhd Line: 15
    Warning (13410): Pin "result[18]" is stuck at GND File: C:/Users/barmu/Documents/GitHub/Arch-Lab-/final project/MARS files/MIPS single cycle Architecture/ModelSim/DUT/divider_wrap.vhd Line: 15
    Warning (13410): Pin "result[19]" is stuck at GND File: C:/Users/barmu/Documents/GitHub/Arch-Lab-/final project/MARS files/MIPS single cycle Architecture/ModelSim/DUT/divider_wrap.vhd Line: 15
    Warning (13410): Pin "result[20]" is stuck at GND File: C:/Users/barmu/Documents/GitHub/Arch-Lab-/final project/MARS files/MIPS single cycle Architecture/ModelSim/DUT/divider_wrap.vhd Line: 15
    Warning (13410): Pin "result[21]" is stuck at GND File: C:/Users/barmu/Documents/GitHub/Arch-Lab-/final project/MARS files/MIPS single cycle Architecture/ModelSim/DUT/divider_wrap.vhd Line: 15
    Warning (13410): Pin "result[22]" is stuck at GND File: C:/Users/barmu/Documents/GitHub/Arch-Lab-/final project/MARS files/MIPS single cycle Architecture/ModelSim/DUT/divider_wrap.vhd Line: 15
    Warning (13410): Pin "result[23]" is stuck at GND File: C:/Users/barmu/Documents/GitHub/Arch-Lab-/final project/MARS files/MIPS single cycle Architecture/ModelSim/DUT/divider_wrap.vhd Line: 15
    Warning (13410): Pin "result[24]" is stuck at GND File: C:/Users/barmu/Documents/GitHub/Arch-Lab-/final project/MARS files/MIPS single cycle Architecture/ModelSim/DUT/divider_wrap.vhd Line: 15
    Warning (13410): Pin "result[25]" is stuck at GND File: C:/Users/barmu/Documents/GitHub/Arch-Lab-/final project/MARS files/MIPS single cycle Architecture/ModelSim/DUT/divider_wrap.vhd Line: 15
    Warning (13410): Pin "result[26]" is stuck at GND File: C:/Users/barmu/Documents/GitHub/Arch-Lab-/final project/MARS files/MIPS single cycle Architecture/ModelSim/DUT/divider_wrap.vhd Line: 15
    Warning (13410): Pin "result[27]" is stuck at GND File: C:/Users/barmu/Documents/GitHub/Arch-Lab-/final project/MARS files/MIPS single cycle Architecture/ModelSim/DUT/divider_wrap.vhd Line: 15
    Warning (13410): Pin "result[28]" is stuck at GND File: C:/Users/barmu/Documents/GitHub/Arch-Lab-/final project/MARS files/MIPS single cycle Architecture/ModelSim/DUT/divider_wrap.vhd Line: 15
    Warning (13410): Pin "result[29]" is stuck at GND File: C:/Users/barmu/Documents/GitHub/Arch-Lab-/final project/MARS files/MIPS single cycle Architecture/ModelSim/DUT/divider_wrap.vhd Line: 15
    Warning (13410): Pin "result[30]" is stuck at GND File: C:/Users/barmu/Documents/GitHub/Arch-Lab-/final project/MARS files/MIPS single cycle Architecture/ModelSim/DUT/divider_wrap.vhd Line: 15
    Warning (13410): Pin "result[31]" is stuck at GND File: C:/Users/barmu/Documents/GitHub/Arch-Lab-/final project/MARS files/MIPS single cycle Architecture/ModelSim/DUT/divider_wrap.vhd Line: 15
    Warning (13410): Pin "remainder[0]" is stuck at GND File: C:/Users/barmu/Documents/GitHub/Arch-Lab-/final project/MARS files/MIPS single cycle Architecture/ModelSim/DUT/divider_wrap.vhd Line: 16
    Warning (13410): Pin "remainder[1]" is stuck at GND File: C:/Users/barmu/Documents/GitHub/Arch-Lab-/final project/MARS files/MIPS single cycle Architecture/ModelSim/DUT/divider_wrap.vhd Line: 16
    Warning (13410): Pin "remainder[2]" is stuck at GND File: C:/Users/barmu/Documents/GitHub/Arch-Lab-/final project/MARS files/MIPS single cycle Architecture/ModelSim/DUT/divider_wrap.vhd Line: 16
    Warning (13410): Pin "remainder[3]" is stuck at GND File: C:/Users/barmu/Documents/GitHub/Arch-Lab-/final project/MARS files/MIPS single cycle Architecture/ModelSim/DUT/divider_wrap.vhd Line: 16
    Warning (13410): Pin "remainder[4]" is stuck at GND File: C:/Users/barmu/Documents/GitHub/Arch-Lab-/final project/MARS files/MIPS single cycle Architecture/ModelSim/DUT/divider_wrap.vhd Line: 16
    Warning (13410): Pin "remainder[5]" is stuck at GND File: C:/Users/barmu/Documents/GitHub/Arch-Lab-/final project/MARS files/MIPS single cycle Architecture/ModelSim/DUT/divider_wrap.vhd Line: 16
    Warning (13410): Pin "remainder[6]" is stuck at GND File: C:/Users/barmu/Documents/GitHub/Arch-Lab-/final project/MARS files/MIPS single cycle Architecture/ModelSim/DUT/divider_wrap.vhd Line: 16
    Warning (13410): Pin "remainder[7]" is stuck at GND File: C:/Users/barmu/Documents/GitHub/Arch-Lab-/final project/MARS files/MIPS single cycle Architecture/ModelSim/DUT/divider_wrap.vhd Line: 16
    Warning (13410): Pin "remainder[8]" is stuck at GND File: C:/Users/barmu/Documents/GitHub/Arch-Lab-/final project/MARS files/MIPS single cycle Architecture/ModelSim/DUT/divider_wrap.vhd Line: 16
    Warning (13410): Pin "remainder[9]" is stuck at GND File: C:/Users/barmu/Documents/GitHub/Arch-Lab-/final project/MARS files/MIPS single cycle Architecture/ModelSim/DUT/divider_wrap.vhd Line: 16
    Warning (13410): Pin "remainder[10]" is stuck at GND File: C:/Users/barmu/Documents/GitHub/Arch-Lab-/final project/MARS files/MIPS single cycle Architecture/ModelSim/DUT/divider_wrap.vhd Line: 16
    Warning (13410): Pin "remainder[11]" is stuck at GND File: C:/Users/barmu/Documents/GitHub/Arch-Lab-/final project/MARS files/MIPS single cycle Architecture/ModelSim/DUT/divider_wrap.vhd Line: 16
    Warning (13410): Pin "remainder[12]" is stuck at GND File: C:/Users/barmu/Documents/GitHub/Arch-Lab-/final project/MARS files/MIPS single cycle Architecture/ModelSim/DUT/divider_wrap.vhd Line: 16
    Warning (13410): Pin "remainder[13]" is stuck at GND File: C:/Users/barmu/Documents/GitHub/Arch-Lab-/final project/MARS files/MIPS single cycle Architecture/ModelSim/DUT/divider_wrap.vhd Line: 16
    Warning (13410): Pin "remainder[14]" is stuck at GND File: C:/Users/barmu/Documents/GitHub/Arch-Lab-/final project/MARS files/MIPS single cycle Architecture/ModelSim/DUT/divider_wrap.vhd Line: 16
    Warning (13410): Pin "remainder[15]" is stuck at GND File: C:/Users/barmu/Documents/GitHub/Arch-Lab-/final project/MARS files/MIPS single cycle Architecture/ModelSim/DUT/divider_wrap.vhd Line: 16
    Warning (13410): Pin "remainder[16]" is stuck at GND File: C:/Users/barmu/Documents/GitHub/Arch-Lab-/final project/MARS files/MIPS single cycle Architecture/ModelSim/DUT/divider_wrap.vhd Line: 16
    Warning (13410): Pin "remainder[17]" is stuck at GND File: C:/Users/barmu/Documents/GitHub/Arch-Lab-/final project/MARS files/MIPS single cycle Architecture/ModelSim/DUT/divider_wrap.vhd Line: 16
    Warning (13410): Pin "remainder[18]" is stuck at GND File: C:/Users/barmu/Documents/GitHub/Arch-Lab-/final project/MARS files/MIPS single cycle Architecture/ModelSim/DUT/divider_wrap.vhd Line: 16
    Warning (13410): Pin "remainder[19]" is stuck at GND File: C:/Users/barmu/Documents/GitHub/Arch-Lab-/final project/MARS files/MIPS single cycle Architecture/ModelSim/DUT/divider_wrap.vhd Line: 16
    Warning (13410): Pin "remainder[20]" is stuck at GND File: C:/Users/barmu/Documents/GitHub/Arch-Lab-/final project/MARS files/MIPS single cycle Architecture/ModelSim/DUT/divider_wrap.vhd Line: 16
    Warning (13410): Pin "remainder[21]" is stuck at GND File: C:/Users/barmu/Documents/GitHub/Arch-Lab-/final project/MARS files/MIPS single cycle Architecture/ModelSim/DUT/divider_wrap.vhd Line: 16
    Warning (13410): Pin "remainder[22]" is stuck at GND File: C:/Users/barmu/Documents/GitHub/Arch-Lab-/final project/MARS files/MIPS single cycle Architecture/ModelSim/DUT/divider_wrap.vhd Line: 16
    Warning (13410): Pin "remainder[23]" is stuck at GND File: C:/Users/barmu/Documents/GitHub/Arch-Lab-/final project/MARS files/MIPS single cycle Architecture/ModelSim/DUT/divider_wrap.vhd Line: 16
    Warning (13410): Pin "remainder[24]" is stuck at GND File: C:/Users/barmu/Documents/GitHub/Arch-Lab-/final project/MARS files/MIPS single cycle Architecture/ModelSim/DUT/divider_wrap.vhd Line: 16
    Warning (13410): Pin "remainder[25]" is stuck at GND File: C:/Users/barmu/Documents/GitHub/Arch-Lab-/final project/MARS files/MIPS single cycle Architecture/ModelSim/DUT/divider_wrap.vhd Line: 16
    Warning (13410): Pin "remainder[26]" is stuck at GND File: C:/Users/barmu/Documents/GitHub/Arch-Lab-/final project/MARS files/MIPS single cycle Architecture/ModelSim/DUT/divider_wrap.vhd Line: 16
    Warning (13410): Pin "remainder[27]" is stuck at GND File: C:/Users/barmu/Documents/GitHub/Arch-Lab-/final project/MARS files/MIPS single cycle Architecture/ModelSim/DUT/divider_wrap.vhd Line: 16
    Warning (13410): Pin "remainder[28]" is stuck at GND File: C:/Users/barmu/Documents/GitHub/Arch-Lab-/final project/MARS files/MIPS single cycle Architecture/ModelSim/DUT/divider_wrap.vhd Line: 16
    Warning (13410): Pin "remainder[29]" is stuck at GND File: C:/Users/barmu/Documents/GitHub/Arch-Lab-/final project/MARS files/MIPS single cycle Architecture/ModelSim/DUT/divider_wrap.vhd Line: 16
    Warning (13410): Pin "remainder[30]" is stuck at GND File: C:/Users/barmu/Documents/GitHub/Arch-Lab-/final project/MARS files/MIPS single cycle Architecture/ModelSim/DUT/divider_wrap.vhd Line: 16
    Warning (13410): Pin "remainder[31]" is stuck at GND File: C:/Users/barmu/Documents/GitHub/Arch-Lab-/final project/MARS files/MIPS single cycle Architecture/ModelSim/DUT/divider_wrap.vhd Line: 16
Info (286030): Timing-Driven Synthesis is running
Info (16010): Generating hard_block partition "hard_block:auto_generated_inst"
    Info (16011): Adding 3 node(s), including 0 DDIO, 1 PLL, 0 transceiver and 0 LCELL
Warning: RST port on the PLL is not properly connected on instance div_pll:pll_1|div_pll_pll_0:pll_0|altera_pll:altera_pll_i|general[0].gpll. The reset port on the PLL should be connected. If the PLL loses lock for any reason, you might need to manually reset the PLL in order to re-establish lock to the reference clock. File: d:/intel/fpga_lite/quartus/libraries/megafunctions/altera_pll.v Line: 749
    Info: Must be connected
Warning (21074): Design contains 64 input pin(s) that do not drive logic
    Warning (15610): No output dependent on input pin "dividend[0]" File: C:/Users/barmu/Documents/GitHub/Arch-Lab-/final project/MARS files/MIPS single cycle Architecture/ModelSim/DUT/divider_wrap.vhd Line: 9
    Warning (15610): No output dependent on input pin "dividend[1]" File: C:/Users/barmu/Documents/GitHub/Arch-Lab-/final project/MARS files/MIPS single cycle Architecture/ModelSim/DUT/divider_wrap.vhd Line: 9
    Warning (15610): No output dependent on input pin "dividend[2]" File: C:/Users/barmu/Documents/GitHub/Arch-Lab-/final project/MARS files/MIPS single cycle Architecture/ModelSim/DUT/divider_wrap.vhd Line: 9
    Warning (15610): No output dependent on input pin "dividend[3]" File: C:/Users/barmu/Documents/GitHub/Arch-Lab-/final project/MARS files/MIPS single cycle Architecture/ModelSim/DUT/divider_wrap.vhd Line: 9
    Warning (15610): No output dependent on input pin "dividend[4]" File: C:/Users/barmu/Documents/GitHub/Arch-Lab-/final project/MARS files/MIPS single cycle Architecture/ModelSim/DUT/divider_wrap.vhd Line: 9
    Warning (15610): No output dependent on input pin "dividend[5]" File: C:/Users/barmu/Documents/GitHub/Arch-Lab-/final project/MARS files/MIPS single cycle Architecture/ModelSim/DUT/divider_wrap.vhd Line: 9
    Warning (15610): No output dependent on input pin "dividend[6]" File: C:/Users/barmu/Documents/GitHub/Arch-Lab-/final project/MARS files/MIPS single cycle Architecture/ModelSim/DUT/divider_wrap.vhd Line: 9
    Warning (15610): No output dependent on input pin "dividend[7]" File: C:/Users/barmu/Documents/GitHub/Arch-Lab-/final project/MARS files/MIPS single cycle Architecture/ModelSim/DUT/divider_wrap.vhd Line: 9
    Warning (15610): No output dependent on input pin "dividend[8]" File: C:/Users/barmu/Documents/GitHub/Arch-Lab-/final project/MARS files/MIPS single cycle Architecture/ModelSim/DUT/divider_wrap.vhd Line: 9
    Warning (15610): No output dependent on input pin "dividend[9]" File: C:/Users/barmu/Documents/GitHub/Arch-Lab-/final project/MARS files/MIPS single cycle Architecture/ModelSim/DUT/divider_wrap.vhd Line: 9
    Warning (15610): No output dependent on input pin "dividend[10]" File: C:/Users/barmu/Documents/GitHub/Arch-Lab-/final project/MARS files/MIPS single cycle Architecture/ModelSim/DUT/divider_wrap.vhd Line: 9
    Warning (15610): No output dependent on input pin "dividend[11]" File: C:/Users/barmu/Documents/GitHub/Arch-Lab-/final project/MARS files/MIPS single cycle Architecture/ModelSim/DUT/divider_wrap.vhd Line: 9
    Warning (15610): No output dependent on input pin "dividend[12]" File: C:/Users/barmu/Documents/GitHub/Arch-Lab-/final project/MARS files/MIPS single cycle Architecture/ModelSim/DUT/divider_wrap.vhd Line: 9
    Warning (15610): No output dependent on input pin "dividend[13]" File: C:/Users/barmu/Documents/GitHub/Arch-Lab-/final project/MARS files/MIPS single cycle Architecture/ModelSim/DUT/divider_wrap.vhd Line: 9
    Warning (15610): No output dependent on input pin "dividend[14]" File: C:/Users/barmu/Documents/GitHub/Arch-Lab-/final project/MARS files/MIPS single cycle Architecture/ModelSim/DUT/divider_wrap.vhd Line: 9
    Warning (15610): No output dependent on input pin "dividend[15]" File: C:/Users/barmu/Documents/GitHub/Arch-Lab-/final project/MARS files/MIPS single cycle Architecture/ModelSim/DUT/divider_wrap.vhd Line: 9
    Warning (15610): No output dependent on input pin "dividend[16]" File: C:/Users/barmu/Documents/GitHub/Arch-Lab-/final project/MARS files/MIPS single cycle Architecture/ModelSim/DUT/divider_wrap.vhd Line: 9
    Warning (15610): No output dependent on input pin "dividend[17]" File: C:/Users/barmu/Documents/GitHub/Arch-Lab-/final project/MARS files/MIPS single cycle Architecture/ModelSim/DUT/divider_wrap.vhd Line: 9
    Warning (15610): No output dependent on input pin "dividend[18]" File: C:/Users/barmu/Documents/GitHub/Arch-Lab-/final project/MARS files/MIPS single cycle Architecture/ModelSim/DUT/divider_wrap.vhd Line: 9
    Warning (15610): No output dependent on input pin "dividend[19]" File: C:/Users/barmu/Documents/GitHub/Arch-Lab-/final project/MARS files/MIPS single cycle Architecture/ModelSim/DUT/divider_wrap.vhd Line: 9
    Warning (15610): No output dependent on input pin "dividend[20]" File: C:/Users/barmu/Documents/GitHub/Arch-Lab-/final project/MARS files/MIPS single cycle Architecture/ModelSim/DUT/divider_wrap.vhd Line: 9
    Warning (15610): No output dependent on input pin "dividend[21]" File: C:/Users/barmu/Documents/GitHub/Arch-Lab-/final project/MARS files/MIPS single cycle Architecture/ModelSim/DUT/divider_wrap.vhd Line: 9
    Warning (15610): No output dependent on input pin "dividend[22]" File: C:/Users/barmu/Documents/GitHub/Arch-Lab-/final project/MARS files/MIPS single cycle Architecture/ModelSim/DUT/divider_wrap.vhd Line: 9
    Warning (15610): No output dependent on input pin "dividend[23]" File: C:/Users/barmu/Documents/GitHub/Arch-Lab-/final project/MARS files/MIPS single cycle Architecture/ModelSim/DUT/divider_wrap.vhd Line: 9
    Warning (15610): No output dependent on input pin "dividend[24]" File: C:/Users/barmu/Documents/GitHub/Arch-Lab-/final project/MARS files/MIPS single cycle Architecture/ModelSim/DUT/divider_wrap.vhd Line: 9
    Warning (15610): No output dependent on input pin "dividend[25]" File: C:/Users/barmu/Documents/GitHub/Arch-Lab-/final project/MARS files/MIPS single cycle Architecture/ModelSim/DUT/divider_wrap.vhd Line: 9
    Warning (15610): No output dependent on input pin "dividend[26]" File: C:/Users/barmu/Documents/GitHub/Arch-Lab-/final project/MARS files/MIPS single cycle Architecture/ModelSim/DUT/divider_wrap.vhd Line: 9
    Warning (15610): No output dependent on input pin "dividend[27]" File: C:/Users/barmu/Documents/GitHub/Arch-Lab-/final project/MARS files/MIPS single cycle Architecture/ModelSim/DUT/divider_wrap.vhd Line: 9
    Warning (15610): No output dependent on input pin "dividend[28]" File: C:/Users/barmu/Documents/GitHub/Arch-Lab-/final project/MARS files/MIPS single cycle Architecture/ModelSim/DUT/divider_wrap.vhd Line: 9
    Warning (15610): No output dependent on input pin "dividend[29]" File: C:/Users/barmu/Documents/GitHub/Arch-Lab-/final project/MARS files/MIPS single cycle Architecture/ModelSim/DUT/divider_wrap.vhd Line: 9
    Warning (15610): No output dependent on input pin "dividend[30]" File: C:/Users/barmu/Documents/GitHub/Arch-Lab-/final project/MARS files/MIPS single cycle Architecture/ModelSim/DUT/divider_wrap.vhd Line: 9
    Warning (15610): No output dependent on input pin "dividend[31]" File: C:/Users/barmu/Documents/GitHub/Arch-Lab-/final project/MARS files/MIPS single cycle Architecture/ModelSim/DUT/divider_wrap.vhd Line: 9
    Warning (15610): No output dependent on input pin "divisor[0]" File: C:/Users/barmu/Documents/GitHub/Arch-Lab-/final project/MARS files/MIPS single cycle Architecture/ModelSim/DUT/divider_wrap.vhd Line: 10
    Warning (15610): No output dependent on input pin "divisor[1]" File: C:/Users/barmu/Documents/GitHub/Arch-Lab-/final project/MARS files/MIPS single cycle Architecture/ModelSim/DUT/divider_wrap.vhd Line: 10
    Warning (15610): No output dependent on input pin "divisor[2]" File: C:/Users/barmu/Documents/GitHub/Arch-Lab-/final project/MARS files/MIPS single cycle Architecture/ModelSim/DUT/divider_wrap.vhd Line: 10
    Warning (15610): No output dependent on input pin "divisor[3]" File: C:/Users/barmu/Documents/GitHub/Arch-Lab-/final project/MARS files/MIPS single cycle Architecture/ModelSim/DUT/divider_wrap.vhd Line: 10
    Warning (15610): No output dependent on input pin "divisor[4]" File: C:/Users/barmu/Documents/GitHub/Arch-Lab-/final project/MARS files/MIPS single cycle Architecture/ModelSim/DUT/divider_wrap.vhd Line: 10
    Warning (15610): No output dependent on input pin "divisor[5]" File: C:/Users/barmu/Documents/GitHub/Arch-Lab-/final project/MARS files/MIPS single cycle Architecture/ModelSim/DUT/divider_wrap.vhd Line: 10
    Warning (15610): No output dependent on input pin "divisor[6]" File: C:/Users/barmu/Documents/GitHub/Arch-Lab-/final project/MARS files/MIPS single cycle Architecture/ModelSim/DUT/divider_wrap.vhd Line: 10
    Warning (15610): No output dependent on input pin "divisor[7]" File: C:/Users/barmu/Documents/GitHub/Arch-Lab-/final project/MARS files/MIPS single cycle Architecture/ModelSim/DUT/divider_wrap.vhd Line: 10
    Warning (15610): No output dependent on input pin "divisor[8]" File: C:/Users/barmu/Documents/GitHub/Arch-Lab-/final project/MARS files/MIPS single cycle Architecture/ModelSim/DUT/divider_wrap.vhd Line: 10
    Warning (15610): No output dependent on input pin "divisor[9]" File: C:/Users/barmu/Documents/GitHub/Arch-Lab-/final project/MARS files/MIPS single cycle Architecture/ModelSim/DUT/divider_wrap.vhd Line: 10
    Warning (15610): No output dependent on input pin "divisor[10]" File: C:/Users/barmu/Documents/GitHub/Arch-Lab-/final project/MARS files/MIPS single cycle Architecture/ModelSim/DUT/divider_wrap.vhd Line: 10
    Warning (15610): No output dependent on input pin "divisor[11]" File: C:/Users/barmu/Documents/GitHub/Arch-Lab-/final project/MARS files/MIPS single cycle Architecture/ModelSim/DUT/divider_wrap.vhd Line: 10
    Warning (15610): No output dependent on input pin "divisor[12]" File: C:/Users/barmu/Documents/GitHub/Arch-Lab-/final project/MARS files/MIPS single cycle Architecture/ModelSim/DUT/divider_wrap.vhd Line: 10
    Warning (15610): No output dependent on input pin "divisor[13]" File: C:/Users/barmu/Documents/GitHub/Arch-Lab-/final project/MARS files/MIPS single cycle Architecture/ModelSim/DUT/divider_wrap.vhd Line: 10
    Warning (15610): No output dependent on input pin "divisor[14]" File: C:/Users/barmu/Documents/GitHub/Arch-Lab-/final project/MARS files/MIPS single cycle Architecture/ModelSim/DUT/divider_wrap.vhd Line: 10
    Warning (15610): No output dependent on input pin "divisor[15]" File: C:/Users/barmu/Documents/GitHub/Arch-Lab-/final project/MARS files/MIPS single cycle Architecture/ModelSim/DUT/divider_wrap.vhd Line: 10
    Warning (15610): No output dependent on input pin "divisor[16]" File: C:/Users/barmu/Documents/GitHub/Arch-Lab-/final project/MARS files/MIPS single cycle Architecture/ModelSim/DUT/divider_wrap.vhd Line: 10
    Warning (15610): No output dependent on input pin "divisor[17]" File: C:/Users/barmu/Documents/GitHub/Arch-Lab-/final project/MARS files/MIPS single cycle Architecture/ModelSim/DUT/divider_wrap.vhd Line: 10
    Warning (15610): No output dependent on input pin "divisor[18]" File: C:/Users/barmu/Documents/GitHub/Arch-Lab-/final project/MARS files/MIPS single cycle Architecture/ModelSim/DUT/divider_wrap.vhd Line: 10
    Warning (15610): No output dependent on input pin "divisor[19]" File: C:/Users/barmu/Documents/GitHub/Arch-Lab-/final project/MARS files/MIPS single cycle Architecture/ModelSim/DUT/divider_wrap.vhd Line: 10
    Warning (15610): No output dependent on input pin "divisor[20]" File: C:/Users/barmu/Documents/GitHub/Arch-Lab-/final project/MARS files/MIPS single cycle Architecture/ModelSim/DUT/divider_wrap.vhd Line: 10
    Warning (15610): No output dependent on input pin "divisor[21]" File: C:/Users/barmu/Documents/GitHub/Arch-Lab-/final project/MARS files/MIPS single cycle Architecture/ModelSim/DUT/divider_wrap.vhd Line: 10
    Warning (15610): No output dependent on input pin "divisor[22]" File: C:/Users/barmu/Documents/GitHub/Arch-Lab-/final project/MARS files/MIPS single cycle Architecture/ModelSim/DUT/divider_wrap.vhd Line: 10
    Warning (15610): No output dependent on input pin "divisor[23]" File: C:/Users/barmu/Documents/GitHub/Arch-Lab-/final project/MARS files/MIPS single cycle Architecture/ModelSim/DUT/divider_wrap.vhd Line: 10
    Warning (15610): No output dependent on input pin "divisor[24]" File: C:/Users/barmu/Documents/GitHub/Arch-Lab-/final project/MARS files/MIPS single cycle Architecture/ModelSim/DUT/divider_wrap.vhd Line: 10
    Warning (15610): No output dependent on input pin "divisor[25]" File: C:/Users/barmu/Documents/GitHub/Arch-Lab-/final project/MARS files/MIPS single cycle Architecture/ModelSim/DUT/divider_wrap.vhd Line: 10
    Warning (15610): No output dependent on input pin "divisor[26]" File: C:/Users/barmu/Documents/GitHub/Arch-Lab-/final project/MARS files/MIPS single cycle Architecture/ModelSim/DUT/divider_wrap.vhd Line: 10
    Warning (15610): No output dependent on input pin "divisor[27]" File: C:/Users/barmu/Documents/GitHub/Arch-Lab-/final project/MARS files/MIPS single cycle Architecture/ModelSim/DUT/divider_wrap.vhd Line: 10
    Warning (15610): No output dependent on input pin "divisor[28]" File: C:/Users/barmu/Documents/GitHub/Arch-Lab-/final project/MARS files/MIPS single cycle Architecture/ModelSim/DUT/divider_wrap.vhd Line: 10
    Warning (15610): No output dependent on input pin "divisor[29]" File: C:/Users/barmu/Documents/GitHub/Arch-Lab-/final project/MARS files/MIPS single cycle Architecture/ModelSim/DUT/divider_wrap.vhd Line: 10
    Warning (15610): No output dependent on input pin "divisor[30]" File: C:/Users/barmu/Documents/GitHub/Arch-Lab-/final project/MARS files/MIPS single cycle Architecture/ModelSim/DUT/divider_wrap.vhd Line: 10
    Warning (15610): No output dependent on input pin "divisor[31]" File: C:/Users/barmu/Documents/GitHub/Arch-Lab-/final project/MARS files/MIPS single cycle Architecture/ModelSim/DUT/divider_wrap.vhd Line: 10
Info (21057): Implemented 176 device resources after synthesis - the final resource count might be different
    Info (21058): Implemented 67 input pins
    Info (21059): Implemented 65 output pins
    Info (21061): Implemented 43 logic cells
    Info (21065): Implemented 1 PLLs
Info: Quartus Prime Analysis & Synthesis was successful. 0 errors, 139 warnings
    Info: Peak virtual memory: 4891 megabytes
    Info: Processing ended: Sun Sep  1 18:14:08 2024
    Info: Elapsed time: 00:00:13
    Info: Total CPU time (on all processors): 00:00:27


