Flow report for pre_accelerators
Mon Sep  2 13:50:23 2024
Quartus Prime Version 21.1.0 Build 842 10/21/2021 SJ Lite Edition


---------------------
; Table of Contents ;
---------------------
  1. Legal Notice
  2. Flow Summary
  3. Flow Settings
  4. Flow Non-Default Global Settings
  5. Flow Elapsed Time
  6. Flow OS Summary
  7. Flow Log
  8. Flow Messages
  9. Flow Suppressed Messages



----------------
; Legal Notice ;
----------------
Copyright (C) 2021  Intel Corporation. All rights reserved.
Your use of Intel Corporation's design tools, logic functions 
and other software and tools, and any partner logic 
functions, and any output files from any of the foregoing 
(including device programming or simulation files), and any 
associated documentation or information are expressly subject 
to the terms and conditions of the Intel Program License 
Subscription Agreement, the Intel Quartus Prime License Agreement,
the Intel FPGA IP License Agreement, or other applicable license
agreement, including, without limitation, that your use is for
the sole purpose of programming logic devices manufactured by
Intel and sold by Intel or its authorized distributors.  Please
refer to the applicable agreement for further details, at
https://fpgasoftware.intel.com/eula.



+-------------------------------------------------------------------------------+
; Flow Summary                                                                  ;
+---------------------------------+---------------------------------------------+
; Flow Status                     ; Successful - Mon Sep  2 13:50:23 2024       ;
; Quartus Prime Version           ; 21.1.0 Build 842 10/21/2021 SJ Lite Edition ;
; Revision Name                   ; pre_accelerators                            ;
; Top-level Entity Name           ; MCU                                         ;
; Family                          ; Cyclone V                                   ;
; Device                          ; 5CSXFC6D6F31C6                              ;
; Timing Models                   ; Final                                       ;
; Logic utilization (in ALMs)     ; 3,250 / 41,910 ( 8 % )                      ;
; Total registers                 ; 6753                                        ;
; Total pins                      ; 60 / 499 ( 12 % )                           ;
; Total virtual pins              ; 0                                           ;
; Total block memory bits         ; 1,757,184 / 5,662,720 ( 31 % )              ;
; Total DSP Blocks                ; 2 / 112 ( 2 % )                             ;
; Total HSSI RX PCSs              ; 0 / 9 ( 0 % )                               ;
; Total HSSI PMA RX Deserializers ; 0 / 9 ( 0 % )                               ;
; Total HSSI TX PCSs              ; 0 / 9 ( 0 % )                               ;
; Total HSSI PMA TX Serializers   ; 0 / 9 ( 0 % )                               ;
; Total PLLs                      ; 1 / 15 ( 7 % )                              ;
; Total DLLs                      ; 0 / 4 ( 0 % )                               ;
+---------------------------------+---------------------------------------------+


+-----------------------------------------+
; Flow Settings                           ;
+-------------------+---------------------+
; Option            ; Setting             ;
+-------------------+---------------------+
; Start date & time ; 09/02/2024 13:46:14 ;
; Main task         ; Compilation         ;
; Revision Name     ; pre_accelerators    ;
+-------------------+---------------------+


+-----------------------------------------------------------------------------------------------------------------------------------------------------------------------------------------------+
; Flow Non-Default Global Settings                                                                                                                                                              ;
+-------------------------------------+------------------------------------------------------------------------------------+------------------+-------------+-----------------------------------+
; Assignment Name                     ; Value                                                                              ; Default Value    ; Entity Name ; Section Id                        ;
+-------------------------------------+------------------------------------------------------------------------------------+------------------+-------------+-----------------------------------+
; COMPILER_SIGNATURE_ID               ; 220295163395520.172527397412740                                                    ; --               ; --          ; --                                ;
; EDA_GENERATE_FUNCTIONAL_NETLIST     ; Off                                                                                ; --               ; --          ; eda_board_design_timing           ;
; EDA_GENERATE_FUNCTIONAL_NETLIST     ; Off                                                                                ; --               ; --          ; eda_board_design_boundary_scan    ;
; EDA_GENERATE_FUNCTIONAL_NETLIST     ; Off                                                                                ; --               ; --          ; eda_board_design_signal_integrity ;
; EDA_GENERATE_FUNCTIONAL_NETLIST     ; Off                                                                                ; --               ; --          ; eda_board_design_symbol           ;
; EDA_OUTPUT_DATA_FORMAT              ; Vhdl                                                                               ; --               ; --          ; eda_simulation                    ;
; EDA_SIMULATION_TOOL                 ; ModelSim (VHDL)                                                                    ; <None>           ; --          ; --                                ;
; EDA_TIME_SCALE                      ; 1 ps                                                                               ; --               ; --          ; eda_simulation                    ;
; ENABLE_SIGNALTAP                    ; On                                                                                 ; --               ; --          ; --                                ;
; MAX_CORE_JUNCTION_TEMP              ; 85                                                                                 ; --               ; --          ; --                                ;
; MIN_CORE_JUNCTION_TEMP              ; 0                                                                                  ; --               ; --          ; --                                ;
; MISC_FILE                           ; pll2.cmp                                                                           ; --               ; --          ; --                                ;
; MISC_FILE                           ; pll2_sim/pll2.vho                                                                  ; --               ; --          ; --                                ;
; PARTITION_COLOR                     ; -- (Not supported for targeted family)                                             ; --               ; MCU         ; Top                               ;
; PARTITION_FITTER_PRESERVATION_LEVEL ; -- (Not supported for targeted family)                                             ; --               ; MCU         ; Top                               ;
; PARTITION_NETLIST_TYPE              ; -- (Not supported for targeted family)                                             ; --               ; MCU         ; Top                               ;
; POWER_BOARD_THERMAL_MODEL           ; None (CONSERVATIVE)                                                                ; --               ; --          ; --                                ;
; POWER_PRESET_COOLING_SOLUTION       ; 23 MM HEAT SINK WITH 200 LFPM AIRFLOW                                              ; --               ; --          ; --                                ;
; PROJECT_OUTPUT_DIRECTORY            ; output_files                                                                       ; --               ; --          ; --                                ;
; SLD_FILE                            ; db/stp_pre_accelerator_auto_stripped.stp                                           ; --               ; --          ; --                                ;
; SLD_NODE_CREATOR_ID                 ; 110                                                                                ; --               ; --          ; auto_signaltap_0                  ;
; SLD_NODE_ENTITY_NAME                ; sld_signaltap                                                                      ; --               ; --          ; auto_signaltap_0                  ;
; SLD_NODE_PARAMETER_ASSIGNMENT       ; SLD_RAM_BLOCK_TYPE=AUTO                                                            ; --               ; --          ; auto_signaltap_0                  ;
; SLD_NODE_PARAMETER_ASSIGNMENT       ; SLD_NODE_INFO=805334528                                                            ; --               ; --          ; auto_signaltap_0                  ;
; SLD_NODE_PARAMETER_ASSIGNMENT       ; SLD_POWER_UP_TRIGGER=0                                                             ; --               ; --          ; auto_signaltap_0                  ;
; SLD_NODE_PARAMETER_ASSIGNMENT       ; SLD_SEGMENT_SIZE=4096                                                              ; --               ; --          ; auto_signaltap_0                  ;
; SLD_NODE_PARAMETER_ASSIGNMENT       ; SLD_ATTRIBUTE_MEM_MODE=OFF                                                         ; --               ; --          ; auto_signaltap_0                  ;
; SLD_NODE_PARAMETER_ASSIGNMENT       ; SLD_STATE_FLOW_USE_GENERATED=0                                                     ; --               ; --          ; auto_signaltap_0                  ;
; SLD_NODE_PARAMETER_ASSIGNMENT       ; SLD_STATE_BITS=11                                                                  ; --               ; --          ; auto_signaltap_0                  ;
; SLD_NODE_PARAMETER_ASSIGNMENT       ; SLD_BUFFER_FULL_STOP=1                                                             ; --               ; --          ; auto_signaltap_0                  ;
; SLD_NODE_PARAMETER_ASSIGNMENT       ; SLD_CURRENT_RESOURCE_WIDTH=1                                                       ; --               ; --          ; auto_signaltap_0                  ;
; SLD_NODE_PARAMETER_ASSIGNMENT       ; SLD_INCREMENTAL_ROUTING=1                                                          ; --               ; --          ; auto_signaltap_0                  ;
; SLD_NODE_PARAMETER_ASSIGNMENT       ; SLD_TRIGGER_LEVEL=1                                                                ; --               ; --          ; auto_signaltap_0                  ;
; SLD_NODE_PARAMETER_ASSIGNMENT       ; SLD_SAMPLE_DEPTH=4096                                                              ; --               ; --          ; auto_signaltap_0                  ;
; SLD_NODE_PARAMETER_ASSIGNMENT       ; SLD_TRIGGER_IN_ENABLED=0                                                           ; --               ; --          ; auto_signaltap_0                  ;
; SLD_NODE_PARAMETER_ASSIGNMENT       ; SLD_TRIGGER_PIPELINE=0                                                             ; --               ; --          ; auto_signaltap_0                  ;
; SLD_NODE_PARAMETER_ASSIGNMENT       ; SLD_COUNTER_PIPELINE=0                                                             ; --               ; --          ; auto_signaltap_0                  ;
; SLD_NODE_PARAMETER_ASSIGNMENT       ; SLD_TRIGGER_LEVEL_PIPELINE=1                                                       ; --               ; --          ; auto_signaltap_0                  ;
; SLD_NODE_PARAMETER_ASSIGNMENT       ; SLD_ENABLE_ADVANCED_TRIGGER=1                                                      ; --               ; --          ; auto_signaltap_0                  ;
; SLD_NODE_PARAMETER_ASSIGNMENT       ; SLD_INVERSION_MASK=00000000000000000000000000                                      ; --               ; --          ; auto_signaltap_0                  ;
; SLD_NODE_PARAMETER_ASSIGNMENT       ; SLD_INVERSION_MASK_LENGTH=26                                                       ; --               ; --          ; auto_signaltap_0                  ;
; SLD_NODE_PARAMETER_ASSIGNMENT       ; SLD_STORAGE_QUALIFIER_INVERSION_MASK_LENGTH=0                                      ; --               ; --          ; auto_signaltap_0                  ;
; SLD_NODE_PARAMETER_ASSIGNMENT       ; SLD_RAM_PIPELINE=0                                                                 ; --               ; --          ; auto_signaltap_0                  ;
; SLD_NODE_PARAMETER_ASSIGNMENT       ; SLD_DATA_BITS=413                                                                  ; --               ; --          ; auto_signaltap_0                  ;
; SLD_NODE_PARAMETER_ASSIGNMENT       ; SLD_TRIGGER_BITS=413                                                               ; --               ; --          ; auto_signaltap_0                  ;
; SLD_NODE_PARAMETER_ASSIGNMENT       ; SLD_STORAGE_QUALIFIER_BITS=413                                                     ; --               ; --          ; auto_signaltap_0                  ;
; SLD_NODE_PARAMETER_ASSIGNMENT       ; SLD_ADVANCED_TRIGGER_ENTITY=sld_reserved_pre_accelerators_auto_signaltap_0_1_3bbd, ; --               ; --          ; auto_signaltap_0                  ;
; SPD_FILE                            ; pll2.spd                                                                           ; --               ; --          ; --                                ;
; SYNTHESIS_ONLY_QIP                  ; On                                                                                 ; --               ; --          ; --                                ;
; TOP_LEVEL_ENTITY                    ; MCU                                                                                ; pre_accelerators ; --          ; --                                ;
; USE_SIGNALTAP_FILE                  ; output_files/stp_pre_accelerator.stp                                               ; --               ; --          ; --                                ;
; VHDL_INPUT_VERSION                  ; VHDL_2008                                                                          ; VHDL_1993        ; --          ; --                                ;
; VHDL_SHOW_LMF_MAPPING_MESSAGES      ; Off                                                                                ; --               ; --          ; --                                ;
+-------------------------------------+------------------------------------------------------------------------------------+------------------+-------------+-----------------------------------+


+--------------------------------------------------------------------------------------------------------------------------+
; Flow Elapsed Time                                                                                                        ;
+----------------------+--------------+-------------------------+---------------------+------------------------------------+
; Module Name          ; Elapsed Time ; Average Processors Used ; Peak Virtual Memory ; Total CPU Time (on all processors) ;
+----------------------+--------------+-------------------------+---------------------+------------------------------------+
; Analysis & Synthesis ; 00:00:45     ; 1.0                     ; 5043 MB             ; 00:01:11                           ;
; Fitter               ; 00:02:30     ; 1.2                     ; 6694 MB             ; 00:05:51                           ;
; Assembler            ; 00:00:15     ; 1.0                     ; 4957 MB             ; 00:00:12                           ;
; Timing Analyzer      ; 00:00:19     ; 2.4                     ; 5373 MB             ; 00:00:41                           ;
; EDA Netlist Writer   ; 00:00:05     ; 1.0                     ; 4942 MB             ; 00:00:05                           ;
; Total                ; 00:03:54     ; --                      ; --                  ; 00:08:00                           ;
+----------------------+--------------+-------------------------+---------------------+------------------------------------+


+------------------------------------------------------------------------------------+
; Flow OS Summary                                                                    ;
+----------------------+------------------+------------+------------+----------------+
; Module Name          ; Machine Hostname ; OS Name    ; OS Version ; Processor type ;
+----------------------+------------------+------------+------------+----------------+
; Analysis & Synthesis ; DESKTOP-V9MIKJC  ; Windows 10 ; 10.0       ; x86_64         ;
; Fitter               ; DESKTOP-V9MIKJC  ; Windows 10 ; 10.0       ; x86_64         ;
; Assembler            ; DESKTOP-V9MIKJC  ; Windows 10 ; 10.0       ; x86_64         ;
; Timing Analyzer      ; DESKTOP-V9MIKJC  ; Windows 10 ; 10.0       ; x86_64         ;
; EDA Netlist Writer   ; DESKTOP-V9MIKJC  ; Windows 10 ; 10.0       ; x86_64         ;
+----------------------+------------------+------------+------------+----------------+


------------
; Flow Log ;
------------
quartus_map --read_settings_files=on --write_settings_files=off pre_accelerators -c pre_accelerators
quartus_fit --read_settings_files=off --write_settings_files=off pre_accelerators -c pre_accelerators
quartus_asm --read_settings_files=off --write_settings_files=off pre_accelerators -c pre_accelerators
quartus_sta pre_accelerators -c pre_accelerators
quartus_eda --read_settings_files=off --write_settings_files=off pre_accelerators -c pre_accelerators



