Analysis & Synthesis report for pre_accelerators
Wed Aug 28 11:38:16 2024
Quartus Prime Version 21.1.0 Build 842 10/21/2021 SJ Lite Edition


---------------------
; Table of Contents ;
---------------------
  1. Legal Notice
  2. Analysis & Synthesis Summary
  3. Analysis & Synthesis Settings
  4. Parallel Compilation
  5. Analysis & Synthesis Source Files Read
  6. Analysis & Synthesis Resource Usage Summary
  7. Analysis & Synthesis Resource Utilization by Entity
  8. Analysis & Synthesis RAM Summary
  9. Analysis & Synthesis DSP Block Usage Summary
 10. Registers Removed During Synthesis
 11. General Register Statistics
 12. Multiplexer Restructuring Statistics (Restructuring Performed)
 13. Source assignments for Ifetch:IFE|altsyncram:inst_memory|altsyncram_d894:auto_generated
 14. Source assignments for dmemory:MEM|altsyncram:data_memory|altsyncram_0cb4:auto_generated
 15. Parameter Settings for User Entity Instance: Ifetch:IFE|altsyncram:inst_memory
 16. Parameter Settings for User Entity Instance: dmemory:MEM|altsyncram:data_memory
 17. altsyncram Parameter Settings by Entity Instance
 18. Port Connectivity Checks: "dmemory:MEM"
 19. Post-Synthesis Netlist Statistics for Top Partition
 20. Elapsed Time Per Partition
 21. Analysis & Synthesis Messages



----------------
; Legal Notice ;
----------------
Copyright (C) 2021  Intel Corporation. All rights reserved.
Your use of Intel Corporation's design tools, logic functions 
and other software and tools, and any partner logic 
functions, and any output files from any of the foregoing 
(including device programming or simulation files), and any 
associated documentation or information are expressly subject 
to the terms and conditions of the Intel Program License 
Subscription Agreement, the Intel Quartus Prime License Agreement,
the Intel FPGA IP License Agreement, or other applicable license
agreement, including, without limitation, that your use is for
the sole purpose of programming logic devices manufactured by
Intel and sold by Intel or its authorized distributors.  Please
refer to the applicable agreement for further details, at
https://fpgasoftware.intel.com/eula.



+-------------------------------------------------------------------------------+
; Analysis & Synthesis Summary                                                  ;
+---------------------------------+---------------------------------------------+
; Analysis & Synthesis Status     ; Successful - Wed Aug 28 11:38:16 2024       ;
; Quartus Prime Version           ; 21.1.0 Build 842 10/21/2021 SJ Lite Edition ;
; Revision Name                   ; pre_accelerators                            ;
; Top-level Entity Name           ; MIPS                                        ;
; Family                          ; Cyclone V                                   ;
; Logic utilization (in ALMs)     ; N/A                                         ;
; Total registers                 ; 1000                                        ;
; Total pins                      ; 176                                         ;
; Total virtual pins              ; 0                                           ;
; Total block memory bits         ; 65,536                                      ;
; Total DSP Blocks                ; 2                                           ;
; Total HSSI RX PCSs              ; 0                                           ;
; Total HSSI PMA RX Deserializers ; 0                                           ;
; Total HSSI TX PCSs              ; 0                                           ;
; Total HSSI PMA TX Serializers   ; 0                                           ;
; Total PLLs                      ; 0                                           ;
; Total DLLs                      ; 0                                           ;
+---------------------------------+---------------------------------------------+


+---------------------------------------------------------------------------------------------------------------------------+
; Analysis & Synthesis Settings                                                                                             ;
+---------------------------------------------------------------------------------+--------------------+--------------------+
; Option                                                                          ; Setting            ; Default Value      ;
+---------------------------------------------------------------------------------+--------------------+--------------------+
; Device                                                                          ; 5CSXFC6D6F31C6     ;                    ;
; Top-level entity name                                                           ; MIPS               ; pre_accelerators   ;
; Family name                                                                     ; Cyclone V          ; Cyclone V          ;
; Use smart compilation                                                           ; Off                ; Off                ;
; Enable parallel Assembler and Timing Analyzer during compilation                ; On                 ; On                 ;
; Enable compact report table                                                     ; Off                ; Off                ;
; Restructure Multiplexers                                                        ; Auto               ; Auto               ;
; MLAB Add Timing Constraints For Mixed-Port Feed-Through Mode Setting Don't Care ; Off                ; Off                ;
; Create Debugging Nodes for IP Cores                                             ; Off                ; Off                ;
; Preserve fewer node names                                                       ; On                 ; On                 ;
; Intel FPGA IP Evaluation Mode                                                   ; Enable             ; Enable             ;
; Verilog Version                                                                 ; Verilog_2001       ; Verilog_2001       ;
; VHDL Version                                                                    ; VHDL_1993          ; VHDL_1993          ;
; State Machine Processing                                                        ; Auto               ; Auto               ;
; Safe State Machine                                                              ; Off                ; Off                ;
; Extract Verilog State Machines                                                  ; On                 ; On                 ;
; Extract VHDL State Machines                                                     ; On                 ; On                 ;
; Ignore Verilog initial constructs                                               ; Off                ; Off                ;
; Iteration limit for constant Verilog loops                                      ; 5000               ; 5000               ;
; Iteration limit for non-constant Verilog loops                                  ; 250                ; 250                ;
; Add Pass-Through Logic to Inferred RAMs                                         ; On                 ; On                 ;
; Infer RAMs from Raw Logic                                                       ; On                 ; On                 ;
; Parallel Synthesis                                                              ; On                 ; On                 ;
; DSP Block Balancing                                                             ; Auto               ; Auto               ;
; NOT Gate Push-Back                                                              ; On                 ; On                 ;
; Power-Up Don't Care                                                             ; On                 ; On                 ;
; Remove Redundant Logic Cells                                                    ; Off                ; Off                ;
; Remove Duplicate Registers                                                      ; On                 ; On                 ;
; Ignore CARRY Buffers                                                            ; Off                ; Off                ;
; Ignore CASCADE Buffers                                                          ; Off                ; Off                ;
; Ignore GLOBAL Buffers                                                           ; Off                ; Off                ;
; Ignore ROW GLOBAL Buffers                                                       ; Off                ; Off                ;
; Ignore LCELL Buffers                                                            ; Off                ; Off                ;
; Ignore SOFT Buffers                                                             ; On                 ; On                 ;
; Limit AHDL Integers to 32 Bits                                                  ; Off                ; Off                ;
; Optimization Technique                                                          ; Balanced           ; Balanced           ;
; Carry Chain Length                                                              ; 70                 ; 70                 ;
; Auto Carry Chains                                                               ; On                 ; On                 ;
; Auto Open-Drain Pins                                                            ; On                 ; On                 ;
; Perform WYSIWYG Primitive Resynthesis                                           ; Off                ; Off                ;
; Auto ROM Replacement                                                            ; On                 ; On                 ;
; Auto RAM Replacement                                                            ; On                 ; On                 ;
; Auto DSP Block Replacement                                                      ; On                 ; On                 ;
; Auto Shift Register Replacement                                                 ; Auto               ; Auto               ;
; Allow Shift Register Merging across Hierarchies                                 ; Auto               ; Auto               ;
; Auto Clock Enable Replacement                                                   ; On                 ; On                 ;
; Strict RAM Replacement                                                          ; Off                ; Off                ;
; Allow Synchronous Control Signals                                               ; On                 ; On                 ;
; Force Use of Synchronous Clear Signals                                          ; Off                ; Off                ;
; Auto Resource Sharing                                                           ; Off                ; Off                ;
; Allow Any RAM Size For Recognition                                              ; Off                ; Off                ;
; Allow Any ROM Size For Recognition                                              ; Off                ; Off                ;
; Allow Any Shift Register Size For Recognition                                   ; Off                ; Off                ;
; Use LogicLock Constraints during Resource Balancing                             ; On                 ; On                 ;
; Ignore translate_off and synthesis_off directives                               ; Off                ; Off                ;
; Timing-Driven Synthesis                                                         ; On                 ; On                 ;
; Report Parameter Settings                                                       ; On                 ; On                 ;
; Report Source Assignments                                                       ; On                 ; On                 ;
; Report Connectivity Checks                                                      ; On                 ; On                 ;
; Ignore Maximum Fan-Out Assignments                                              ; Off                ; Off                ;
; Synchronization Register Chain Length                                           ; 3                  ; 3                  ;
; Power Optimization During Synthesis                                             ; Normal compilation ; Normal compilation ;
; HDL message level                                                               ; Level2             ; Level2             ;
; Suppress Register Optimization Related Messages                                 ; Off                ; Off                ;
; Number of Removed Registers Reported in Synthesis Report                        ; 5000               ; 5000               ;
; Number of Swept Nodes Reported in Synthesis Report                              ; 5000               ; 5000               ;
; Number of Inverted Registers Reported in Synthesis Report                       ; 100                ; 100                ;
; Clock MUX Protection                                                            ; On                 ; On                 ;
; Auto Gated Clock Conversion                                                     ; Off                ; Off                ;
; Block Design Naming                                                             ; Auto               ; Auto               ;
; SDC constraint protection                                                       ; Off                ; Off                ;
; Synthesis Effort                                                                ; Auto               ; Auto               ;
; Shift Register Replacement - Allow Asynchronous Clear Signal                    ; On                 ; On                 ;
; Pre-Mapping Resynthesis Optimization                                            ; Off                ; Off                ;
; Analysis & Synthesis Message Level                                              ; Medium             ; Medium             ;
; Disable Register Merging Across Hierarchies                                     ; Auto               ; Auto               ;
; Resource Aware Inference For Block RAM                                          ; On                 ; On                 ;
; Automatic Parallel Synthesis                                                    ; On                 ; On                 ;
; Partial Reconfiguration Bitstream ID                                            ; Off                ; Off                ;
+---------------------------------------------------------------------------------+--------------------+--------------------+


+------------------------------------------+
; Parallel Compilation                     ;
+----------------------------+-------------+
; Processors                 ; Number      ;
+----------------------------+-------------+
; Number detected on machine ; 8           ;
; Maximum allowed            ; 4           ;
;                            ;             ;
; Average used               ; 1.00        ;
; Maximum used               ; 4           ;
;                            ;             ;
; Usage by Processor         ; % Time Used ;
;     Processor 1            ; 100.0%      ;
;     Processor 2            ;   0.0%      ;
;     Processor 3            ;   0.0%      ;
;     Processor 4            ;   0.0%      ;
+----------------------------+-------------+


+------------------------------------------------------------------------------------------------------------------------------------------------------------------------------------------------------------------------------------------------------------------------------------------------------------------------------------------------------+
; Analysis & Synthesis Source Files Read                                                                                                                                                                                                                                                                                                               ;
+------------------------------------------------------------------------------------------------------------------------------+-----------------+----------------------------------------+--------------------------------------------------------------------------------------------------------------------------------------------------+---------+
; File Name with User-Entered Path                                                                                             ; Used in Netlist ; File Type                              ; File Name with Absolute Path                                                                                                                     ; Library ;
+------------------------------------------------------------------------------------------------------------------------------+-----------------+----------------------------------------+--------------------------------------------------------------------------------------------------------------------------------------------------+---------+
; ../../ModelSim/DUT/MIPS.vhd                                                                                                  ; yes             ; User VHDL File                         ; C:/Users/barmu/Documents/GitHub/Arch-Lab-/final project/MARS files/MIPS single cycle Architecture/ModelSim/DUT/MIPS.vhd                          ;         ;
; ../../ModelSim/DUT/IFETCH.VHD                                                                                                ; yes             ; User VHDL File                         ; C:/Users/barmu/Documents/GitHub/Arch-Lab-/final project/MARS files/MIPS single cycle Architecture/ModelSim/DUT/IFETCH.VHD                        ;         ;
; ../../ModelSim/DUT/IDECODE.VHD                                                                                               ; yes             ; User VHDL File                         ; C:/Users/barmu/Documents/GitHub/Arch-Lab-/final project/MARS files/MIPS single cycle Architecture/ModelSim/DUT/IDECODE.VHD                       ;         ;
; ../../ModelSim/DUT/EXECUTE.VHD                                                                                               ; yes             ; User VHDL File                         ; C:/Users/barmu/Documents/GitHub/Arch-Lab-/final project/MARS files/MIPS single cycle Architecture/ModelSim/DUT/EXECUTE.VHD                       ;         ;
; ../../ModelSim/DUT/DMEMORY.VHD                                                                                               ; yes             ; User VHDL File                         ; C:/Users/barmu/Documents/GitHub/Arch-Lab-/final project/MARS files/MIPS single cycle Architecture/ModelSim/DUT/DMEMORY.VHD                       ;         ;
; ../../ModelSim/DUT/CONTROL.VHD                                                                                               ; yes             ; User VHDL File                         ; C:/Users/barmu/Documents/GitHub/Arch-Lab-/final project/MARS files/MIPS single cycle Architecture/ModelSim/DUT/CONTROL.VHD                       ;         ;
; altsyncram.tdf                                                                                                               ; yes             ; Megafunction                           ; d:/intel/fpga_lite/quartus/libraries/megafunctions/altsyncram.tdf                                                                                ;         ;
; stratix_ram_block.inc                                                                                                        ; yes             ; Megafunction                           ; d:/intel/fpga_lite/quartus/libraries/megafunctions/stratix_ram_block.inc                                                                         ;         ;
; lpm_mux.inc                                                                                                                  ; yes             ; Megafunction                           ; d:/intel/fpga_lite/quartus/libraries/megafunctions/lpm_mux.inc                                                                                   ;         ;
; lpm_decode.inc                                                                                                               ; yes             ; Megafunction                           ; d:/intel/fpga_lite/quartus/libraries/megafunctions/lpm_decode.inc                                                                                ;         ;
; aglobal211.inc                                                                                                               ; yes             ; Megafunction                           ; d:/intel/fpga_lite/quartus/libraries/megafunctions/aglobal211.inc                                                                                ;         ;
; a_rdenreg.inc                                                                                                                ; yes             ; Megafunction                           ; d:/intel/fpga_lite/quartus/libraries/megafunctions/a_rdenreg.inc                                                                                 ;         ;
; altrom.inc                                                                                                                   ; yes             ; Megafunction                           ; d:/intel/fpga_lite/quartus/libraries/megafunctions/altrom.inc                                                                                    ;         ;
; altram.inc                                                                                                                   ; yes             ; Megafunction                           ; d:/intel/fpga_lite/quartus/libraries/megafunctions/altram.inc                                                                                    ;         ;
; altdpram.inc                                                                                                                 ; yes             ; Megafunction                           ; d:/intel/fpga_lite/quartus/libraries/megafunctions/altdpram.inc                                                                                  ;         ;
; db/altsyncram_d894.tdf                                                                                                       ; yes             ; Auto-Generated Megafunction            ; C:/Users/barmu/Documents/GitHub/Arch-Lab-/final project/MARS files/MIPS single cycle Architecture/Quartus/quartus project/db/altsyncram_d894.tdf ;         ;
; /users/barmu/documents/github/arch-lab-/final project/mars files/mips single cycle architecture/quartus/asm code/program.hex ; yes             ; Auto-Found Memory Initialization File  ; /users/barmu/documents/github/arch-lab-/final project/mars files/mips single cycle architecture/quartus/asm code/program.hex                     ;         ;
; db/altsyncram_0cb4.tdf                                                                                                       ; yes             ; Auto-Generated Megafunction            ; C:/Users/barmu/Documents/GitHub/Arch-Lab-/final project/MARS files/MIPS single cycle Architecture/Quartus/quartus project/db/altsyncram_0cb4.tdf ;         ;
; /users/barmu/documents/github/arch-lab-/final project/mars files/mips single cycle architecture/quartus/asm code/dmemory.hex ; yes             ; Auto-Found Memory Initialization File  ; /users/barmu/documents/github/arch-lab-/final project/mars files/mips single cycle architecture/quartus/asm code/dmemory.hex                     ;         ;
+------------------------------------------------------------------------------------------------------------------------------+-----------------+----------------------------------------+--------------------------------------------------------------------------------------------------------------------------------------------------+---------+


+-----------------------------------------------------------+
; Analysis & Synthesis Resource Usage Summary               ;
+---------------------------------------------+-------------+
; Resource                                    ; Usage       ;
+---------------------------------------------+-------------+
; Estimate of Logic utilization (ALMs needed) ; 1269        ;
;                                             ;             ;
; Combinational ALUT usage for logic          ; 1397        ;
;     -- 7 input functions                    ; 80          ;
;     -- 6 input functions                    ; 886         ;
;     -- 5 input functions                    ; 201         ;
;     -- 4 input functions                    ; 126         ;
;     -- <=3 input functions                  ; 104         ;
;                                             ;             ;
; Dedicated logic registers                   ; 1000        ;
;                                             ;             ;
; I/O pins                                    ; 176         ;
; Total MLAB memory bits                      ; 0           ;
; Total block memory bits                     ; 65536       ;
;                                             ;             ;
; Total DSP Blocks                            ; 2           ;
;                                             ;             ;
; Maximum fan-out node                        ; clock~input ;
; Maximum fan-out                             ; 1064        ;
; Total fan-out                               ; 12780       ;
; Average fan-out                             ; 4.54        ;
+---------------------------------------------+-------------+


+---------------------------------------------------------------------------------------------------------------------------------------------------------------------------------------------------------------------------------------------------------------+
; Analysis & Synthesis Resource Utilization by Entity                                                                                                                                                                                                           ;
+-------------------------------------------+---------------------+---------------------------+-------------------+------------+------+--------------+-------------------------------------------------------------------------+-----------------+--------------+
; Compilation Hierarchy Node                ; Combinational ALUTs ; Dedicated Logic Registers ; Block Memory Bits ; DSP Blocks ; Pins ; Virtual Pins ; Full Hierarchy Name                                                     ; Entity Name     ; Library Name ;
+-------------------------------------------+---------------------+---------------------------+-------------------+------------+------+--------------+-------------------------------------------------------------------------+-----------------+--------------+
; |MIPS                                     ; 1397 (1)            ; 1000 (0)                  ; 65536             ; 2          ; 176  ; 0            ; |MIPS                                                                   ; MIPS            ; work         ;
;    |Execute:EXE|                          ; 557 (557)           ; 0 (0)                     ; 0                 ; 2          ; 0    ; 0            ; |MIPS|Execute:EXE                                                       ; Execute         ; work         ;
;    |Idecode:ID|                           ; 797 (797)           ; 992 (992)                 ; 0                 ; 0          ; 0    ; 0            ; |MIPS|Idecode:ID                                                        ; Idecode         ; work         ;
;    |Ifetch:IFE|                           ; 28 (28)             ; 8 (8)                     ; 32768             ; 0          ; 0    ; 0            ; |MIPS|Ifetch:IFE                                                        ; Ifetch          ; work         ;
;       |altsyncram:inst_memory|            ; 0 (0)               ; 0 (0)                     ; 32768             ; 0          ; 0    ; 0            ; |MIPS|Ifetch:IFE|altsyncram:inst_memory                                 ; altsyncram      ; work         ;
;          |altsyncram_d894:auto_generated| ; 0 (0)               ; 0 (0)                     ; 32768             ; 0          ; 0    ; 0            ; |MIPS|Ifetch:IFE|altsyncram:inst_memory|altsyncram_d894:auto_generated  ; altsyncram_d894 ; work         ;
;    |control:CTL|                          ; 14 (14)             ; 0 (0)                     ; 0                 ; 0          ; 0    ; 0            ; |MIPS|control:CTL                                                       ; control         ; work         ;
;    |dmemory:MEM|                          ; 0 (0)               ; 0 (0)                     ; 32768             ; 0          ; 0    ; 0            ; |MIPS|dmemory:MEM                                                       ; dmemory         ; work         ;
;       |altsyncram:data_memory|            ; 0 (0)               ; 0 (0)                     ; 32768             ; 0          ; 0    ; 0            ; |MIPS|dmemory:MEM|altsyncram:data_memory                                ; altsyncram      ; work         ;
;          |altsyncram_0cb4:auto_generated| ; 0 (0)               ; 0 (0)                     ; 32768             ; 0          ; 0    ; 0            ; |MIPS|dmemory:MEM|altsyncram:data_memory|altsyncram_0cb4:auto_generated ; altsyncram_0cb4 ; work         ;
+-------------------------------------------+---------------------+---------------------------+-------------------+------------+------+--------------+-------------------------------------------------------------------------+-----------------+--------------+
Note: For table entries with two numbers listed, the numbers in parentheses indicate the number of resources of the given type used by the specific entity alone. The numbers listed outside of parentheses indicate the total resources of the given type used by the specific entity and all of its sub-entities in the hierarchy.


+--------------------------------------------------------------------------------------------------------------------------------------------------------------------------------------------------------------------------------------------------------------------------------------------------------+
; Analysis & Synthesis RAM Summary                                                                                                                                                                                                                                                                       ;
+------------------------------------------------------------------------------+------+-------------+--------------+--------------+--------------+--------------+-------+--------------------------------------------------------------------------------------------------------------------------------+
; Name                                                                         ; Type ; Mode        ; Port A Depth ; Port A Width ; Port B Depth ; Port B Width ; Size  ; MIF                                                                                                                            ;
+------------------------------------------------------------------------------+------+-------------+--------------+--------------+--------------+--------------+-------+--------------------------------------------------------------------------------------------------------------------------------+
; Ifetch:IFE|altsyncram:inst_memory|altsyncram_d894:auto_generated|ALTSYNCRAM  ; AUTO ; ROM         ; 1024         ; 32           ; --           ; --           ; 32768 ; C:\Users\barmu\Documents\GitHub\Arch-Lab-\final project\MARS files\MIPS single cycle Architecture\Quartus\asm code\program.hex ;
; dmemory:MEM|altsyncram:data_memory|altsyncram_0cb4:auto_generated|ALTSYNCRAM ; AUTO ; Single Port ; 1024         ; 32           ; --           ; --           ; 32768 ; C:\Users\barmu\Documents\GitHub\Arch-Lab-\final project\MARS files\MIPS single cycle Architecture\Quartus\asm code\dmemory.hex ;
+------------------------------------------------------------------------------+------+-------------+--------------+--------------+--------------+--------------+-------+--------------------------------------------------------------------------------------------------------------------------------+


+-------------------------------------------------+
; Analysis & Synthesis DSP Block Usage Summary    ;
+-----------------------------------+-------------+
; Statistic                         ; Number Used ;
+-----------------------------------+-------------+
; Two Independent 18x18             ; 1           ;
; Sum of two 18x18                  ; 1           ;
; Total number of DSP blocks        ; 2           ;
;                                   ;             ;
; Fixed Point Unsigned Multiplier   ; 1           ;
; Fixed Point Mixed Sign Multiplier ; 2           ;
+-----------------------------------+-------------+


+---------------------------------------------------------------------------------+
; Registers Removed During Synthesis                                              ;
+----------------------------------------+----------------------------------------+
; Register name                          ; Reason for Removal                     ;
+----------------------------------------+----------------------------------------+
; Idecode:ID|register_array[0][31]       ; Stuck at GND due to stuck port data_in ;
; Idecode:ID|register_array[0][30]       ; Stuck at GND due to stuck port data_in ;
; Idecode:ID|register_array[0][29]       ; Stuck at GND due to stuck port data_in ;
; Idecode:ID|register_array[0][28]       ; Stuck at GND due to stuck port data_in ;
; Idecode:ID|register_array[0][27]       ; Stuck at GND due to stuck port data_in ;
; Idecode:ID|register_array[0][26]       ; Stuck at GND due to stuck port data_in ;
; Idecode:ID|register_array[0][25]       ; Stuck at GND due to stuck port data_in ;
; Idecode:ID|register_array[0][24]       ; Stuck at GND due to stuck port data_in ;
; Idecode:ID|register_array[0][23]       ; Stuck at GND due to stuck port data_in ;
; Idecode:ID|register_array[0][22]       ; Stuck at GND due to stuck port data_in ;
; Idecode:ID|register_array[0][21]       ; Stuck at GND due to stuck port data_in ;
; Idecode:ID|register_array[0][20]       ; Stuck at GND due to stuck port data_in ;
; Idecode:ID|register_array[0][19]       ; Stuck at GND due to stuck port data_in ;
; Idecode:ID|register_array[0][18]       ; Stuck at GND due to stuck port data_in ;
; Idecode:ID|register_array[0][17]       ; Stuck at GND due to stuck port data_in ;
; Idecode:ID|register_array[0][16]       ; Stuck at GND due to stuck port data_in ;
; Idecode:ID|register_array[0][15]       ; Stuck at GND due to stuck port data_in ;
; Idecode:ID|register_array[0][14]       ; Stuck at GND due to stuck port data_in ;
; Idecode:ID|register_array[0][13]       ; Stuck at GND due to stuck port data_in ;
; Idecode:ID|register_array[0][12]       ; Stuck at GND due to stuck port data_in ;
; Idecode:ID|register_array[0][11]       ; Stuck at GND due to stuck port data_in ;
; Idecode:ID|register_array[0][10]       ; Stuck at GND due to stuck port data_in ;
; Idecode:ID|register_array[0][9]        ; Stuck at GND due to stuck port data_in ;
; Idecode:ID|register_array[0][8]        ; Stuck at GND due to stuck port data_in ;
; Idecode:ID|register_array[0][7]        ; Stuck at GND due to stuck port data_in ;
; Idecode:ID|register_array[0][6]        ; Stuck at GND due to stuck port data_in ;
; Idecode:ID|register_array[0][5]        ; Stuck at GND due to stuck port data_in ;
; Idecode:ID|register_array[0][4]        ; Stuck at GND due to stuck port data_in ;
; Idecode:ID|register_array[0][3]        ; Stuck at GND due to stuck port data_in ;
; Idecode:ID|register_array[0][2]        ; Stuck at GND due to stuck port data_in ;
; Idecode:ID|register_array[0][1]        ; Stuck at GND due to stuck port data_in ;
; Idecode:ID|register_array[0][0]        ; Stuck at GND due to stuck port data_in ;
; Total Number of Removed Registers = 32 ;                                        ;
+----------------------------------------+----------------------------------------+


+------------------------------------------------------+
; General Register Statistics                          ;
+----------------------------------------------+-------+
; Statistic                                    ; Value ;
+----------------------------------------------+-------+
; Total registers                              ; 1000  ;
; Number of registers using Synchronous Clear  ; 912   ;
; Number of registers using Synchronous Load   ; 5     ;
; Number of registers using Asynchronous Clear ; 0     ;
; Number of registers using Asynchronous Load  ; 0     ;
; Number of registers using Clock Enable       ; 987   ;
; Number of registers using Preset             ; 0     ;
+----------------------------------------------+-------+


+----------------------------------------------------------------------------------------------------------------------------------------------------------+
; Multiplexer Restructuring Statistics (Restructuring Performed)                                                                                           ;
+--------------------+-----------+---------------+----------------------+------------------------+------------+--------------------------------------------+
; Multiplexer Inputs ; Bus Width ; Baseline Area ; Area if Restructured ; Saving if Restructured ; Registered ; Example Multiplexer Output                 ;
+--------------------+-----------+---------------+----------------------+------------------------+------------+--------------------------------------------+
; 3:1                ; 31 bits   ; 62 LEs        ; 0 LEs                ; 62 LEs                 ; Yes        ; |MIPS|Idecode:ID|register_array[16][9]     ;
; 3:1                ; 31 bits   ; 62 LEs        ; 0 LEs                ; 62 LEs                 ; Yes        ; |MIPS|Idecode:ID|register_array[8][29]     ;
; 3:1                ; 2 bits    ; 4 LEs         ; 2 LEs                ; 2 LEs                  ; Yes        ; |MIPS|Idecode:ID|register_array[24][3]     ;
; 3:1                ; 30 bits   ; 60 LEs        ; 0 LEs                ; 60 LEs                 ; Yes        ; |MIPS|Idecode:ID|register_array[24][0]     ;
; 3:1                ; 31 bits   ; 62 LEs        ; 0 LEs                ; 62 LEs                 ; Yes        ; |MIPS|Idecode:ID|register_array[4][28]     ;
; 3:1                ; 2 bits    ; 4 LEs         ; 2 LEs                ; 2 LEs                  ; Yes        ; |MIPS|Idecode:ID|register_array[20][2]     ;
; 3:1                ; 30 bits   ; 60 LEs        ; 0 LEs                ; 60 LEs                 ; Yes        ; |MIPS|Idecode:ID|register_array[20][24]    ;
; 3:1                ; 2 bits    ; 4 LEs         ; 2 LEs                ; 2 LEs                  ; Yes        ; |MIPS|Idecode:ID|register_array[12][2]     ;
; 3:1                ; 30 bits   ; 60 LEs        ; 0 LEs                ; 60 LEs                 ; Yes        ; |MIPS|Idecode:ID|register_array[12][21]    ;
; 3:1                ; 3 bits    ; 6 LEs         ; 3 LEs                ; 3 LEs                  ; Yes        ; |MIPS|Idecode:ID|register_array[28][3]     ;
; 3:1                ; 29 bits   ; 58 LEs        ; 0 LEs                ; 58 LEs                 ; Yes        ; |MIPS|Idecode:ID|register_array[28][5]     ;
; 3:1                ; 31 bits   ; 62 LEs        ; 0 LEs                ; 62 LEs                 ; Yes        ; |MIPS|Idecode:ID|register_array[2][20]     ;
; 3:1                ; 2 bits    ; 4 LEs         ; 2 LEs                ; 2 LEs                  ; Yes        ; |MIPS|Idecode:ID|register_array[18][1]     ;
; 3:1                ; 30 bits   ; 60 LEs        ; 0 LEs                ; 60 LEs                 ; Yes        ; |MIPS|Idecode:ID|register_array[18][23]    ;
; 3:1                ; 2 bits    ; 4 LEs         ; 2 LEs                ; 2 LEs                  ; Yes        ; |MIPS|Idecode:ID|register_array[10][3]     ;
; 3:1                ; 30 bits   ; 60 LEs        ; 0 LEs                ; 60 LEs                 ; Yes        ; |MIPS|Idecode:ID|register_array[10][14]    ;
; 3:1                ; 3 bits    ; 6 LEs         ; 3 LEs                ; 3 LEs                  ; Yes        ; |MIPS|Idecode:ID|register_array[26][1]     ;
; 3:1                ; 29 bits   ; 58 LEs        ; 0 LEs                ; 58 LEs                 ; Yes        ; |MIPS|Idecode:ID|register_array[26][25]    ;
; 3:1                ; 2 bits    ; 4 LEs         ; 2 LEs                ; 2 LEs                  ; Yes        ; |MIPS|Idecode:ID|register_array[6][2]      ;
; 3:1                ; 30 bits   ; 60 LEs        ; 0 LEs                ; 60 LEs                 ; Yes        ; |MIPS|Idecode:ID|register_array[6][30]     ;
; 3:1                ; 3 bits    ; 6 LEs         ; 3 LEs                ; 3 LEs                  ; Yes        ; |MIPS|Idecode:ID|register_array[22][4]     ;
; 3:1                ; 29 bits   ; 58 LEs        ; 0 LEs                ; 58 LEs                 ; Yes        ; |MIPS|Idecode:ID|register_array[22][8]     ;
; 3:1                ; 3 bits    ; 6 LEs         ; 3 LEs                ; 3 LEs                  ; Yes        ; |MIPS|Idecode:ID|register_array[14][3]     ;
; 3:1                ; 29 bits   ; 58 LEs        ; 0 LEs                ; 58 LEs                 ; Yes        ; |MIPS|Idecode:ID|register_array[14][8]     ;
; 3:1                ; 4 bits    ; 8 LEs         ; 4 LEs                ; 4 LEs                  ; Yes        ; |MIPS|Idecode:ID|register_array[30][1]     ;
; 3:1                ; 28 bits   ; 56 LEs        ; 0 LEs                ; 56 LEs                 ; Yes        ; |MIPS|Idecode:ID|register_array[30][17]    ;
; 3:1                ; 31 bits   ; 62 LEs        ; 0 LEs                ; 62 LEs                 ; Yes        ; |MIPS|Idecode:ID|register_array[1][18]     ;
; 3:1                ; 2 bits    ; 4 LEs         ; 2 LEs                ; 2 LEs                  ; Yes        ; |MIPS|Idecode:ID|register_array[17][0]     ;
; 3:1                ; 30 bits   ; 60 LEs        ; 0 LEs                ; 60 LEs                 ; Yes        ; |MIPS|Idecode:ID|register_array[17][17]    ;
; 3:1                ; 2 bits    ; 4 LEs         ; 2 LEs                ; 2 LEs                  ; Yes        ; |MIPS|Idecode:ID|register_array[9][3]      ;
; 3:1                ; 30 bits   ; 60 LEs        ; 0 LEs                ; 60 LEs                 ; Yes        ; |MIPS|Idecode:ID|register_array[9][10]     ;
; 3:1                ; 3 bits    ; 6 LEs         ; 3 LEs                ; 3 LEs                  ; Yes        ; |MIPS|Idecode:ID|register_array[25][3]     ;
; 3:1                ; 29 bits   ; 58 LEs        ; 0 LEs                ; 58 LEs                 ; Yes        ; |MIPS|Idecode:ID|register_array[25][19]    ;
; 3:1                ; 2 bits    ; 4 LEs         ; 2 LEs                ; 2 LEs                  ; Yes        ; |MIPS|Idecode:ID|register_array[5][0]      ;
; 3:1                ; 30 bits   ; 60 LEs        ; 0 LEs                ; 60 LEs                 ; Yes        ; |MIPS|Idecode:ID|register_array[5][30]     ;
; 3:1                ; 3 bits    ; 6 LEs         ; 3 LEs                ; 3 LEs                  ; Yes        ; |MIPS|Idecode:ID|register_array[21][4]     ;
; 3:1                ; 29 bits   ; 58 LEs        ; 0 LEs                ; 58 LEs                 ; Yes        ; |MIPS|Idecode:ID|register_array[21][15]    ;
; 3:1                ; 3 bits    ; 6 LEs         ; 3 LEs                ; 3 LEs                  ; Yes        ; |MIPS|Idecode:ID|register_array[13][3]     ;
; 3:1                ; 29 bits   ; 58 LEs        ; 0 LEs                ; 58 LEs                 ; Yes        ; |MIPS|Idecode:ID|register_array[13][10]    ;
; 3:1                ; 4 bits    ; 8 LEs         ; 4 LEs                ; 4 LEs                  ; Yes        ; |MIPS|Idecode:ID|register_array[29][2]     ;
; 3:1                ; 28 bits   ; 56 LEs        ; 0 LEs                ; 56 LEs                 ; Yes        ; |MIPS|Idecode:ID|register_array[29][22]    ;
; 3:1                ; 2 bits    ; 4 LEs         ; 2 LEs                ; 2 LEs                  ; Yes        ; |MIPS|Idecode:ID|register_array[3][0]      ;
; 3:1                ; 30 bits   ; 60 LEs        ; 0 LEs                ; 60 LEs                 ; Yes        ; |MIPS|Idecode:ID|register_array[3][7]      ;
; 3:1                ; 3 bits    ; 6 LEs         ; 3 LEs                ; 3 LEs                  ; Yes        ; |MIPS|Idecode:ID|register_array[19][0]     ;
; 3:1                ; 29 bits   ; 58 LEs        ; 0 LEs                ; 58 LEs                 ; Yes        ; |MIPS|Idecode:ID|register_array[19][28]    ;
; 3:1                ; 3 bits    ; 6 LEs         ; 3 LEs                ; 3 LEs                  ; Yes        ; |MIPS|Idecode:ID|register_array[11][1]     ;
; 3:1                ; 29 bits   ; 58 LEs        ; 0 LEs                ; 58 LEs                 ; Yes        ; |MIPS|Idecode:ID|register_array[11][16]    ;
; 3:1                ; 4 bits    ; 8 LEs         ; 4 LEs                ; 4 LEs                  ; Yes        ; |MIPS|Idecode:ID|register_array[27][3]     ;
; 3:1                ; 28 bits   ; 56 LEs        ; 0 LEs                ; 56 LEs                 ; Yes        ; |MIPS|Idecode:ID|register_array[27][9]     ;
; 3:1                ; 3 bits    ; 6 LEs         ; 3 LEs                ; 3 LEs                  ; Yes        ; |MIPS|Idecode:ID|register_array[7][1]      ;
; 3:1                ; 29 bits   ; 58 LEs        ; 0 LEs                ; 58 LEs                 ; Yes        ; |MIPS|Idecode:ID|register_array[7][21]     ;
; 3:1                ; 4 bits    ; 8 LEs         ; 4 LEs                ; 4 LEs                  ; Yes        ; |MIPS|Idecode:ID|register_array[23][1]     ;
; 3:1                ; 28 bits   ; 56 LEs        ; 0 LEs                ; 56 LEs                 ; Yes        ; |MIPS|Idecode:ID|register_array[23][9]     ;
; 3:1                ; 4 bits    ; 8 LEs         ; 4 LEs                ; 4 LEs                  ; Yes        ; |MIPS|Idecode:ID|register_array[15][3]     ;
; 3:1                ; 28 bits   ; 56 LEs        ; 0 LEs                ; 56 LEs                 ; Yes        ; |MIPS|Idecode:ID|register_array[15][21]    ;
; 3:1                ; 5 bits    ; 10 LEs        ; 5 LEs                ; 5 LEs                  ; Yes        ; |MIPS|Idecode:ID|register_array[31][0]     ;
; 3:1                ; 27 bits   ; 54 LEs        ; 0 LEs                ; 54 LEs                 ; Yes        ; |MIPS|Idecode:ID|register_array[31][22]    ;
; 4:1                ; 8 bits    ; 16 LEs        ; 16 LEs               ; 0 LEs                  ; No         ; |MIPS|Execute:EXE|ShiftRight0              ;
; 4:1                ; 8 bits    ; 16 LEs        ; 16 LEs               ; 0 LEs                  ; No         ; |MIPS|Execute:EXE|ShiftRight0              ;
; 4:1                ; 8 bits    ; 16 LEs        ; 16 LEs               ; 0 LEs                  ; No         ; |MIPS|Execute:EXE|ShiftRight0              ;
; 4:1                ; 2 bits    ; 4 LEs         ; 4 LEs                ; 0 LEs                  ; No         ; |MIPS|Execute:EXE|ShiftLeft0               ;
; 4:1                ; 2 bits    ; 4 LEs         ; 4 LEs                ; 0 LEs                  ; No         ; |MIPS|Execute:EXE|ShiftRight0              ;
; 4:1                ; 50 bits   ; 100 LEs       ; 100 LEs              ; 0 LEs                  ; No         ; |MIPS|Execute:EXE|ShiftRight0              ;
; 3:1                ; 24 bits   ; 48 LEs        ; 48 LEs               ; 0 LEs                  ; No         ; |MIPS|Idecode:ID|write_data_out[28]        ;
; 3:1                ; 8 bits    ; 16 LEs        ; 16 LEs               ; 0 LEs                  ; No         ; |MIPS|Idecode:ID|write_data_out[3]         ;
; 3:1                ; 5 bits    ; 10 LEs        ; 10 LEs               ; 0 LEs                  ; No         ; |MIPS|Idecode:ID|write_register_address[1] ;
; 5:1                ; 8 bits    ; 24 LEs        ; 24 LEs               ; 0 LEs                  ; No         ; |MIPS|Ifetch:IFE|PC                        ;
; 32:1               ; 32 bits   ; 672 LEs       ; 672 LEs              ; 0 LEs                  ; No         ; |MIPS|Idecode:ID|Mux33                     ;
; 32:1               ; 32 bits   ; 672 LEs       ; 672 LEs              ; 0 LEs                  ; No         ; |MIPS|Idecode:ID|Mux28                     ;
; 21:1               ; 12 bits   ; 168 LEs       ; 132 LEs              ; 36 LEs                 ; No         ; |MIPS|Execute:EXE|Mux21                    ;
; 21:1               ; 12 bits   ; 168 LEs       ; 132 LEs              ; 36 LEs                 ; No         ; |MIPS|Execute:EXE|Mux13                    ;
; 24:1               ; 3 bits    ; 48 LEs        ; 39 LEs               ; 9 LEs                  ; No         ; |MIPS|Execute:EXE|Mux31                    ;
; 24:1               ; 4 bits    ; 64 LEs        ; 52 LEs               ; 12 LEs                 ; No         ; |MIPS|Execute:EXE|Mux3                     ;
+--------------------+-----------+---------------+----------------------+------------------------+------------+--------------------------------------------+


+-----------------------------------------------------------------------------------------+
; Source assignments for Ifetch:IFE|altsyncram:inst_memory|altsyncram_d894:auto_generated ;
+---------------------------------+--------------------+------+---------------------------+
; Assignment                      ; Value              ; From ; To                        ;
+---------------------------------+--------------------+------+---------------------------+
; OPTIMIZE_POWER_DURING_SYNTHESIS ; NORMAL_COMPILATION ; -    ; -                         ;
+---------------------------------+--------------------+------+---------------------------+


+------------------------------------------------------------------------------------------+
; Source assignments for dmemory:MEM|altsyncram:data_memory|altsyncram_0cb4:auto_generated ;
+---------------------------------+--------------------+------+----------------------------+
; Assignment                      ; Value              ; From ; To                         ;
+---------------------------------+--------------------+------+----------------------------+
; OPTIMIZE_POWER_DURING_SYNTHESIS ; NORMAL_COMPILATION ; -    ; -                          ;
+---------------------------------+--------------------+------+----------------------------+


+--------------------------------------------------------------------------------------------------------------------------------------------------------------------------------------+
; Parameter Settings for User Entity Instance: Ifetch:IFE|altsyncram:inst_memory                                                                                                       ;
+------------------------------------+--------------------------------------------------------------------------------------------------------------------------------+----------------+
; Parameter Name                     ; Value                                                                                                                          ; Type           ;
+------------------------------------+--------------------------------------------------------------------------------------------------------------------------------+----------------+
; BYTE_SIZE_BLOCK                    ; 8                                                                                                                              ; Untyped        ;
; AUTO_CARRY_CHAINS                  ; ON                                                                                                                             ; AUTO_CARRY     ;
; IGNORE_CARRY_BUFFERS               ; OFF                                                                                                                            ; IGNORE_CARRY   ;
; AUTO_CASCADE_CHAINS                ; ON                                                                                                                             ; AUTO_CASCADE   ;
; IGNORE_CASCADE_BUFFERS             ; OFF                                                                                                                            ; IGNORE_CASCADE ;
; WIDTH_BYTEENA                      ; 1                                                                                                                              ; Untyped        ;
; OPERATION_MODE                     ; ROM                                                                                                                            ; Untyped        ;
; WIDTH_A                            ; 32                                                                                                                             ; Signed Integer ;
; WIDTHAD_A                          ; 10                                                                                                                             ; Signed Integer ;
; NUMWORDS_A                         ; 0                                                                                                                              ; Signed Integer ;
; OUTDATA_REG_A                      ; UNREGISTERED                                                                                                                   ; Untyped        ;
; ADDRESS_ACLR_A                     ; NONE                                                                                                                           ; Untyped        ;
; OUTDATA_ACLR_A                     ; NONE                                                                                                                           ; Untyped        ;
; WRCONTROL_ACLR_A                   ; NONE                                                                                                                           ; Untyped        ;
; INDATA_ACLR_A                      ; NONE                                                                                                                           ; Untyped        ;
; BYTEENA_ACLR_A                     ; NONE                                                                                                                           ; Untyped        ;
; WIDTH_B                            ; 1                                                                                                                              ; Signed Integer ;
; WIDTHAD_B                          ; 1                                                                                                                              ; Signed Integer ;
; NUMWORDS_B                         ; 0                                                                                                                              ; Signed Integer ;
; INDATA_REG_B                       ; CLOCK1                                                                                                                         ; Untyped        ;
; WRCONTROL_WRADDRESS_REG_B          ; CLOCK1                                                                                                                         ; Untyped        ;
; RDCONTROL_REG_B                    ; CLOCK1                                                                                                                         ; Untyped        ;
; ADDRESS_REG_B                      ; CLOCK1                                                                                                                         ; Untyped        ;
; OUTDATA_REG_B                      ; UNREGISTERED                                                                                                                   ; Untyped        ;
; BYTEENA_REG_B                      ; CLOCK1                                                                                                                         ; Untyped        ;
; INDATA_ACLR_B                      ; NONE                                                                                                                           ; Untyped        ;
; WRCONTROL_ACLR_B                   ; NONE                                                                                                                           ; Untyped        ;
; ADDRESS_ACLR_B                     ; NONE                                                                                                                           ; Untyped        ;
; OUTDATA_ACLR_B                     ; NONE                                                                                                                           ; Untyped        ;
; RDCONTROL_ACLR_B                   ; NONE                                                                                                                           ; Untyped        ;
; BYTEENA_ACLR_B                     ; NONE                                                                                                                           ; Untyped        ;
; WIDTH_BYTEENA_A                    ; 1                                                                                                                              ; Signed Integer ;
; WIDTH_BYTEENA_B                    ; 1                                                                                                                              ; Signed Integer ;
; RAM_BLOCK_TYPE                     ; AUTO                                                                                                                           ; Untyped        ;
; BYTE_SIZE                          ; 8                                                                                                                              ; Signed Integer ;
; READ_DURING_WRITE_MODE_MIXED_PORTS ; DONT_CARE                                                                                                                      ; Untyped        ;
; READ_DURING_WRITE_MODE_PORT_A      ; NEW_DATA_NO_NBE_READ                                                                                                           ; Untyped        ;
; READ_DURING_WRITE_MODE_PORT_B      ; NEW_DATA_NO_NBE_READ                                                                                                           ; Untyped        ;
; INIT_FILE                          ; C:\Users\barmu\Documents\GitHub\Arch-Lab-\final project\MARS files\MIPS single cycle Architecture\Quartus\asm code\program.hex ; Untyped        ;
; INIT_FILE_LAYOUT                   ; PORT_A                                                                                                                         ; Untyped        ;
; MAXIMUM_DEPTH                      ; 0                                                                                                                              ; Signed Integer ;
; CLOCK_ENABLE_INPUT_A               ; NORMAL                                                                                                                         ; Untyped        ;
; CLOCK_ENABLE_INPUT_B               ; NORMAL                                                                                                                         ; Untyped        ;
; CLOCK_ENABLE_OUTPUT_A              ; NORMAL                                                                                                                         ; Untyped        ;
; CLOCK_ENABLE_OUTPUT_B              ; NORMAL                                                                                                                         ; Untyped        ;
; CLOCK_ENABLE_CORE_A                ; USE_INPUT_CLKEN                                                                                                                ; Untyped        ;
; CLOCK_ENABLE_CORE_B                ; USE_INPUT_CLKEN                                                                                                                ; Untyped        ;
; ENABLE_ECC                         ; FALSE                                                                                                                          ; Untyped        ;
; ECC_PIPELINE_STAGE_ENABLED         ; FALSE                                                                                                                          ; Untyped        ;
; WIDTH_ECCSTATUS                    ; 3                                                                                                                              ; Signed Integer ;
; DEVICE_FAMILY                      ; Cyclone V                                                                                                                      ; Untyped        ;
; CBXI_PARAMETER                     ; altsyncram_d894                                                                                                                ; Untyped        ;
+------------------------------------+--------------------------------------------------------------------------------------------------------------------------------+----------------+
Note: In order to hide this table in the UI and the text report file, please set the "Show Parameter Settings in Synthesis Report" option in "Analysis and Synthesis Settings -> More Settings" to "Off".


+--------------------------------------------------------------------------------------------------------------------------------------------------------------------------------------+
; Parameter Settings for User Entity Instance: dmemory:MEM|altsyncram:data_memory                                                                                                      ;
+------------------------------------+--------------------------------------------------------------------------------------------------------------------------------+----------------+
; Parameter Name                     ; Value                                                                                                                          ; Type           ;
+------------------------------------+--------------------------------------------------------------------------------------------------------------------------------+----------------+
; BYTE_SIZE_BLOCK                    ; 8                                                                                                                              ; Untyped        ;
; AUTO_CARRY_CHAINS                  ; ON                                                                                                                             ; AUTO_CARRY     ;
; IGNORE_CARRY_BUFFERS               ; OFF                                                                                                                            ; IGNORE_CARRY   ;
; AUTO_CASCADE_CHAINS                ; ON                                                                                                                             ; AUTO_CASCADE   ;
; IGNORE_CASCADE_BUFFERS             ; OFF                                                                                                                            ; IGNORE_CASCADE ;
; WIDTH_BYTEENA                      ; 1                                                                                                                              ; Untyped        ;
; OPERATION_MODE                     ; SINGLE_PORT                                                                                                                    ; Untyped        ;
; WIDTH_A                            ; 32                                                                                                                             ; Signed Integer ;
; WIDTHAD_A                          ; 10                                                                                                                             ; Signed Integer ;
; NUMWORDS_A                         ; 0                                                                                                                              ; Signed Integer ;
; OUTDATA_REG_A                      ; UNREGISTERED                                                                                                                   ; Untyped        ;
; ADDRESS_ACLR_A                     ; NONE                                                                                                                           ; Untyped        ;
; OUTDATA_ACLR_A                     ; NONE                                                                                                                           ; Untyped        ;
; WRCONTROL_ACLR_A                   ; NONE                                                                                                                           ; Untyped        ;
; INDATA_ACLR_A                      ; NONE                                                                                                                           ; Untyped        ;
; BYTEENA_ACLR_A                     ; NONE                                                                                                                           ; Untyped        ;
; WIDTH_B                            ; 1                                                                                                                              ; Signed Integer ;
; WIDTHAD_B                          ; 1                                                                                                                              ; Signed Integer ;
; NUMWORDS_B                         ; 0                                                                                                                              ; Signed Integer ;
; INDATA_REG_B                       ; CLOCK1                                                                                                                         ; Untyped        ;
; WRCONTROL_WRADDRESS_REG_B          ; CLOCK1                                                                                                                         ; Untyped        ;
; RDCONTROL_REG_B                    ; CLOCK1                                                                                                                         ; Untyped        ;
; ADDRESS_REG_B                      ; CLOCK1                                                                                                                         ; Untyped        ;
; OUTDATA_REG_B                      ; UNREGISTERED                                                                                                                   ; Untyped        ;
; BYTEENA_REG_B                      ; CLOCK1                                                                                                                         ; Untyped        ;
; INDATA_ACLR_B                      ; NONE                                                                                                                           ; Untyped        ;
; WRCONTROL_ACLR_B                   ; NONE                                                                                                                           ; Untyped        ;
; ADDRESS_ACLR_B                     ; NONE                                                                                                                           ; Untyped        ;
; OUTDATA_ACLR_B                     ; NONE                                                                                                                           ; Untyped        ;
; RDCONTROL_ACLR_B                   ; NONE                                                                                                                           ; Untyped        ;
; BYTEENA_ACLR_B                     ; NONE                                                                                                                           ; Untyped        ;
; WIDTH_BYTEENA_A                    ; 1                                                                                                                              ; Signed Integer ;
; WIDTH_BYTEENA_B                    ; 1                                                                                                                              ; Signed Integer ;
; RAM_BLOCK_TYPE                     ; AUTO                                                                                                                           ; Untyped        ;
; BYTE_SIZE                          ; 8                                                                                                                              ; Signed Integer ;
; READ_DURING_WRITE_MODE_MIXED_PORTS ; DONT_CARE                                                                                                                      ; Untyped        ;
; READ_DURING_WRITE_MODE_PORT_A      ; NEW_DATA_NO_NBE_READ                                                                                                           ; Untyped        ;
; READ_DURING_WRITE_MODE_PORT_B      ; NEW_DATA_NO_NBE_READ                                                                                                           ; Untyped        ;
; INIT_FILE                          ; C:\Users\barmu\Documents\GitHub\Arch-Lab-\final project\MARS files\MIPS single cycle Architecture\Quartus\asm code\dmemory.hex ; Untyped        ;
; INIT_FILE_LAYOUT                   ; PORT_A                                                                                                                         ; Untyped        ;
; MAXIMUM_DEPTH                      ; 0                                                                                                                              ; Signed Integer ;
; CLOCK_ENABLE_INPUT_A               ; NORMAL                                                                                                                         ; Untyped        ;
; CLOCK_ENABLE_INPUT_B               ; NORMAL                                                                                                                         ; Untyped        ;
; CLOCK_ENABLE_OUTPUT_A              ; NORMAL                                                                                                                         ; Untyped        ;
; CLOCK_ENABLE_OUTPUT_B              ; NORMAL                                                                                                                         ; Untyped        ;
; CLOCK_ENABLE_CORE_A                ; USE_INPUT_CLKEN                                                                                                                ; Untyped        ;
; CLOCK_ENABLE_CORE_B                ; USE_INPUT_CLKEN                                                                                                                ; Untyped        ;
; ENABLE_ECC                         ; FALSE                                                                                                                          ; Untyped        ;
; ECC_PIPELINE_STAGE_ENABLED         ; FALSE                                                                                                                          ; Untyped        ;
; WIDTH_ECCSTATUS                    ; 3                                                                                                                              ; Signed Integer ;
; DEVICE_FAMILY                      ; Cyclone V                                                                                                                      ; Untyped        ;
; CBXI_PARAMETER                     ; altsyncram_0cb4                                                                                                                ; Untyped        ;
+------------------------------------+--------------------------------------------------------------------------------------------------------------------------------+----------------+
Note: In order to hide this table in the UI and the text report file, please set the "Show Parameter Settings in Synthesis Report" option in "Analysis and Synthesis Settings -> More Settings" to "Off".


+--------------------------------------------------------------------------------+
; altsyncram Parameter Settings by Entity Instance                               ;
+-------------------------------------------+------------------------------------+
; Name                                      ; Value                              ;
+-------------------------------------------+------------------------------------+
; Number of entity instances                ; 2                                  ;
; Entity Instance                           ; Ifetch:IFE|altsyncram:inst_memory  ;
;     -- OPERATION_MODE                     ; ROM                                ;
;     -- WIDTH_A                            ; 32                                 ;
;     -- NUMWORDS_A                         ; 0                                  ;
;     -- OUTDATA_REG_A                      ; UNREGISTERED                       ;
;     -- WIDTH_B                            ; 1                                  ;
;     -- NUMWORDS_B                         ; 0                                  ;
;     -- ADDRESS_REG_B                      ; CLOCK1                             ;
;     -- OUTDATA_REG_B                      ; UNREGISTERED                       ;
;     -- RAM_BLOCK_TYPE                     ; AUTO                               ;
;     -- READ_DURING_WRITE_MODE_MIXED_PORTS ; DONT_CARE                          ;
; Entity Instance                           ; dmemory:MEM|altsyncram:data_memory ;
;     -- OPERATION_MODE                     ; SINGLE_PORT                        ;
;     -- WIDTH_A                            ; 32                                 ;
;     -- NUMWORDS_A                         ; 0                                  ;
;     -- OUTDATA_REG_A                      ; UNREGISTERED                       ;
;     -- WIDTH_B                            ; 1                                  ;
;     -- NUMWORDS_B                         ; 0                                  ;
;     -- ADDRESS_REG_B                      ; CLOCK1                             ;
;     -- OUTDATA_REG_B                      ; UNREGISTERED                       ;
;     -- RAM_BLOCK_TYPE                     ; AUTO                               ;
;     -- READ_DURING_WRITE_MODE_MIXED_PORTS ; DONT_CARE                          ;
+-------------------------------------------+------------------------------------+


+-------------------------------------------------+
; Port Connectivity Checks: "dmemory:MEM"         ;
+---------------+-------+----------+--------------+
; Port          ; Type  ; Severity ; Details      ;
+---------------+-------+----------+--------------+
; address[1..0] ; Input ; Info     ; Stuck at GND ;
+---------------+-------+----------+--------------+


+-----------------------------------------------------+
; Post-Synthesis Netlist Statistics for Top Partition ;
+-----------------------+-----------------------------+
; Type                  ; Count                       ;
+-----------------------+-----------------------------+
; arriav_ff             ; 1000                        ;
;     ENA               ; 75                          ;
;     ENA SCLR          ; 912                         ;
;     SLD               ; 5                           ;
;     plain             ; 8                           ;
; arriav_lcell_comb     ; 1397                        ;
;     arith             ; 95                          ;
;         0 data inputs ; 1                           ;
;         1 data inputs ; 8                           ;
;         2 data inputs ; 22                          ;
;         5 data inputs ; 64                          ;
;     extend            ; 80                          ;
;         7 data inputs ; 80                          ;
;     normal            ; 1222                        ;
;         0 data inputs ; 1                           ;
;         2 data inputs ; 19                          ;
;         3 data inputs ; 53                          ;
;         4 data inputs ; 126                         ;
;         5 data inputs ; 137                         ;
;         6 data inputs ; 886                         ;
; arriav_mac            ; 2                           ;
; boundary_port         ; 176                         ;
; stratixv_ram_block    ; 64                          ;
;                       ;                             ;
; Max LUT depth         ; 13.00                       ;
; Average LUT depth     ; 11.63                       ;
+-----------------------+-----------------------------+


+-------------------------------+
; Elapsed Time Per Partition    ;
+----------------+--------------+
; Partition Name ; Elapsed Time ;
+----------------+--------------+
; Top            ; 00:00:07     ;
+----------------+--------------+


+-------------------------------+
; Analysis & Synthesis Messages ;
+-------------------------------+
Info: *******************************************************************
Info: Running Quartus Prime Analysis & Synthesis
    Info: Version 21.1.0 Build 842 10/21/2021 SJ Lite Edition
    Info: Processing started: Wed Aug 28 11:37:58 2024
Info: Command: quartus_map --read_settings_files=on --write_settings_files=off pre_accelerators -c pre_accelerators
Warning (18236): Number of processors has not been specified which may cause overloading on shared machines.  Set the global assignment NUM_PARALLEL_PROCESSORS in your QSF to an appropriate value for best performance.
Info (20030): Parallel compilation is enabled and will use 4 of the 4 processors detected
Info (12021): Found 2 design units, including 1 entities, in source file /users/barmu/documents/github/arch-lab-/final project/mars files/mips single cycle architecture/modelsim/dut/mips.vhd
    Info (12022): Found design unit 1: MIPS-structure File: C:/Users/barmu/Documents/GitHub/Arch-Lab-/final project/MARS files/MIPS single cycle Architecture/ModelSim/DUT/MIPS.vhd Line: 17
    Info (12023): Found entity 1: MIPS File: C:/Users/barmu/Documents/GitHub/Arch-Lab-/final project/MARS files/MIPS single cycle Architecture/ModelSim/DUT/MIPS.vhd Line: 6
Info (12021): Found 2 design units, including 1 entities, in source file /users/barmu/documents/github/arch-lab-/final project/mars files/mips single cycle architecture/modelsim/dut/ifetch.vhd
    Info (12022): Found design unit 1: Ifetch-behavior File: C:/Users/barmu/Documents/GitHub/Arch-Lab-/final project/MARS files/MIPS single cycle Architecture/ModelSim/DUT/IFETCH.VHD Line: 25
    Info (12023): Found entity 1: Ifetch File: C:/Users/barmu/Documents/GitHub/Arch-Lab-/final project/MARS files/MIPS single cycle Architecture/ModelSim/DUT/IFETCH.VHD Line: 10
Info (12021): Found 2 design units, including 1 entities, in source file /users/barmu/documents/github/arch-lab-/final project/mars files/mips single cycle architecture/modelsim/dut/idecode.vhd
    Info (12022): Found design unit 1: Idecode-behavior File: C:/Users/barmu/Documents/GitHub/Arch-Lab-/final project/MARS files/MIPS single cycle Architecture/ModelSim/DUT/IDECODE.VHD Line: 23
    Info (12023): Found entity 1: Idecode File: C:/Users/barmu/Documents/GitHub/Arch-Lab-/final project/MARS files/MIPS single cycle Architecture/ModelSim/DUT/IDECODE.VHD Line: 7
Info (12021): Found 2 design units, including 1 entities, in source file /users/barmu/documents/github/arch-lab-/final project/mars files/mips single cycle architecture/modelsim/dut/execute.vhd
    Info (12022): Found design unit 1: Execute-behavior File: C:/Users/barmu/Documents/GitHub/Arch-Lab-/final project/MARS files/MIPS single cycle Architecture/ModelSim/DUT/EXECUTE.VHD Line: 22
    Info (12023): Found entity 1: Execute File: C:/Users/barmu/Documents/GitHub/Arch-Lab-/final project/MARS files/MIPS single cycle Architecture/ModelSim/DUT/EXECUTE.VHD Line: 7
Info (12021): Found 2 design units, including 1 entities, in source file /users/barmu/documents/github/arch-lab-/final project/mars files/mips single cycle architecture/modelsim/dut/dmemory.vhd
    Info (12022): Found design unit 1: dmemory-behavior File: C:/Users/barmu/Documents/GitHub/Arch-Lab-/final project/MARS files/MIPS single cycle Architecture/ModelSim/DUT/DMEMORY.VHD Line: 19
    Info (12023): Found entity 1: dmemory File: C:/Users/barmu/Documents/GitHub/Arch-Lab-/final project/MARS files/MIPS single cycle Architecture/ModelSim/DUT/DMEMORY.VHD Line: 11
Info (12021): Found 2 design units, including 1 entities, in source file /users/barmu/documents/github/arch-lab-/final project/mars files/mips single cycle architecture/modelsim/dut/control.vhd
    Info (12022): Found design unit 1: control-behavior File: C:/Users/barmu/Documents/GitHub/Arch-Lab-/final project/MARS files/MIPS single cycle Architecture/ModelSim/DUT/CONTROL.VHD Line: 28
    Info (12023): Found entity 1: control File: C:/Users/barmu/Documents/GitHub/Arch-Lab-/final project/MARS files/MIPS single cycle Architecture/ModelSim/DUT/CONTROL.VHD Line: 9
Info (12127): Elaborating entity "MIPS" for the top level hierarchy
Info (12128): Elaborating entity "Ifetch" for hierarchy "Ifetch:IFE" File: C:/Users/barmu/Documents/GitHub/Arch-Lab-/final project/MARS files/MIPS single cycle Architecture/ModelSim/DUT/MIPS.vhd Line: 124
Info (12128): Elaborating entity "altsyncram" for hierarchy "Ifetch:IFE|altsyncram:inst_memory" File: C:/Users/barmu/Documents/GitHub/Arch-Lab-/final project/MARS files/MIPS single cycle Architecture/ModelSim/DUT/IFETCH.VHD Line: 31
Info (12130): Elaborated megafunction instantiation "Ifetch:IFE|altsyncram:inst_memory" File: C:/Users/barmu/Documents/GitHub/Arch-Lab-/final project/MARS files/MIPS single cycle Architecture/ModelSim/DUT/IFETCH.VHD Line: 31
Info (12133): Instantiated megafunction "Ifetch:IFE|altsyncram:inst_memory" with the following parameter: File: C:/Users/barmu/Documents/GitHub/Arch-Lab-/final project/MARS files/MIPS single cycle Architecture/ModelSim/DUT/IFETCH.VHD Line: 31
    Info (12134): Parameter "address_aclr_a" = "UNUSED"
    Info (12134): Parameter "address_aclr_b" = "NONE"
    Info (12134): Parameter "address_reg_b" = "CLOCK1"
    Info (12134): Parameter "byte_size" = "8"
    Info (12134): Parameter "byteena_aclr_a" = "UNUSED"
    Info (12134): Parameter "byteena_aclr_b" = "NONE"
    Info (12134): Parameter "byteena_reg_b" = "CLOCK1"
    Info (12134): Parameter "clock_enable_core_a" = "USE_INPUT_CLKEN"
    Info (12134): Parameter "clock_enable_core_b" = "USE_INPUT_CLKEN"
    Info (12134): Parameter "clock_enable_input_a" = "NORMAL"
    Info (12134): Parameter "clock_enable_input_b" = "NORMAL"
    Info (12134): Parameter "clock_enable_output_a" = "NORMAL"
    Info (12134): Parameter "clock_enable_output_b" = "NORMAL"
    Info (12134): Parameter "intended_device_family" = "Cyclone"
    Info (12134): Parameter "ecc_pipeline_stage_enabled" = "FALSE"
    Info (12134): Parameter "enable_ecc" = "FALSE"
    Info (12134): Parameter "implement_in_les" = "OFF"
    Info (12134): Parameter "indata_aclr_a" = "UNUSED"
    Info (12134): Parameter "indata_aclr_b" = "NONE"
    Info (12134): Parameter "indata_reg_b" = "CLOCK1"
    Info (12134): Parameter "init_file" = "C:\Users\barmu\Documents\GitHub\Arch-Lab-\final project\MARS files\MIPS single cycle Architecture\Quartus\asm code\program.hex"
    Info (12134): Parameter "init_file_layout" = "PORT_A"
    Info (12134): Parameter "maximum_depth" = "0"
    Info (12134): Parameter "numwords_a" = "0"
    Info (12134): Parameter "numwords_b" = "0"
    Info (12134): Parameter "operation_mode" = "ROM"
    Info (12134): Parameter "outdata_aclr_a" = "NONE"
    Info (12134): Parameter "outdata_aclr_b" = "NONE"
    Info (12134): Parameter "outdata_reg_a" = "UNREGISTERED"
    Info (12134): Parameter "outdata_reg_b" = "UNREGISTERED"
    Info (12134): Parameter "power_up_uninitialized" = "FALSE"
    Info (12134): Parameter "ram_block_type" = "AUTO"
    Info (12134): Parameter "rdcontrol_aclr_b" = "NONE"
    Info (12134): Parameter "rdcontrol_reg_b" = "CLOCK1"
    Info (12134): Parameter "read_during_write_mode_mixed_ports" = "DONT_CARE"
    Info (12134): Parameter "read_during_write_mode_port_a" = "NEW_DATA_NO_NBE_READ"
    Info (12134): Parameter "read_during_write_mode_port_b" = "NEW_DATA_NO_NBE_READ"
    Info (12134): Parameter "stratixiv_m144k_allow_dual_clocks" = "ON"
    Info (12134): Parameter "width_a" = "32"
    Info (12134): Parameter "width_b" = "1"
    Info (12134): Parameter "width_byteena_a" = "1"
    Info (12134): Parameter "width_byteena_b" = "1"
    Info (12134): Parameter "width_eccstatus" = "3"
    Info (12134): Parameter "widthad_a" = "10"
    Info (12134): Parameter "widthad_b" = "1"
    Info (12134): Parameter "wrcontrol_aclr_a" = "UNUSED"
    Info (12134): Parameter "wrcontrol_aclr_b" = "NONE"
    Info (12134): Parameter "wrcontrol_wraddress_reg_b" = "CLOCK1"
    Info (12134): Parameter "lpm_hint" = "UNUSED"
    Info (12134): Parameter "lpm_type" = "altsyncram"
Info (12021): Found 1 design units, including 1 entities, in source file db/altsyncram_d894.tdf
    Info (12023): Found entity 1: altsyncram_d894 File: C:/Users/barmu/Documents/GitHub/Arch-Lab-/final project/MARS files/MIPS single cycle Architecture/Quartus/quartus project/db/altsyncram_d894.tdf Line: 28
Info (12128): Elaborating entity "altsyncram_d894" for hierarchy "Ifetch:IFE|altsyncram:inst_memory|altsyncram_d894:auto_generated" File: d:/intel/fpga_lite/quartus/libraries/megafunctions/altsyncram.tdf Line: 792
Info (12128): Elaborating entity "Idecode" for hierarchy "Idecode:ID" File: C:/Users/barmu/Documents/GitHub/Arch-Lab-/final project/MARS files/MIPS single cycle Architecture/ModelSim/DUT/MIPS.vhd Line: 138
Info (12128): Elaborating entity "control" for hierarchy "control:CTL" File: C:/Users/barmu/Documents/GitHub/Arch-Lab-/final project/MARS files/MIPS single cycle Architecture/ModelSim/DUT/MIPS.vhd Line: 154
Info (12128): Elaborating entity "Execute" for hierarchy "Execute:EXE" File: C:/Users/barmu/Documents/GitHub/Arch-Lab-/final project/MARS files/MIPS single cycle Architecture/ModelSim/DUT/MIPS.vhd Line: 170
Info (12128): Elaborating entity "dmemory" for hierarchy "dmemory:MEM" File: C:/Users/barmu/Documents/GitHub/Arch-Lab-/final project/MARS files/MIPS single cycle Architecture/ModelSim/DUT/MIPS.vhd Line: 184
Info (12128): Elaborating entity "altsyncram" for hierarchy "dmemory:MEM|altsyncram:data_memory" File: C:/Users/barmu/Documents/GitHub/Arch-Lab-/final project/MARS files/MIPS single cycle Architecture/ModelSim/DUT/DMEMORY.VHD Line: 22
Info (12130): Elaborated megafunction instantiation "dmemory:MEM|altsyncram:data_memory" File: C:/Users/barmu/Documents/GitHub/Arch-Lab-/final project/MARS files/MIPS single cycle Architecture/ModelSim/DUT/DMEMORY.VHD Line: 22
Info (12133): Instantiated megafunction "dmemory:MEM|altsyncram:data_memory" with the following parameter: File: C:/Users/barmu/Documents/GitHub/Arch-Lab-/final project/MARS files/MIPS single cycle Architecture/ModelSim/DUT/DMEMORY.VHD Line: 22
    Info (12134): Parameter "address_aclr_a" = "UNUSED"
    Info (12134): Parameter "address_aclr_b" = "NONE"
    Info (12134): Parameter "address_reg_b" = "CLOCK1"
    Info (12134): Parameter "byte_size" = "8"
    Info (12134): Parameter "byteena_aclr_a" = "UNUSED"
    Info (12134): Parameter "byteena_aclr_b" = "NONE"
    Info (12134): Parameter "byteena_reg_b" = "CLOCK1"
    Info (12134): Parameter "clock_enable_core_a" = "USE_INPUT_CLKEN"
    Info (12134): Parameter "clock_enable_core_b" = "USE_INPUT_CLKEN"
    Info (12134): Parameter "clock_enable_input_a" = "NORMAL"
    Info (12134): Parameter "clock_enable_input_b" = "NORMAL"
    Info (12134): Parameter "clock_enable_output_a" = "NORMAL"
    Info (12134): Parameter "clock_enable_output_b" = "NORMAL"
    Info (12134): Parameter "intended_device_family" = "Cyclone"
    Info (12134): Parameter "ecc_pipeline_stage_enabled" = "FALSE"
    Info (12134): Parameter "enable_ecc" = "FALSE"
    Info (12134): Parameter "implement_in_les" = "OFF"
    Info (12134): Parameter "indata_aclr_a" = "UNUSED"
    Info (12134): Parameter "indata_aclr_b" = "NONE"
    Info (12134): Parameter "indata_reg_b" = "CLOCK1"
    Info (12134): Parameter "init_file" = "C:\Users\barmu\Documents\GitHub\Arch-Lab-\final project\MARS files\MIPS single cycle Architecture\Quartus\asm code\dmemory.hex"
    Info (12134): Parameter "init_file_layout" = "PORT_A"
    Info (12134): Parameter "maximum_depth" = "0"
    Info (12134): Parameter "numwords_a" = "0"
    Info (12134): Parameter "numwords_b" = "0"
    Info (12134): Parameter "operation_mode" = "SINGLE_PORT"
    Info (12134): Parameter "outdata_aclr_a" = "NONE"
    Info (12134): Parameter "outdata_aclr_b" = "NONE"
    Info (12134): Parameter "outdata_reg_a" = "UNREGISTERED"
    Info (12134): Parameter "outdata_reg_b" = "UNREGISTERED"
    Info (12134): Parameter "power_up_uninitialized" = "FALSE"
    Info (12134): Parameter "ram_block_type" = "AUTO"
    Info (12134): Parameter "rdcontrol_aclr_b" = "NONE"
    Info (12134): Parameter "rdcontrol_reg_b" = "CLOCK1"
    Info (12134): Parameter "read_during_write_mode_mixed_ports" = "DONT_CARE"
    Info (12134): Parameter "read_during_write_mode_port_a" = "NEW_DATA_NO_NBE_READ"
    Info (12134): Parameter "read_during_write_mode_port_b" = "NEW_DATA_NO_NBE_READ"
    Info (12134): Parameter "stratixiv_m144k_allow_dual_clocks" = "ON"
    Info (12134): Parameter "width_a" = "32"
    Info (12134): Parameter "width_b" = "1"
    Info (12134): Parameter "width_byteena_a" = "1"
    Info (12134): Parameter "width_byteena_b" = "1"
    Info (12134): Parameter "width_eccstatus" = "3"
    Info (12134): Parameter "widthad_a" = "10"
    Info (12134): Parameter "widthad_b" = "1"
    Info (12134): Parameter "wrcontrol_aclr_a" = "UNUSED"
    Info (12134): Parameter "wrcontrol_aclr_b" = "NONE"
    Info (12134): Parameter "wrcontrol_wraddress_reg_b" = "CLOCK1"
    Info (12134): Parameter "lpm_hint" = "UNUSED"
    Info (12134): Parameter "lpm_type" = "altsyncram"
Info (12021): Found 1 design units, including 1 entities, in source file db/altsyncram_0cb4.tdf
    Info (12023): Found entity 1: altsyncram_0cb4 File: C:/Users/barmu/Documents/GitHub/Arch-Lab-/final project/MARS files/MIPS single cycle Architecture/Quartus/quartus project/db/altsyncram_0cb4.tdf Line: 28
Info (12128): Elaborating entity "altsyncram_0cb4" for hierarchy "dmemory:MEM|altsyncram:data_memory|altsyncram_0cb4:auto_generated" File: d:/intel/fpga_lite/quartus/libraries/megafunctions/altsyncram.tdf Line: 792
Warning (13024): Output pins are stuck at VCC or GND
    Warning (13410): Pin "PC[0]" is stuck at GND File: C:/Users/barmu/Documents/GitHub/Arch-Lab-/final project/MARS files/MIPS single cycle Architecture/ModelSim/DUT/MIPS.vhd Line: 10
    Warning (13410): Pin "PC[1]" is stuck at GND File: C:/Users/barmu/Documents/GitHub/Arch-Lab-/final project/MARS files/MIPS single cycle Architecture/ModelSim/DUT/MIPS.vhd Line: 10
Info (286030): Timing-Driven Synthesis is running
Info (16010): Generating hard_block partition "hard_block:auto_generated_inst"
    Info (16011): Adding 0 node(s), including 0 DDIO, 0 PLL, 0 transceiver and 0 LCELL
Info (21057): Implemented 2634 device resources after synthesis - the final resource count might be different
    Info (21058): Implemented 2 input pins
    Info (21059): Implemented 174 output pins
    Info (21061): Implemented 2392 logic cells
    Info (21064): Implemented 64 RAM segments
    Info (21062): Implemented 2 DSP elements
Info: Quartus Prime Analysis & Synthesis was successful. 0 errors, 4 warnings
    Info: Peak virtual memory: 4916 megabytes
    Info: Processing ended: Wed Aug 28 11:38:16 2024
    Info: Elapsed time: 00:00:18
    Info: Total CPU time (on all processors): 00:00:32


